[0.581s] Invoking command in '/home/dhruv/bumperbot_ws/src/bumperbot_utils': PYTHONPATH=/home/dhruv/bumperbot_ws/build/bumperbot_utils/prefix_override:/home/dhruv/bumperbot_ws/install/bumperbot_utils/lib/python3.10/site-packages:${PYTHONPATH} /usr/bin/python3 -W ignore:setup.py install is deprecated setup.py egg_info --egg-base ../../build/bumperbot_utils build --build-base /home/dhruv/bumperbot_ws/build/bumperbot_utils/build install --record /home/dhruv/bumperbot_ws/build/bumperbot_utils/install.log --single-version-externally-managed install_data
[0.719s] running egg_info
[0.719s] writing ../../build/bumperbot_utils/bumperbot_utils.egg-info/PKG-INFO
[0.720s] writing dependency_links to ../../build/bumperbot_utils/bumperbot_utils.egg-info/dependency_links.txt
[0.720s] writing entry points to ../../build/bumperbot_utils/bumperbot_utils.egg-info/entry_points.txt
[0.720s] writing requirements to ../../build/bumperbot_utils/bumperbot_utils.egg-info/requires.txt
[0.720s] writing top-level names to ../../build/bumperbot_utils/bumperbot_utils.egg-info/top_level.txt
[0.721s] reading manifest file '../../build/bumperbot_utils/bumperbot_utils.egg-info/SOURCES.txt'
[0.721s] writing manifest file '../../build/bumperbot_utils/bumperbot_utils.egg-info/SOURCES.txt'
[0.721s] running build
[0.721s] running build_py
[0.721s] copying bumperbot_utils/bumperbot_trajectory.py -> /home/dhruv/bumperbot_ws/build/bumperbot_utils/build/lib/bumperbot_utils
[0.721s] running install
[0.722s] running install_lib
[0.722s] copying /home/dhruv/bumperbot_ws/build/bumperbot_utils/build/lib/bumperbot_utils/bumperbot_trajectory.py -> /home/dhruv/bumperbot_ws/install/bumperbot_utils/lib/python3.10/site-packages/bumperbot_utils
[0.722s] byte-compiling /home/dhruv/bumperbot_ws/install/bumperbot_utils/lib/python3.10/site-packages/bumperbot_utils/bumperbot_trajectory.py to bumperbot_trajectory.cpython-310.pyc
[0.723s] running install_data
[0.723s] running install_egg_info
[0.724s] removing '/home/dhruv/bumperbot_ws/install/bumperbot_utils/lib/python3.10/site-packages/bumperbot_utils-0.0.0-py3.10.egg-info' (and everything under it)
[0.724s] Copying ../../build/bumperbot_utils/bumperbot_utils.egg-info to /home/dhruv/bumperbot_ws/install/bumperbot_utils/lib/python3.10/site-packages/bumperbot_utils-0.0.0-py3.10.egg-info
[0.725s] running install_scripts
[0.738s] Installing bumperbot_trajectory script to /home/dhruv/bumperbot_ws/install/bumperbot_utils/lib/bumperbot_utils
[0.738s] writing list of installed files to '/home/dhruv/bumperbot_ws/build/bumperbot_utils/install.log'
[0.753s] Invoked command in '/home/dhruv/bumperbot_ws/src/bumperbot_utils' returned '0': PYTHONPATH=/home/dhruv/bumperbot_ws/build/bumperbot_utils/prefix_override:/home/dhruv/bumperbot_ws/install/bumperbot_utils/lib/python3.10/site-packages:${PYTHONPATH} /usr/bin/python3 -W ignore:setup.py install is deprecated setup.py egg_info --egg-base ../../build/bumperbot_utils build --build-base /home/dhruv/bumperbot_ws/build/bumperbot_utils/build install --record /home/dhruv/bumperbot_ws/build/bumperbot_utils/install.log --single-version-externally-managed install_data
