[0.009s] Invoking command in '/home/dhruv/bumperbot_ws/build/bumperbot_description': CMAKE_PREFIX_PATH=${CMAKE_PREFIX_PATH}:/home/dhruv/bumperbot_ws/install/bumperbot_py_examples:/home/dhruv/ros2_ws/install/new_pkg:/opt/ros/humble /usr/bin/cmake /home/dhruv/bumperbot_ws/src/bumperbot_description -DCMAKE_INSTALL_PREFIX=/home/dhruv/bumperbot_ws/install/bumperbot_description
[0.040s] -- The C compiler identification is GNU 11.4.0
[0.072s] -- The CXX compiler identification is GNU 11.4.0
[0.076s] -- Detecting C compiler ABI info
[0.115s] -- Detecting C compiler ABI info - done
[0.120s] -- Check for working C compiler: /usr/bin/cc - skipped
[0.120s] -- Detecting C compile features
[0.120s] -- Detecting C compile features - done
[0.122s] -- Detecting CXX compiler ABI info
[0.168s] -- Detecting CXX compiler ABI info - done
[0.173s] -- Check for working CXX compiler: /usr/bin/c++ - skipped
[0.173s] -- Detecting CXX compile features
[0.173s] -- Detecting CXX compile features - done
[0.174s] -- Found ament_cmake: 1.3.8 (/opt/ros/humble/share/ament_cmake/cmake)
[0.268s] -- Found Python3: /usr/bin/python3 (found version "3.10.12") found components: Interpreter 
[0.318s] -- Found ament_lint_auto: 0.12.10 (/opt/ros/humble/share/ament_lint_auto/cmake)
[0.364s] -- Added test 'lint_cmake' to check CMake code style
[0.364s] -- Added test 'xmllint' to check XML markup files
[0.365s] -- Configuring done
[0.366s] -- Generating done
[0.367s] -- Build files have been written to: /home/dhruv/bumperbot_ws/build/bumperbot_description
[0.370s] Invoked command in '/home/dhruv/bumperbot_ws/build/bumperbot_description' returned '0': CMAKE_PREFIX_PATH=${CMAKE_PREFIX_PATH}:/home/dhruv/bumperbot_ws/install/bumperbot_py_examples:/home/dhruv/ros2_ws/install/new_pkg:/opt/ros/humble /usr/bin/cmake /home/dhruv/bumperbot_ws/src/bumperbot_description -DCMAKE_INSTALL_PREFIX=/home/dhruv/bumperbot_ws/install/bumperbot_description
[0.371s] Invoking command in '/home/dhruv/bumperbot_ws/build/bumperbot_description': CMAKE_PREFIX_PATH=${CMAKE_PREFIX_PATH}:/home/dhruv/bumperbot_ws/install/bumperbot_py_examples:/home/dhruv/ros2_ws/install/new_pkg:/opt/ros/humble /usr/bin/cmake --build /home/dhruv/bumperbot_ws/build/bumperbot_description -- -j16 -l16
[0.392s] Invoked command in '/home/dhruv/bumperbot_ws/build/bumperbot_description' returned '0': CMAKE_PREFIX_PATH=${CMAKE_PREFIX_PATH}:/home/dhruv/bumperbot_ws/install/bumperbot_py_examples:/home/dhruv/ros2_ws/install/new_pkg:/opt/ros/humble /usr/bin/cmake --build /home/dhruv/bumperbot_ws/build/bumperbot_description -- -j16 -l16
[0.405s] Invoking command in '/home/dhruv/bumperbot_ws/build/bumperbot_description': CMAKE_PREFIX_PATH=${CMAKE_PREFIX_PATH}:/home/dhruv/bumperbot_ws/install/bumperbot_py_examples:/home/dhruv/ros2_ws/install/new_pkg:/opt/ros/humble /usr/bin/cmake --install /home/dhruv/bumperbot_ws/build/bumperbot_description
[0.409s] -- Install configuration: ""
[0.409s] -- Installing: /home/dhruv/bumperbot_ws/install/bumperbot_description/share/ament_index/resource_index/package_run_dependencies/bumperbot_description
[0.409s] -- Installing: /home/dhruv/bumperbot_ws/install/bumperbot_description/share/ament_index/resource_index/parent_prefix_path/bumperbot_description
[0.409s] -- Installing: /home/dhruv/bumperbot_ws/install/bumperbot_description/share/bumperbot_description/environment/ament_prefix_path.sh
[0.409s] -- Installing: /home/dhruv/bumperbot_ws/install/bumperbot_description/share/bumperbot_description/environment/ament_prefix_path.dsv
[0.409s] -- Installing: /home/dhruv/bumperbot_ws/install/bumperbot_description/share/bumperbot_description/environment/path.sh
[0.409s] -- Installing: /home/dhruv/bumperbot_ws/install/bumperbot_description/share/bumperbot_description/environment/path.dsv
[0.409s] -- Installing: /home/dhruv/bumperbot_ws/install/bumperbot_description/share/bumperbot_description/local_setup.bash
[0.409s] -- Installing: /home/dhruv/bumperbot_ws/install/bumperbot_description/share/bumperbot_description/local_setup.sh
[0.409s] -- Installing: /home/dhruv/bumperbot_ws/install/bumperbot_description/share/bumperbot_description/local_setup.zsh
[0.409s] -- Installing: /home/dhruv/bumperbot_ws/install/bumperbot_description/share/bumperbot_description/local_setup.dsv
[0.410s] -- Installing: /home/dhruv/bumperbot_ws/install/bumperbot_description/share/bumperbot_description/package.dsv
[0.410s] -- Installing: /home/dhruv/bumperbot_ws/install/bumperbot_description/share/ament_index/resource_index/packages/bumperbot_description
[0.410s] -- Installing: /home/dhruv/bumperbot_ws/install/bumperbot_description/share/bumperbot_description/cmake/bumperbot_descriptionConfig.cmake
[0.410s] -- Installing: /home/dhruv/bumperbot_ws/install/bumperbot_description/share/bumperbot_description/cmake/bumperbot_descriptionConfig-version.cmake
[0.410s] -- Installing: /home/dhruv/bumperbot_ws/install/bumperbot_description/share/bumperbot_description/package.xml
[0.411s] Invoked command in '/home/dhruv/bumperbot_ws/build/bumperbot_description' returned '0': CMAKE_PREFIX_PATH=${CMAKE_PREFIX_PATH}:/home/dhruv/bumperbot_ws/install/bumperbot_py_examples:/home/dhruv/ros2_ws/install/new_pkg:/opt/ros/humble /usr/bin/cmake --install /home/dhruv/bumperbot_ws/build/bumperbot_description
