[0.029s] Invoking command in '/home/dhruv/bumperbot_ws/build/bumperbot_controller': CMAKE_PREFIX_PATH=${CMAKE_PREFIX_PATH}:/home/dhruv/bumperbot_ws/install/bumperbot_py_examples:/home/dhruv/ros2_ws/install/new_pkg:/opt/ros/humble /usr/bin/cmake --build /home/dhruv/bumperbot_ws/build/bumperbot_controller -- -j16 -l16
[0.083s] [100%] Built target simple_controller
[0.086s] [100%] Built target ament_cmake_python_copy_bumperbot_controller
[0.319s] running egg_info
[0.320s] writing bumperbot_controller.egg-info/PKG-INFO
[0.320s] writing dependency_links to bumperbot_controller.egg-info/dependency_links.txt
[0.320s] writing top-level names to bumperbot_controller.egg-info/top_level.txt
[0.323s] reading manifest file 'bumperbot_controller.egg-info/SOURCES.txt'
[0.323s] writing manifest file 'bumperbot_controller.egg-info/SOURCES.txt'
[0.354s] [100%] Built target ament_cmake_python_build_bumperbot_controller_egg
[0.369s] Invoked command in '/home/dhruv/bumperbot_ws/build/bumperbot_controller' returned '0': CMAKE_PREFIX_PATH=${CMAKE_PREFIX_PATH}:/home/dhruv/bumperbot_ws/install/bumperbot_py_examples:/home/dhruv/ros2_ws/install/new_pkg:/opt/ros/humble /usr/bin/cmake --build /home/dhruv/bumperbot_ws/build/bumperbot_controller -- -j16 -l16
[0.398s] Invoking command in '/home/dhruv/bumperbot_ws/build/bumperbot_controller': CMAKE_PREFIX_PATH=${CMAKE_PREFIX_PATH}:/home/dhruv/bumperbot_ws/install/bumperbot_py_examples:/home/dhruv/ros2_ws/install/new_pkg:/opt/ros/humble /usr/bin/cmake --install /home/dhruv/bumperbot_ws/build/bumperbot_controller
[0.407s] -- Install configuration: ""
[0.407s] -- Up-to-date: /home/dhruv/bumperbot_ws/install/bumperbot_controller/share/bumperbot_controller/environment/pythonpath.sh
[0.408s] -- Up-to-date: /home/dhruv/bumperbot_ws/install/bumperbot_controller/share/bumperbot_controller/environment/pythonpath.dsv
[0.408s] -- Up-to-date: /home/dhruv/bumperbot_ws/install/bumperbot_controller/local/lib/python3.10/dist-packages/bumperbot_controller-0.0.0-py3.10.egg-info
[0.408s] -- Installing: /home/dhruv/bumperbot_ws/install/bumperbot_controller/local/lib/python3.10/dist-packages/bumperbot_controller-0.0.0-py3.10.egg-info/top_level.txt
[0.408s] -- Installing: /home/dhruv/bumperbot_ws/install/bumperbot_controller/local/lib/python3.10/dist-packages/bumperbot_controller-0.0.0-py3.10.egg-info/SOURCES.txt
[0.408s] -- Installing: /home/dhruv/bumperbot_ws/install/bumperbot_controller/local/lib/python3.10/dist-packages/bumperbot_controller-0.0.0-py3.10.egg-info/dependency_links.txt
[0.408s] -- Installing: /home/dhruv/bumperbot_ws/install/bumperbot_controller/local/lib/python3.10/dist-packages/bumperbot_controller-0.0.0-py3.10.egg-info/PKG-INFO
[0.410s] -- Up-to-date: /home/dhruv/bumperbot_ws/install/bumperbot_controller/local/lib/python3.10/dist-packages/bumperbot_controller
[0.410s] -- Installing: /home/dhruv/bumperbot_ws/install/bumperbot_controller/local/lib/python3.10/dist-packages/bumperbot_controller/simple_controller.py
[0.411s] -- Up-to-date: /home/dhruv/bumperbot_ws/install/bumperbot_controller/local/lib/python3.10/dist-packages/bumperbot_controller/__init__.py
[0.450s] Listing '/home/dhruv/bumperbot_ws/install/bumperbot_controller/local/lib/python3.10/dist-packages/bumperbot_controller'...
[0.450s] Compiling '/home/dhruv/bumperbot_ws/install/bumperbot_controller/local/lib/python3.10/dist-packages/bumperbot_controller/simple_controller.py'...
[0.456s] -- Up-to-date: /home/dhruv/bumperbot_ws/install/bumperbot_controller/include/include
[0.456s] -- Up-to-date: /home/dhruv/bumperbot_ws/install/bumperbot_controller/include/include/bumperbot_controller
[0.456s] -- Up-to-date: /home/dhruv/bumperbot_ws/install/bumperbot_controller/include/include/bumperbot_controller/simple_controller.hpp
[0.456s] -- Up-to-date: /home/dhruv/bumperbot_ws/install/bumperbot_controller/lib/bumperbot_controller/simple_controller
[0.456s] -- Up-to-date: /home/dhruv/bumperbot_ws/install/bumperbot_controller/share/bumperbot_controller/launch
[0.456s] -- Up-to-date: /home/dhruv/bumperbot_ws/install/bumperbot_controller/share/bumperbot_controller/launch/controller.launch.py
[0.457s] -- Up-to-date: /home/dhruv/bumperbot_ws/install/bumperbot_controller/share/bumperbot_controller/launch/joystick_teleop.launch.py
[0.457s] -- Up-to-date: /home/dhruv/bumperbot_ws/install/bumperbot_controller/share/bumperbot_controller/config
[0.457s] -- Up-to-date: /home/dhruv/bumperbot_ws/install/bumperbot_controller/share/bumperbot_controller/config/joy_config.yaml
[0.457s] -- Up-to-date: /home/dhruv/bumperbot_ws/install/bumperbot_controller/share/bumperbot_controller/config/bumperbot_controllers.yaml
[0.457s] -- Up-to-date: /home/dhruv/bumperbot_ws/install/bumperbot_controller/share/bumperbot_controller/config/joy_teleop.yaml
[0.458s] -- Installing: /home/dhruv/bumperbot_ws/install/bumperbot_controller/lib/bumperbot_controller/simple_controller.py
[0.458s] -- Up-to-date: /home/dhruv/bumperbot_ws/install/bumperbot_controller/share/ament_index/resource_index/package_run_dependencies/bumperbot_controller
[0.458s] -- Up-to-date: /home/dhruv/bumperbot_ws/install/bumperbot_controller/share/ament_index/resource_index/parent_prefix_path/bumperbot_controller
[0.458s] -- Up-to-date: /home/dhruv/bumperbot_ws/install/bumperbot_controller/share/bumperbot_controller/environment/ament_prefix_path.sh
[0.458s] -- Up-to-date: /home/dhruv/bumperbot_ws/install/bumperbot_controller/share/bumperbot_controller/environment/ament_prefix_path.dsv
[0.458s] -- Up-to-date: /home/dhruv/bumperbot_ws/install/bumperbot_controller/share/bumperbot_controller/environment/path.sh
[0.458s] -- Up-to-date: /home/dhruv/bumperbot_ws/install/bumperbot_controller/share/bumperbot_controller/environment/path.dsv
[0.458s] -- Up-to-date: /home/dhruv/bumperbot_ws/install/bumperbot_controller/share/bumperbot_controller/local_setup.bash
[0.458s] -- Up-to-date: /home/dhruv/bumperbot_ws/install/bumperbot_controller/share/bumperbot_controller/local_setup.sh
[0.458s] -- Up-to-date: /home/dhruv/bumperbot_ws/install/bumperbot_controller/share/bumperbot_controller/local_setup.zsh
[0.458s] -- Up-to-date: /home/dhruv/bumperbot_ws/install/bumperbot_controller/share/bumperbot_controller/local_setup.dsv
[0.458s] -- Installing: /home/dhruv/bumperbot_ws/install/bumperbot_controller/share/bumperbot_controller/package.dsv
[0.458s] -- Up-to-date: /home/dhruv/bumperbot_ws/install/bumperbot_controller/share/ament_index/resource_index/packages/bumperbot_controller
[0.458s] -- Up-to-date: /home/dhruv/bumperbot_ws/install/bumperbot_controller/share/bumperbot_controller/cmake/bumperbot_controllerConfig.cmake
[0.458s] -- Up-to-date: /home/dhruv/bumperbot_ws/install/bumperbot_controller/share/bumperbot_controller/cmake/bumperbot_controllerConfig-version.cmake
[0.458s] -- Up-to-date: /home/dhruv/bumperbot_ws/install/bumperbot_controller/share/bumperbot_controller/package.xml
[0.461s] Invoked command in '/home/dhruv/bumperbot_ws/build/bumperbot_controller' returned '0': CMAKE_PREFIX_PATH=${CMAKE_PREFIX_PATH}:/home/dhruv/bumperbot_ws/install/bumperbot_py_examples:/home/dhruv/ros2_ws/install/new_pkg:/opt/ros/humble /usr/bin/cmake --install /home/dhruv/bumperbot_ws/build/bumperbot_controller
