[0.015s] Invoking command in '/home/dhruv/bumperbot_ws/build/bumperbot_controller': CMAKE_PREFIX_PATH=${CMAKE_PREFIX_PATH}:/home/dhruv/bumperbot_ws/install/bumperbot_py_examples:/home/dhruv/ros2_ws/install/new_pkg:/opt/ros/humble /usr/bin/cmake --build /home/dhruv/bumperbot_ws/build/bumperbot_controller -- -j16 -l16
[0.165s] -- Found ament_cmake: 1.3.8 (/opt/ros/humble/share/ament_cmake/cmake)
[0.165s] -- Found rclpy: 3.3.12 (/opt/ros/humble/share/rclpy/cmake)
[0.165s] -- Found std_msgs: 4.2.3 (/opt/ros/humble/share/std_msgs/cmake)
[0.165s] -- Found rosidl_generator_c: 3.1.5 (/opt/ros/humble/share/rosidl_generator_c/cmake)
[0.166s] -- Found rosidl_adapter: 3.1.5 (/opt/ros/humble/share/rosidl_adapter/cmake)
[0.166s] -- Found rosidl_generator_cpp: 3.1.5 (/opt/ros/humble/share/rosidl_generator_cpp/cmake)
[0.166s] -- Using all available rosidl_typesupport_c: rosidl_typesupport_fastrtps_c;rosidl_typesupport_introspection_c
[0.166s] -- Using all available rosidl_typesupport_cpp: rosidl_typesupport_fastrtps_cpp;rosidl_typesupport_introspection_cpp
[0.197s] -- Found geometry_msgs: 4.2.3 (/opt/ros/humble/share/geometry_msgs/cmake)
[0.313s] -- Configuring done
[0.315s] -- Generating done
[0.316s] -- Build files have been written to: /home/dhruv/bumperbot_ws/build/bumperbot_controller
[0.339s] Built target ament_cmake_python_copy_bumperbot_controller
[0.467s] running egg_info
[0.468s] creating bumperbot_controller.egg-info
[0.468s] writing bumperbot_controller.egg-info/PKG-INFO
[0.468s] writing dependency_links to bumperbot_controller.egg-info/dependency_links.txt
[0.468s] writing top-level names to bumperbot_controller.egg-info/top_level.txt
[0.468s] writing manifest file 'bumperbot_controller.egg-info/SOURCES.txt'
[0.469s] reading manifest file 'bumperbot_controller.egg-info/SOURCES.txt'
[0.469s] writing manifest file 'bumperbot_controller.egg-info/SOURCES.txt'
[0.484s] Built target ament_cmake_python_build_bumperbot_controller_egg
[0.491s] Invoked command in '/home/dhruv/bumperbot_ws/build/bumperbot_controller' returned '0': CMAKE_PREFIX_PATH=${CMAKE_PREFIX_PATH}:/home/dhruv/bumperbot_ws/install/bumperbot_py_examples:/home/dhruv/ros2_ws/install/new_pkg:/opt/ros/humble /usr/bin/cmake --build /home/dhruv/bumperbot_ws/build/bumperbot_controller -- -j16 -l16
[0.505s] Invoking command in '/home/dhruv/bumperbot_ws/build/bumperbot_controller': CMAKE_PREFIX_PATH=${CMAKE_PREFIX_PATH}:/home/dhruv/bumperbot_ws/install/bumperbot_py_examples:/home/dhruv/ros2_ws/install/new_pkg:/opt/ros/humble /usr/bin/cmake --install /home/dhruv/bumperbot_ws/build/bumperbot_controller
[0.510s] -- Install configuration: ""
[0.511s] -- Installing: /home/dhruv/bumperbot_ws/install/bumperbot_controller/share/bumperbot_controller/environment/pythonpath.sh
[0.511s] -- Installing: /home/dhruv/bumperbot_ws/install/bumperbot_controller/share/bumperbot_controller/environment/pythonpath.dsv
[0.511s] -- Installing: /home/dhruv/bumperbot_ws/install/bumperbot_controller/local/lib/python3.10/dist-packages/bumperbot_controller-0.0.0-py3.10.egg-info
[0.511s] -- Installing: /home/dhruv/bumperbot_ws/install/bumperbot_controller/local/lib/python3.10/dist-packages/bumperbot_controller-0.0.0-py3.10.egg-info/top_level.txt
[0.511s] -- Installing: /home/dhruv/bumperbot_ws/install/bumperbot_controller/local/lib/python3.10/dist-packages/bumperbot_controller-0.0.0-py3.10.egg-info/SOURCES.txt
[0.511s] -- Installing: /home/dhruv/bumperbot_ws/install/bumperbot_controller/local/lib/python3.10/dist-packages/bumperbot_controller-0.0.0-py3.10.egg-info/dependency_links.txt
[0.511s] -- Installing: /home/dhruv/bumperbot_ws/install/bumperbot_controller/local/lib/python3.10/dist-packages/bumperbot_controller-0.0.0-py3.10.egg-info/PKG-INFO
[0.511s] -- Installing: /home/dhruv/bumperbot_ws/install/bumperbot_controller/local/lib/python3.10/dist-packages/bumperbot_controller
[0.511s] -- Installing: /home/dhruv/bumperbot_ws/install/bumperbot_controller/local/lib/python3.10/dist-packages/bumperbot_controller/simple_controller.py
[0.511s] -- Installing: /home/dhruv/bumperbot_ws/install/bumperbot_controller/local/lib/python3.10/dist-packages/bumperbot_controller/__init__.py
[0.531s] Listing '/home/dhruv/bumperbot_ws/install/bumperbot_controller/local/lib/python3.10/dist-packages/bumperbot_controller'...
[0.531s] Compiling '/home/dhruv/bumperbot_ws/install/bumperbot_controller/local/lib/python3.10/dist-packages/bumperbot_controller/__init__.py'...
[0.531s] Compiling '/home/dhruv/bumperbot_ws/install/bumperbot_controller/local/lib/python3.10/dist-packages/bumperbot_controller/simple_controller.py'...
[0.534s] -- Up-to-date: /home/dhruv/bumperbot_ws/install/bumperbot_controller/share/bumperbot_controller/launch
[0.534s] -- Up-to-date: /home/dhruv/bumperbot_ws/install/bumperbot_controller/share/bumperbot_controller/launch/controller.launch.py
[0.534s] -- Up-to-date: /home/dhruv/bumperbot_ws/install/bumperbot_controller/share/bumperbot_controller/config
[0.534s] -- Up-to-date: /home/dhruv/bumperbot_ws/install/bumperbot_controller/share/bumperbot_controller/config/bumperbot_controllers.yaml
[0.534s] -- Installing: /home/dhruv/bumperbot_ws/install/bumperbot_controller/lib/bumperbot_controller/simple_controller.py
[0.534s] -- Installing: /home/dhruv/bumperbot_ws/install/bumperbot_controller/share/ament_index/resource_index/package_run_dependencies/bumperbot_controller
[0.534s] -- Installing: /home/dhruv/bumperbot_ws/install/bumperbot_controller/share/ament_index/resource_index/parent_prefix_path/bumperbot_controller
[0.534s] -- Up-to-date: /home/dhruv/bumperbot_ws/install/bumperbot_controller/share/bumperbot_controller/environment/ament_prefix_path.sh
[0.534s] -- Installing: /home/dhruv/bumperbot_ws/install/bumperbot_controller/share/bumperbot_controller/environment/ament_prefix_path.dsv
[0.534s] -- Up-to-date: /home/dhruv/bumperbot_ws/install/bumperbot_controller/share/bumperbot_controller/environment/path.sh
[0.534s] -- Installing: /home/dhruv/bumperbot_ws/install/bumperbot_controller/share/bumperbot_controller/environment/path.dsv
[0.534s] -- Up-to-date: /home/dhruv/bumperbot_ws/install/bumperbot_controller/share/bumperbot_controller/local_setup.bash
[0.534s] -- Installing: /home/dhruv/bumperbot_ws/install/bumperbot_controller/share/bumperbot_controller/local_setup.sh
[0.534s] -- Up-to-date: /home/dhruv/bumperbot_ws/install/bumperbot_controller/share/bumperbot_controller/local_setup.zsh
[0.534s] -- Installing: /home/dhruv/bumperbot_ws/install/bumperbot_controller/share/bumperbot_controller/local_setup.dsv
[0.534s] -- Installing: /home/dhruv/bumperbot_ws/install/bumperbot_controller/share/bumperbot_controller/package.dsv
[0.534s] -- Up-to-date: /home/dhruv/bumperbot_ws/install/bumperbot_controller/share/ament_index/resource_index/packages/bumperbot_controller
[0.534s] -- Up-to-date: /home/dhruv/bumperbot_ws/install/bumperbot_controller/share/bumperbot_controller/cmake/bumperbot_controllerConfig.cmake
[0.534s] -- Up-to-date: /home/dhruv/bumperbot_ws/install/bumperbot_controller/share/bumperbot_controller/cmake/bumperbot_controllerConfig-version.cmake
[0.534s] -- Installing: /home/dhruv/bumperbot_ws/install/bumperbot_controller/share/bumperbot_controller/package.xml
[0.536s] Invoked command in '/home/dhruv/bumperbot_ws/build/bumperbot_controller' returned '0': CMAKE_PREFIX_PATH=${CMAKE_PREFIX_PATH}:/home/dhruv/bumperbot_ws/install/bumperbot_py_examples:/home/dhruv/ros2_ws/install/new_pkg:/opt/ros/humble /usr/bin/cmake --install /home/dhruv/bumperbot_ws/build/bumperbot_controller
