[0.030s] Invoking command in '/home/dhruv/bumperbot_ws/build/bumperbot_msgs': CMAKE_PREFIX_PATH=${CMAKE_PREFIX_PATH}:/home/dhruv/bumperbot_ws/install/bumperbot_py_examples:/home/dhruv/ros2_ws/install/new_pkg:/opt/ros/humble /usr/bin/cmake --build /home/dhruv/bumperbot_ws/build/bumperbot_msgs -- -j16 -l16
[0.041s] [33mCMake Warning (dev) at CMakeLists.txt:13:
[0.041s]   Syntax Warning in cmake code at column 23
[0.041s] 
[0.041s]   Argument not separated from preceding token by whitespace.
[0.041s] This warning is for project developers.  Use -Wno-dev to suppress it.
[0.041s] [0m
[0.044s] -- Found ament_cmake: 1.3.8 (/opt/ros/humble/share/ament_cmake/cmake)
[0.128s] -- Found std_msgs: 4.2.3 (/opt/ros/humble/share/std_msgs/cmake)
[0.143s] -- Found rosidl_generator_c: 3.1.5 (/opt/ros/humble/share/rosidl_generator_c/cmake)
[0.144s] -- Found rosidl_adapter: 3.1.5 (/opt/ros/humble/share/rosidl_adapter/cmake)
[0.147s] -- Found rosidl_generator_cpp: 3.1.5 (/opt/ros/humble/share/rosidl_generator_cpp/cmake)
[0.154s] -- Using all available rosidl_typesupport_c: rosidl_typesupport_fastrtps_c;rosidl_typesupport_introspection_c
[0.163s] -- Using all available rosidl_typesupport_cpp: rosidl_typesupport_fastrtps_cpp;rosidl_typesupport_introspection_cpp
[0.196s] -- Found rosidl_default_generators: 1.2.0 (/opt/ros/humble/share/rosidl_default_generators/cmake)
[0.200s] [31mCMake Error at /opt/ros/humble/share/rosidl_cmake/cmake/rosidl_generate_interfaces.cmake:93 (message):
[0.200s]   rosidl_generate_interfaces() the passed file ',' doesn't exist relative to
[0.200s]   the CMAKE_CURRENT_SOURCE_DIR '/home/dhruv/bumperbot_ws/src/bumperbot_msgs'
[0.200s] Call Stack (most recent call first):
[0.201s]   CMakeLists.txt:12 (rosidl_generate_interfaces)
[0.201s] 
[0.201s] [0m
[0.201s] -- Configuring incomplete, errors occurred!
[0.201s] See also "/home/dhruv/bumperbot_ws/build/bumperbot_msgs/CMakeFiles/CMakeOutput.log".
[0.203s] gmake: *** [Makefile:747: cmake_check_build_system] Error 1
[0.208s] Invoked command in '/home/dhruv/bumperbot_ws/build/bumperbot_msgs' returned '2': CMAKE_PREFIX_PATH=${CMAKE_PREFIX_PATH}:/home/dhruv/bumperbot_ws/install/bumperbot_py_examples:/home/dhruv/ros2_ws/install/new_pkg:/opt/ros/humble /usr/bin/cmake --build /home/dhruv/bumperbot_ws/build/bumperbot_msgs -- -j16 -l16
