[0.390s] Invoking command in '/home/dhruv/bumperbot_ws/src/bumperbot_py_examples': PYTHONPATH=/home/dhruv/bumperbot_ws/build/bumperbot_py_examples/prefix_override:/home/dhruv/bumperbot_ws/install/bumperbot_py_examples/lib/python3.10/site-packages:${PYTHONPATH} /usr/bin/python3 -W ignore:setup.py install is deprecated setup.py egg_info --egg-base ../../build/bumperbot_py_examples build --build-base /home/dhruv/bumperbot_ws/build/bumperbot_py_examples/build install --record /home/dhruv/bumperbot_ws/build/bumperbot_py_examples/install.log --single-version-externally-managed install_data
[0.513s] running egg_info
[0.514s] creating ../../build/bumperbot_py_examples/bumperbot_py_examples.egg-info
[0.514s] writing ../../build/bumperbot_py_examples/bumperbot_py_examples.egg-info/PKG-INFO
[0.514s] writing dependency_links to ../../build/bumperbot_py_examples/bumperbot_py_examples.egg-info/dependency_links.txt
[0.514s] writing entry points to ../../build/bumperbot_py_examples/bumperbot_py_examples.egg-info/entry_points.txt
[0.514s] writing requirements to ../../build/bumperbot_py_examples/bumperbot_py_examples.egg-info/requires.txt
[0.514s] writing top-level names to ../../build/bumperbot_py_examples/bumperbot_py_examples.egg-info/top_level.txt
[0.514s] writing manifest file '../../build/bumperbot_py_examples/bumperbot_py_examples.egg-info/SOURCES.txt'
[0.515s] reading manifest file '../../build/bumperbot_py_examples/bumperbot_py_examples.egg-info/SOURCES.txt'
[0.515s] writing manifest file '../../build/bumperbot_py_examples/bumperbot_py_examples.egg-info/SOURCES.txt'
[0.515s] running build
[0.516s] running build_py
[0.516s] creating /home/dhruv/bumperbot_ws/build/bumperbot_py_examples/build
[0.516s] creating /home/dhruv/bumperbot_ws/build/bumperbot_py_examples/build/lib
[0.516s] creating /home/dhruv/bumperbot_ws/build/bumperbot_py_examples/build/lib/bumperbot_py_examples
[0.516s] copying bumperbot_py_examples/__init__.py -> /home/dhruv/bumperbot_ws/build/bumperbot_py_examples/build/lib/bumperbot_py_examples
[0.516s] running install
[0.516s] running install_lib
[0.516s] creating /home/dhruv/bumperbot_ws/install/bumperbot_py_examples/lib/python3.10/site-packages/bumperbot_py_examples
[0.516s] copying /home/dhruv/bumperbot_ws/build/bumperbot_py_examples/build/lib/bumperbot_py_examples/__init__.py -> /home/dhruv/bumperbot_ws/install/bumperbot_py_examples/lib/python3.10/site-packages/bumperbot_py_examples
[0.517s] byte-compiling /home/dhruv/bumperbot_ws/install/bumperbot_py_examples/lib/python3.10/site-packages/bumperbot_py_examples/__init__.py to __init__.cpython-310.pyc
[0.517s] running install_data
[0.517s] creating /home/dhruv/bumperbot_ws/install/bumperbot_py_examples/share/ament_index
[0.517s] creating /home/dhruv/bumperbot_ws/install/bumperbot_py_examples/share/ament_index/resource_index
[0.517s] creating /home/dhruv/bumperbot_ws/install/bumperbot_py_examples/share/ament_index/resource_index/packages
[0.517s] copying resource/bumperbot_py_examples -> /home/dhruv/bumperbot_ws/install/bumperbot_py_examples/share/ament_index/resource_index/packages
[0.517s] copying package.xml -> /home/dhruv/bumperbot_ws/install/bumperbot_py_examples/share/bumperbot_py_examples
[0.517s] running install_egg_info
[0.518s] Copying ../../build/bumperbot_py_examples/bumperbot_py_examples.egg-info to /home/dhruv/bumperbot_ws/install/bumperbot_py_examples/lib/python3.10/site-packages/bumperbot_py_examples-0.0.0-py3.10.egg-info
[0.518s] running install_scripts
[0.530s] writing list of installed files to '/home/dhruv/bumperbot_ws/build/bumperbot_py_examples/install.log'
[0.544s] Invoked command in '/home/dhruv/bumperbot_ws/src/bumperbot_py_examples' returned '0': PYTHONPATH=/home/dhruv/bumperbot_ws/build/bumperbot_py_examples/prefix_override:/home/dhruv/bumperbot_ws/install/bumperbot_py_examples/lib/python3.10/site-packages:${PYTHONPATH} /usr/bin/python3 -W ignore:setup.py install is deprecated setup.py egg_info --egg-base ../../build/bumperbot_py_examples build --build-base /home/dhruv/bumperbot_ws/build/bumperbot_py_examples/build install --record /home/dhruv/bumperbot_ws/build/bumperbot_py_examples/install.log --single-version-externally-managed install_data
