[0.024s] Invoking command in '/home/dhruv/bumperbot_ws/build/bumperbot_controller': CMAKE_PREFIX_PATH=${CMAKE_PREFIX_PATH}:/home/dhruv/bumperbot_ws/install/bumperbot_py_examples:/home/dhruv/ros2_ws/install/new_pkg:/opt/ros/humble /usr/bin/cmake --build /home/dhruv/bumperbot_ws/build/bumperbot_controller -- -j16 -l16
[0.189s] -- Found ament_cmake: 1.3.8 (/opt/ros/humble/share/ament_cmake/cmake)
[0.189s] -- Found rclcpp: 16.0.8 (/opt/ros/humble/share/rclcpp/cmake)
[0.189s] -- Found rosidl_generator_c: 3.1.5 (/opt/ros/humble/share/rosidl_generator_c/cmake)
[0.189s] -- Found rosidl_adapter: 3.1.5 (/opt/ros/humble/share/rosidl_adapter/cmake)
[0.195s] -- Found rosidl_generator_cpp: 3.1.5 (/opt/ros/humble/share/rosidl_generator_cpp/cmake)
[0.204s] -- Using all available rosidl_typesupport_c: rosidl_typesupport_fastrtps_c;rosidl_typesupport_introspection_c
[0.216s] -- Using all available rosidl_typesupport_cpp: rosidl_typesupport_fastrtps_cpp;rosidl_typesupport_introspection_cpp
[0.258s] -- Found rmw_implementation_cmake: 6.1.1 (/opt/ros/humble/share/rmw_implementation_cmake/cmake)
[0.260s] -- Found rmw_cyclonedds_cpp: 1.3.4 (/opt/ros/humble/share/rmw_cyclonedds_cpp/cmake)
[0.282s] -- Using RMW implementation 'rmw_cyclonedds_cpp' as default
[0.393s] -- Found rclpy: 3.3.12 (/opt/ros/humble/share/rclpy/cmake)
[0.393s] -- Found geometry_msgs: 4.2.3 (/opt/ros/humble/share/geometry_msgs/cmake)
[0.427s] -- Found sensor_msgs: 4.2.3 (/opt/ros/humble/share/sensor_msgs/cmake)
[0.499s] -- Found nav_msgs: 4.2.3 (/opt/ros/humble/share/nav_msgs/cmake)
[0.555s] -- Found tf2_ros: 0.25.6 (/opt/ros/humble/share/tf2_ros/cmake)
[0.875s] -- Configuring done
[0.883s] -- Generating done
[0.884s] -- Build files have been written to: /home/dhruv/bumperbot_ws/build/bumperbot_controller
[0.899s] [35m[1mConsolidate compiler generated dependencies of target simple_controller[0m
[0.909s] [  0%] Built target ament_cmake_python_copy_bumperbot_controller
[0.910s] [100%] Built target simple_controller
[1.035s] running egg_info
[1.036s] writing bumperbot_controller.egg-info/PKG-INFO
[1.036s] writing dependency_links to bumperbot_controller.egg-info/dependency_links.txt
[1.036s] writing top-level names to bumperbot_controller.egg-info/top_level.txt
[1.037s] reading manifest file 'bumperbot_controller.egg-info/SOURCES.txt'
[1.038s] writing manifest file 'bumperbot_controller.egg-info/SOURCES.txt'
[1.054s] [100%] Built target ament_cmake_python_build_bumperbot_controller_egg
[1.061s] Invoked command in '/home/dhruv/bumperbot_ws/build/bumperbot_controller' returned '0': CMAKE_PREFIX_PATH=${CMAKE_PREFIX_PATH}:/home/dhruv/bumperbot_ws/install/bumperbot_py_examples:/home/dhruv/ros2_ws/install/new_pkg:/opt/ros/humble /usr/bin/cmake --build /home/dhruv/bumperbot_ws/build/bumperbot_controller -- -j16 -l16
[1.077s] Invoking command in '/home/dhruv/bumperbot_ws/build/bumperbot_controller': CMAKE_PREFIX_PATH=${CMAKE_PREFIX_PATH}:/home/dhruv/bumperbot_ws/install/bumperbot_py_examples:/home/dhruv/ros2_ws/install/new_pkg:/opt/ros/humble /usr/bin/cmake --install /home/dhruv/bumperbot_ws/build/bumperbot_controller
[1.081s] -- Install configuration: ""
[1.081s] -- Up-to-date: /home/dhruv/bumperbot_ws/install/bumperbot_controller/share/bumperbot_controller/environment/pythonpath.sh
[1.081s] -- Installing: /home/dhruv/bumperbot_ws/install/bumperbot_controller/share/bumperbot_controller/environment/pythonpath.dsv
[1.081s] -- Up-to-date: /home/dhruv/bumperbot_ws/install/bumperbot_controller/local/lib/python3.10/dist-packages/bumperbot_controller-0.0.0-py3.10.egg-info
[1.081s] -- Installing: /home/dhruv/bumperbot_ws/install/bumperbot_controller/local/lib/python3.10/dist-packages/bumperbot_controller-0.0.0-py3.10.egg-info/top_level.txt
[1.081s] -- Installing: /home/dhruv/bumperbot_ws/install/bumperbot_controller/local/lib/python3.10/dist-packages/bumperbot_controller-0.0.0-py3.10.egg-info/SOURCES.txt
[1.081s] -- Installing: /home/dhruv/bumperbot_ws/install/bumperbot_controller/local/lib/python3.10/dist-packages/bumperbot_controller-0.0.0-py3.10.egg-info/dependency_links.txt
[1.081s] -- Installing: /home/dhruv/bumperbot_ws/install/bumperbot_controller/local/lib/python3.10/dist-packages/bumperbot_controller-0.0.0-py3.10.egg-info/PKG-INFO
[1.081s] -- Up-to-date: /home/dhruv/bumperbot_ws/install/bumperbot_controller/local/lib/python3.10/dist-packages/bumperbot_controller
[1.081s] -- Up-to-date: /home/dhruv/bumperbot_ws/install/bumperbot_controller/local/lib/python3.10/dist-packages/bumperbot_controller/simple_controller.py
[1.081s] -- Up-to-date: /home/dhruv/bumperbot_ws/install/bumperbot_controller/local/lib/python3.10/dist-packages/bumperbot_controller/__init__.py
[1.081s] -- Installing: /home/dhruv/bumperbot_ws/install/bumperbot_controller/local/lib/python3.10/dist-packages/bumperbot_controller/noisy_controller.py
[1.102s] Listing '/home/dhruv/bumperbot_ws/install/bumperbot_controller/local/lib/python3.10/dist-packages/bumperbot_controller'...
[1.102s] Compiling '/home/dhruv/bumperbot_ws/install/bumperbot_controller/local/lib/python3.10/dist-packages/bumperbot_controller/noisy_controller.py'...
[1.105s] -- Up-to-date: /home/dhruv/bumperbot_ws/install/bumperbot_controller/include/include
[1.105s] -- Up-to-date: /home/dhruv/bumperbot_ws/install/bumperbot_controller/include/include/bumperbot_controller
[1.105s] -- Up-to-date: /home/dhruv/bumperbot_ws/install/bumperbot_controller/include/include/bumperbot_controller/simple_controller.hpp
[1.106s] -- Up-to-date: /home/dhruv/bumperbot_ws/install/bumperbot_controller/lib/bumperbot_controller/simple_controller
[1.106s] -- Up-to-date: /home/dhruv/bumperbot_ws/install/bumperbot_controller/share/bumperbot_controller/launch
[1.106s] -- Up-to-date: /home/dhruv/bumperbot_ws/install/bumperbot_controller/share/bumperbot_controller/launch/controller.launch.py
[1.106s] -- Up-to-date: /home/dhruv/bumperbot_ws/install/bumperbot_controller/share/bumperbot_controller/launch/joystick_teleop.launch.py
[1.106s] -- Up-to-date: /home/dhruv/bumperbot_ws/install/bumperbot_controller/share/bumperbot_controller/config
[1.106s] -- Up-to-date: /home/dhruv/bumperbot_ws/install/bumperbot_controller/share/bumperbot_controller/config/joy_config.yaml
[1.106s] -- Up-to-date: /home/dhruv/bumperbot_ws/install/bumperbot_controller/share/bumperbot_controller/config/bumperbot_controllers.yaml
[1.106s] -- Up-to-date: /home/dhruv/bumperbot_ws/install/bumperbot_controller/share/bumperbot_controller/config/joy_teleop.yaml
[1.106s] -- Up-to-date: /home/dhruv/bumperbot_ws/install/bumperbot_controller/lib/bumperbot_controller/simple_controller.py
[1.106s] -- Installing: /home/dhruv/bumperbot_ws/install/bumperbot_controller/lib/bumperbot_controller/noisy_controller.py
[1.106s] -- Up-to-date: /home/dhruv/bumperbot_ws/install/bumperbot_controller/share/ament_index/resource_index/package_run_dependencies/bumperbot_controller
[1.107s] -- Installing: /home/dhruv/bumperbot_ws/install/bumperbot_controller/share/ament_index/resource_index/parent_prefix_path/bumperbot_controller
[1.107s] -- Up-to-date: /home/dhruv/bumperbot_ws/install/bumperbot_controller/share/bumperbot_controller/environment/ament_prefix_path.sh
[1.107s] -- Installing: /home/dhruv/bumperbot_ws/install/bumperbot_controller/share/bumperbot_controller/environment/ament_prefix_path.dsv
[1.107s] -- Up-to-date: /home/dhruv/bumperbot_ws/install/bumperbot_controller/share/bumperbot_controller/environment/path.sh
[1.107s] -- Installing: /home/dhruv/bumperbot_ws/install/bumperbot_controller/share/bumperbot_controller/environment/path.dsv
[1.107s] -- Up-to-date: /home/dhruv/bumperbot_ws/install/bumperbot_controller/share/bumperbot_controller/local_setup.bash
[1.107s] -- Up-to-date: /home/dhruv/bumperbot_ws/install/bumperbot_controller/share/bumperbot_controller/local_setup.sh
[1.107s] -- Up-to-date: /home/dhruv/bumperbot_ws/install/bumperbot_controller/share/bumperbot_controller/local_setup.zsh
[1.107s] -- Installing: /home/dhruv/bumperbot_ws/install/bumperbot_controller/share/bumperbot_controller/local_setup.dsv
[1.107s] -- Installing: /home/dhruv/bumperbot_ws/install/bumperbot_controller/share/bumperbot_controller/package.dsv
[1.107s] -- Up-to-date: /home/dhruv/bumperbot_ws/install/bumperbot_controller/share/ament_index/resource_index/packages/bumperbot_controller
[1.107s] -- Up-to-date: /home/dhruv/bumperbot_ws/install/bumperbot_controller/share/bumperbot_controller/cmake/bumperbot_controllerConfig.cmake
[1.107s] -- Up-to-date: /home/dhruv/bumperbot_ws/install/bumperbot_controller/share/bumperbot_controller/cmake/bumperbot_controllerConfig-version.cmake
[1.107s] -- Up-to-date: /home/dhruv/bumperbot_ws/install/bumperbot_controller/share/bumperbot_controller/package.xml
[1.108s] Invoked command in '/home/dhruv/bumperbot_ws/build/bumperbot_controller' returned '0': CMAKE_PREFIX_PATH=${CMAKE_PREFIX_PATH}:/home/dhruv/bumperbot_ws/install/bumperbot_py_examples:/home/dhruv/ros2_ws/install/new_pkg:/opt/ros/humble /usr/bin/cmake --install /home/dhruv/bumperbot_ws/build/bumperbot_controller
