[0.008s] Invoking command in '/home/dhruv/bumperbot_ws/build/bumperbot_cpp_examples': CMAKE_PREFIX_PATH=${CMAKE_PREFIX_PATH}:/home/dhruv/bumperbot_ws/install/bumperbot_py_examples:/home/dhruv/ros2_ws/install/new_pkg:/opt/ros/humble /usr/bin/cmake --build /home/dhruv/bumperbot_ws/build/bumperbot_cpp_examples -- -j16 -l16
[0.022s] -- Found ament_cmake: 1.3.8 (/opt/ros/humble/share/ament_cmake/cmake)
[0.094s] -- Found rclcpp: 16.0.8 (/opt/ros/humble/share/rclcpp/cmake)
[0.110s] -- Found rosidl_generator_c: 3.1.5 (/opt/ros/humble/share/rosidl_generator_c/cmake)
[0.111s] -- Found rosidl_adapter: 3.1.5 (/opt/ros/humble/share/rosidl_adapter/cmake)
[0.115s] -- Found rosidl_generator_cpp: 3.1.5 (/opt/ros/humble/share/rosidl_generator_cpp/cmake)
[0.121s] -- Using all available rosidl_typesupport_c: rosidl_typesupport_fastrtps_c;rosidl_typesupport_introspection_c
[0.130s] -- Using all available rosidl_typesupport_cpp: rosidl_typesupport_fastrtps_cpp;rosidl_typesupport_introspection_cpp
[0.162s] -- Found rmw_implementation_cmake: 6.1.1 (/opt/ros/humble/share/rmw_implementation_cmake/cmake)
[0.162s] -- Found rmw_cyclonedds_cpp: 1.3.4 (/opt/ros/humble/share/rmw_cyclonedds_cpp/cmake)
[0.178s] -- Using RMW implementation 'rmw_cyclonedds_cpp' as default
[0.267s] -- Found ament_lint_auto: 0.12.10 (/opt/ros/humble/share/ament_lint_auto/cmake)
[0.306s] -- Added test 'cppcheck' to perform static code analysis on C / C++ code
[0.307s] -- Configured cppcheck include dirs: 
[0.307s] -- Configured cppcheck exclude dirs and/or files: 
[0.307s] -- Added test 'lint_cmake' to check CMake code style
[0.307s] -- Added test 'uncrustify' to check C / C++ code style
[0.307s] -- Configured uncrustify additional arguments: 
[0.307s] -- Added test 'xmllint' to check XML markup files
[0.308s] -- Configuring done
[0.313s] -- Generating done
[0.314s] -- Build files have been written to: /home/dhruv/bumperbot_ws/build/bumperbot_cpp_examples
[0.328s] [35m[1mConsolidate compiler generated dependencies of target simple_publisher[0m
[0.334s] [ 25%] [32mBuilding CXX object CMakeFiles/simple_subscriber.dir/src/simple_subscriber.cpp.o[0m
[0.338s] [ 75%] Built target simple_publisher
[4.312s] [100%] [32m[1mLinking CXX executable simple_subscriber[0m
[4.494s] [100%] Built target simple_subscriber
[4.501s] Invoked command in '/home/dhruv/bumperbot_ws/build/bumperbot_cpp_examples' returned '0': CMAKE_PREFIX_PATH=${CMAKE_PREFIX_PATH}:/home/dhruv/bumperbot_ws/install/bumperbot_py_examples:/home/dhruv/ros2_ws/install/new_pkg:/opt/ros/humble /usr/bin/cmake --build /home/dhruv/bumperbot_ws/build/bumperbot_cpp_examples -- -j16 -l16
[4.520s] Invoking command in '/home/dhruv/bumperbot_ws/build/bumperbot_cpp_examples': CMAKE_PREFIX_PATH=${CMAKE_PREFIX_PATH}:/home/dhruv/bumperbot_ws/install/bumperbot_py_examples:/home/dhruv/ros2_ws/install/new_pkg:/opt/ros/humble /usr/bin/cmake --install /home/dhruv/bumperbot_ws/build/bumperbot_cpp_examples
[4.524s] -- Install configuration: ""
[4.524s] -- Up-to-date: /home/dhruv/bumperbot_ws/install/bumperbot_cpp_examples/lib/bumperbot_cpp_examples/simple_publisher
[4.524s] -- Installing: /home/dhruv/bumperbot_ws/install/bumperbot_cpp_examples/lib/bumperbot_cpp_examples/simple_subscriber
[4.525s] -- Set runtime path of "/home/dhruv/bumperbot_ws/install/bumperbot_cpp_examples/lib/bumperbot_cpp_examples/simple_subscriber" to ""
[4.525s] -- Up-to-date: /home/dhruv/bumperbot_ws/install/bumperbot_cpp_examples/share/ament_index/resource_index/package_run_dependencies/bumperbot_cpp_examples
[4.526s] -- Installing: /home/dhruv/bumperbot_ws/install/bumperbot_cpp_examples/share/ament_index/resource_index/parent_prefix_path/bumperbot_cpp_examples
[4.526s] -- Up-to-date: /home/dhruv/bumperbot_ws/install/bumperbot_cpp_examples/share/bumperbot_cpp_examples/environment/ament_prefix_path.sh
[4.526s] -- Installing: /home/dhruv/bumperbot_ws/install/bumperbot_cpp_examples/share/bumperbot_cpp_examples/environment/ament_prefix_path.dsv
[4.526s] -- Up-to-date: /home/dhruv/bumperbot_ws/install/bumperbot_cpp_examples/share/bumperbot_cpp_examples/environment/path.sh
[4.526s] -- Installing: /home/dhruv/bumperbot_ws/install/bumperbot_cpp_examples/share/bumperbot_cpp_examples/environment/path.dsv
[4.526s] -- Up-to-date: /home/dhruv/bumperbot_ws/install/bumperbot_cpp_examples/share/bumperbot_cpp_examples/local_setup.bash
[4.526s] -- Up-to-date: /home/dhruv/bumperbot_ws/install/bumperbot_cpp_examples/share/bumperbot_cpp_examples/local_setup.sh
[4.526s] -- Up-to-date: /home/dhruv/bumperbot_ws/install/bumperbot_cpp_examples/share/bumperbot_cpp_examples/local_setup.zsh
[4.526s] -- Installing: /home/dhruv/bumperbot_ws/install/bumperbot_cpp_examples/share/bumperbot_cpp_examples/local_setup.dsv
[4.526s] -- Installing: /home/dhruv/bumperbot_ws/install/bumperbot_cpp_examples/share/bumperbot_cpp_examples/package.dsv
[4.526s] -- Up-to-date: /home/dhruv/bumperbot_ws/install/bumperbot_cpp_examples/share/ament_index/resource_index/packages/bumperbot_cpp_examples
[4.526s] -- Up-to-date: /home/dhruv/bumperbot_ws/install/bumperbot_cpp_examples/share/bumperbot_cpp_examples/cmake/bumperbot_cpp_examplesConfig.cmake
[4.526s] -- Up-to-date: /home/dhruv/bumperbot_ws/install/bumperbot_cpp_examples/share/bumperbot_cpp_examples/cmake/bumperbot_cpp_examplesConfig-version.cmake
[4.526s] -- Up-to-date: /home/dhruv/bumperbot_ws/install/bumperbot_cpp_examples/share/bumperbot_cpp_examples/package.xml
[4.527s] Invoked command in '/home/dhruv/bumperbot_ws/build/bumperbot_cpp_examples' returned '0': CMAKE_PREFIX_PATH=${CMAKE_PREFIX_PATH}:/home/dhruv/bumperbot_ws/install/bumperbot_py_examples:/home/dhruv/ros2_ws/install/new_pkg:/opt/ros/humble /usr/bin/cmake --install /home/dhruv/bumperbot_ws/build/bumperbot_cpp_examples
