[0.168s] Invoking command in '/home/dhruv/bumperbot_ws/build/bumperbot_utils': CMAKE_PREFIX_PATH=${CMAKE_PREFIX_PATH}:/home/dhruv/bumperbot_ws/install/bumperbot_py_examples:/home/dhruv/ros2_ws/install/new_pkg:/opt/ros/humble /usr/bin/cmake --build /home/dhruv/bumperbot_ws/build/bumperbot_utils -- -j16 -l16
[0.181s] -- Found ament_cmake: 1.3.8 (/opt/ros/humble/share/ament_cmake/cmake)
[0.262s] -- Found rclpy: 3.3.12 (/opt/ros/humble/share/rclpy/cmake)
[0.262s] -- Found nav_msgs: 4.2.3 (/opt/ros/humble/share/nav_msgs/cmake)
[0.278s] -- Found rosidl_generator_c: 3.1.5 (/opt/ros/humble/share/rosidl_generator_c/cmake)
[0.279s] -- Found rosidl_adapter: 3.1.5 (/opt/ros/humble/share/rosidl_adapter/cmake)
[0.285s] -- Found rosidl_generator_cpp: 3.1.5 (/opt/ros/humble/share/rosidl_generator_cpp/cmake)
[0.289s] -- Using all available rosidl_typesupport_c: rosidl_typesupport_fastrtps_c;rosidl_typesupport_introspection_c
[0.299s] -- Using all available rosidl_typesupport_cpp: rosidl_typesupport_fastrtps_cpp;rosidl_typesupport_introspection_cpp
[0.420s] -- Found ament_lint_auto: 0.12.10 (/opt/ros/humble/share/ament_lint_auto/cmake)
[0.461s] -- Added test 'copyright' to check source files copyright and LICENSE
[0.462s] -- Added test 'flake8' to check Python code syntax and style conventions
[0.462s] -- Added test 'lint_cmake' to check CMake code style
[0.462s] -- Added test 'pep257' to check Python code against some of the docstring style conventions in PEP 257
[0.462s] -- Added test 'xmllint' to check XML markup files
[0.462s] -- Configuring done
[0.464s] -- Generating done
[0.465s] -- Build files have been written to: /home/dhruv/bumperbot_ws/build/bumperbot_utils
[0.479s] Invoked command in '/home/dhruv/bumperbot_ws/build/bumperbot_utils' returned '0': CMAKE_PREFIX_PATH=${CMAKE_PREFIX_PATH}:/home/dhruv/bumperbot_ws/install/bumperbot_py_examples:/home/dhruv/ros2_ws/install/new_pkg:/opt/ros/humble /usr/bin/cmake --build /home/dhruv/bumperbot_ws/build/bumperbot_utils -- -j16 -l16
[0.491s] Invoking command in '/home/dhruv/bumperbot_ws/build/bumperbot_utils': CMAKE_PREFIX_PATH=${CMAKE_PREFIX_PATH}:/home/dhruv/bumperbot_ws/install/bumperbot_py_examples:/home/dhruv/ros2_ws/install/new_pkg:/opt/ros/humble /usr/bin/cmake --install /home/dhruv/bumperbot_ws/build/bumperbot_utils
[0.496s] [31mCMake Error at cmake_install.cmake:46 (file):
[0.496s]   file INSTALL cannot find
[0.496s]   "/home/dhruv/bumperbot_ws/src/bumperbot_utils/bumperbot_utils/src/bumperbot_trajectory.py":
[0.496s]   No such file or directory.
[0.496s] 
[0.496s] [0m
[0.496s] -- Install configuration: ""
[0.497s] Invoked command in '/home/dhruv/bumperbot_ws/build/bumperbot_utils' returned '1': CMAKE_PREFIX_PATH=${CMAKE_PREFIX_PATH}:/home/dhruv/bumperbot_ws/install/bumperbot_py_examples:/home/dhruv/ros2_ws/install/new_pkg:/opt/ros/humble /usr/bin/cmake --install /home/dhruv/bumperbot_ws/build/bumperbot_utils
