[0.069s] DEBUG:colcon:Command line arguments: ['/home/dhruv/.local/bin/colcon', 'build']
[0.069s] DEBUG:colcon:Parsed command line arguments: Namespace(log_base=None, log_level=None, verb_name='build', build_base='build', install_base='install', merge_install=False, symlink_install=False, test_result_base=None, continue_on_error=False, executor='parallel', parallel_workers=16, event_handlers=None, ignore_user_meta=False, metas=['./colcon.meta'], base_paths=['.'], packages_ignore=None, packages_ignore_regex=None, paths=None, packages_up_to=None, packages_up_to_regex=None, packages_above=None, packages_above_and_dependencies=None, packages_above_depth=None, packages_select_by_dep=None, packages_skip_by_dep=None, packages_skip_up_to=None, packages_select_build_failed=False, packages_skip_build_finished=False, packages_select_test_failures=False, packages_skip_test_passed=False, packages_select=None, packages_skip=None, packages_select_regex=None, packages_skip_regex=None, packages_start=None, packages_end=None, allow_overriding=[], cmake_args=None, cmake_target=None, cmake_target_skip_unavailable=False, cmake_clean_cache=False, cmake_clean_first=False, cmake_force_configure=False, ament_cmake_args=None, catkin_cmake_args=None, catkin_skip_building_tests=False, verb_parser=<colcon_defaults.argument_parser.defaults.DefaultArgumentsDecorator object at 0x7bd2930062f0>, verb_extension=<colcon_core.verb.build.BuildVerb object at 0x7bd293005de0>, main=<bound method BuildVerb.main of <colcon_core.verb.build.BuildVerb object at 0x7bd293005de0>>)
[0.145s] Level 1:colcon.colcon_core.package_discovery:discover_packages(colcon_meta) check parameters
[0.145s] Level 1:colcon.colcon_core.package_discovery:discover_packages(recursive) check parameters
[0.145s] Level 1:colcon.colcon_core.package_discovery:discover_packages(ignore) check parameters
[0.145s] Level 1:colcon.colcon_core.package_discovery:discover_packages(path) check parameters
[0.145s] Level 1:colcon.colcon_core.package_discovery:discover_packages(colcon_meta) discover
[0.145s] Level 1:colcon.colcon_core.package_discovery:discover_packages(recursive) discover
[0.145s] INFO:colcon.colcon_core.package_discovery:Crawling recursively for packages in '/home/dhruv/bumperbot_ws'
[0.146s] Level 1:colcon.colcon_core.package_identification:_identify(.) by extensions ['ignore', 'ignore_ament_install']
[0.146s] Level 1:colcon.colcon_core.package_identification:_identify(.) by extension 'ignore'
[0.146s] Level 1:colcon.colcon_core.package_identification:_identify(.) by extension 'ignore_ament_install'
[0.146s] Level 1:colcon.colcon_core.package_identification:_identify(.) by extensions ['colcon_pkg']
[0.146s] Level 1:colcon.colcon_core.package_identification:_identify(.) by extension 'colcon_pkg'
[0.146s] Level 1:colcon.colcon_core.package_identification:_identify(.) by extensions ['colcon_meta']
[0.146s] Level 1:colcon.colcon_core.package_identification:_identify(.) by extension 'colcon_meta'
[0.146s] Level 1:colcon.colcon_core.package_identification:_identify(.) by extensions ['ros']
[0.146s] Level 1:colcon.colcon_core.package_identification:_identify(.) by extension 'ros'
[0.152s] Level 1:colcon.colcon_core.package_identification:_identify(.) by extensions ['cmake', 'python']
[0.152s] Level 1:colcon.colcon_core.package_identification:_identify(.) by extension 'cmake'
[0.152s] Level 1:colcon.colcon_core.package_identification:_identify(.) by extension 'python'
[0.152s] Level 1:colcon.colcon_core.package_identification:_identify(.) by extensions ['python_setup_py']
[0.152s] Level 1:colcon.colcon_core.package_identification:_identify(.) by extension 'python_setup_py'
[0.153s] Level 1:colcon.colcon_core.package_identification:_identify(build) by extensions ['ignore', 'ignore_ament_install']
[0.153s] Level 1:colcon.colcon_core.package_identification:_identify(build) by extension 'ignore'
[0.153s] Level 1:colcon.colcon_core.package_identification:_identify(build) ignored
[0.153s] Level 1:colcon.colcon_core.package_identification:_identify(install) by extensions ['ignore', 'ignore_ament_install']
[0.153s] Level 1:colcon.colcon_core.package_identification:_identify(install) by extension 'ignore'
[0.153s] Level 1:colcon.colcon_core.package_identification:_identify(install) ignored
[0.153s] Level 1:colcon.colcon_core.package_identification:_identify(log) by extensions ['ignore', 'ignore_ament_install']
[0.153s] Level 1:colcon.colcon_core.package_identification:_identify(log) by extension 'ignore'
[0.153s] Level 1:colcon.colcon_core.package_identification:_identify(log) ignored
[0.153s] Level 1:colcon.colcon_core.package_identification:_identify(src) by extensions ['ignore', 'ignore_ament_install']
[0.153s] Level 1:colcon.colcon_core.package_identification:_identify(src) by extension 'ignore'
[0.153s] Level 1:colcon.colcon_core.package_identification:_identify(src) by extension 'ignore_ament_install'
[0.153s] Level 1:colcon.colcon_core.package_identification:_identify(src) by extensions ['colcon_pkg']
[0.153s] Level 1:colcon.colcon_core.package_identification:_identify(src) by extension 'colcon_pkg'
[0.153s] Level 1:colcon.colcon_core.package_identification:_identify(src) by extensions ['colcon_meta']
[0.153s] Level 1:colcon.colcon_core.package_identification:_identify(src) by extension 'colcon_meta'
[0.153s] Level 1:colcon.colcon_core.package_identification:_identify(src) by extensions ['ros']
[0.153s] Level 1:colcon.colcon_core.package_identification:_identify(src) by extension 'ros'
[0.153s] Level 1:colcon.colcon_core.package_identification:_identify(src) by extensions ['cmake', 'python']
[0.153s] Level 1:colcon.colcon_core.package_identification:_identify(src) by extension 'cmake'
[0.153s] Level 1:colcon.colcon_core.package_identification:_identify(src) by extension 'python'
[0.153s] Level 1:colcon.colcon_core.package_identification:_identify(src) by extensions ['python_setup_py']
[0.153s] Level 1:colcon.colcon_core.package_identification:_identify(src) by extension 'python_setup_py'
[0.153s] Level 1:colcon.colcon_core.package_identification:_identify(src/bumperbot_cpp_examples) by extensions ['ignore', 'ignore_ament_install']
[0.153s] Level 1:colcon.colcon_core.package_identification:_identify(src/bumperbot_cpp_examples) by extension 'ignore'
[0.153s] Level 1:colcon.colcon_core.package_identification:_identify(src/bumperbot_cpp_examples) by extension 'ignore_ament_install'
[0.153s] Level 1:colcon.colcon_core.package_identification:_identify(src/bumperbot_cpp_examples) by extensions ['colcon_pkg']
[0.153s] Level 1:colcon.colcon_core.package_identification:_identify(src/bumperbot_cpp_examples) by extension 'colcon_pkg'
[0.153s] Level 1:colcon.colcon_core.package_identification:_identify(src/bumperbot_cpp_examples) by extensions ['colcon_meta']
[0.153s] Level 1:colcon.colcon_core.package_identification:_identify(src/bumperbot_cpp_examples) by extension 'colcon_meta'
[0.153s] Level 1:colcon.colcon_core.package_identification:_identify(src/bumperbot_cpp_examples) by extensions ['ros']
[0.153s] Level 1:colcon.colcon_core.package_identification:_identify(src/bumperbot_cpp_examples) by extension 'ros'
[0.155s] DEBUG:colcon.colcon_core.package_identification:Package 'src/bumperbot_cpp_examples' with type 'ros.ament_cmake' and name 'bumperbot_cpp_examples'
[0.155s] Level 1:colcon.colcon_core.package_identification:_identify(src/bumperbot_description) by extensions ['ignore', 'ignore_ament_install']
[0.155s] Level 1:colcon.colcon_core.package_identification:_identify(src/bumperbot_description) by extension 'ignore'
[0.155s] Level 1:colcon.colcon_core.package_identification:_identify(src/bumperbot_description) by extension 'ignore_ament_install'
[0.155s] Level 1:colcon.colcon_core.package_identification:_identify(src/bumperbot_description) by extensions ['colcon_pkg']
[0.155s] Level 1:colcon.colcon_core.package_identification:_identify(src/bumperbot_description) by extension 'colcon_pkg'
[0.155s] Level 1:colcon.colcon_core.package_identification:_identify(src/bumperbot_description) by extensions ['colcon_meta']
[0.155s] Level 1:colcon.colcon_core.package_identification:_identify(src/bumperbot_description) by extension 'colcon_meta'
[0.155s] Level 1:colcon.colcon_core.package_identification:_identify(src/bumperbot_description) by extensions ['ros']
[0.155s] Level 1:colcon.colcon_core.package_identification:_identify(src/bumperbot_description) by extension 'ros'
[0.155s] DEBUG:colcon.colcon_core.package_identification:Package 'src/bumperbot_description' with type 'ros.ament_cmake' and name 'bumperbot_description'
[0.155s] Level 1:colcon.colcon_core.package_identification:_identify(src/bumperbot_py_examples) by extensions ['ignore', 'ignore_ament_install']
[0.155s] Level 1:colcon.colcon_core.package_identification:_identify(src/bumperbot_py_examples) by extension 'ignore'
[0.155s] Level 1:colcon.colcon_core.package_identification:_identify(src/bumperbot_py_examples) by extension 'ignore_ament_install'
[0.155s] Level 1:colcon.colcon_core.package_identification:_identify(src/bumperbot_py_examples) by extensions ['colcon_pkg']
[0.155s] Level 1:colcon.colcon_core.package_identification:_identify(src/bumperbot_py_examples) by extension 'colcon_pkg'
[0.155s] Level 1:colcon.colcon_core.package_identification:_identify(src/bumperbot_py_examples) by extensions ['colcon_meta']
[0.155s] Level 1:colcon.colcon_core.package_identification:_identify(src/bumperbot_py_examples) by extension 'colcon_meta'
[0.155s] Level 1:colcon.colcon_core.package_identification:_identify(src/bumperbot_py_examples) by extensions ['ros']
[0.155s] Level 1:colcon.colcon_core.package_identification:_identify(src/bumperbot_py_examples) by extension 'ros'
[0.156s] DEBUG:colcon.colcon_core.package_identification:Package 'src/bumperbot_py_examples' with type 'ros.ament_python' and name 'bumperbot_py_examples'
[0.156s] Level 1:colcon.colcon_core.package_discovery:discover_packages(recursive) using defaults
[0.156s] Level 1:colcon.colcon_core.package_discovery:discover_packages(ignore) discover
[0.156s] Level 1:colcon.colcon_core.package_discovery:discover_packages(ignore) using defaults
[0.156s] Level 1:colcon.colcon_core.package_discovery:discover_packages(path) discover
[0.156s] Level 1:colcon.colcon_core.package_discovery:discover_packages(path) using defaults
[0.166s] Level 1:colcon.colcon_core.package_discovery:discover_packages(prefix_path) check parameters
[0.166s] Level 1:colcon.colcon_core.package_discovery:discover_packages(prefix_path) discover
[0.167s] DEBUG:colcon.colcon_installed_package_information.package_discovery:Found 3 installed packages in /home/dhruv/bumperbot_ws/install
[0.167s] DEBUG:colcon.colcon_installed_package_information.package_discovery:Found 1 installed packages in /home/dhruv/ros2_ws/install
[0.168s] DEBUG:colcon.colcon_installed_package_information.package_discovery:Found 387 installed packages in /opt/ros/humble
[0.169s] Level 1:colcon.colcon_core.package_discovery:discover_packages(prefix_path) using defaults
[0.199s] Level 5:colcon.colcon_core.verb:set package 'bumperbot_cpp_examples' build argument 'cmake_args' from command line to 'None'
[0.199s] Level 5:colcon.colcon_core.verb:set package 'bumperbot_cpp_examples' build argument 'cmake_target' from command line to 'None'
[0.199s] Level 5:colcon.colcon_core.verb:set package 'bumperbot_cpp_examples' build argument 'cmake_target_skip_unavailable' from command line to 'False'
[0.199s] Level 5:colcon.colcon_core.verb:set package 'bumperbot_cpp_examples' build argument 'cmake_clean_cache' from command line to 'False'
[0.199s] Level 5:colcon.colcon_core.verb:set package 'bumperbot_cpp_examples' build argument 'cmake_clean_first' from command line to 'False'
[0.199s] Level 5:colcon.colcon_core.verb:set package 'bumperbot_cpp_examples' build argument 'cmake_force_configure' from command line to 'False'
[0.199s] Level 5:colcon.colcon_core.verb:set package 'bumperbot_cpp_examples' build argument 'ament_cmake_args' from command line to 'None'
[0.199s] Level 5:colcon.colcon_core.verb:set package 'bumperbot_cpp_examples' build argument 'catkin_cmake_args' from command line to 'None'
[0.199s] Level 5:colcon.colcon_core.verb:set package 'bumperbot_cpp_examples' build argument 'catkin_skip_building_tests' from command line to 'False'
[0.199s] DEBUG:colcon.colcon_core.verb:Building package 'bumperbot_cpp_examples' with the following arguments: {'ament_cmake_args': None, 'build_base': '/home/dhruv/bumperbot_ws/build/bumperbot_cpp_examples', 'catkin_cmake_args': None, 'catkin_skip_building_tests': False, 'cmake_args': None, 'cmake_clean_cache': False, 'cmake_clean_first': False, 'cmake_force_configure': False, 'cmake_target': None, 'cmake_target_skip_unavailable': False, 'install_base': '/home/dhruv/bumperbot_ws/install/bumperbot_cpp_examples', 'merge_install': False, 'path': '/home/dhruv/bumperbot_ws/src/bumperbot_cpp_examples', 'symlink_install': False, 'test_result_base': None}
[0.200s] Level 5:colcon.colcon_core.verb:set package 'bumperbot_description' build argument 'cmake_args' from command line to 'None'
[0.200s] Level 5:colcon.colcon_core.verb:set package 'bumperbot_description' build argument 'cmake_target' from command line to 'None'
[0.200s] Level 5:colcon.colcon_core.verb:set package 'bumperbot_description' build argument 'cmake_target_skip_unavailable' from command line to 'False'
[0.200s] Level 5:colcon.colcon_core.verb:set package 'bumperbot_description' build argument 'cmake_clean_cache' from command line to 'False'
[0.200s] Level 5:colcon.colcon_core.verb:set package 'bumperbot_description' build argument 'cmake_clean_first' from command line to 'False'
[0.200s] Level 5:colcon.colcon_core.verb:set package 'bumperbot_description' build argument 'cmake_force_configure' from command line to 'False'
[0.200s] Level 5:colcon.colcon_core.verb:set package 'bumperbot_description' build argument 'ament_cmake_args' from command line to 'None'
[0.200s] Level 5:colcon.colcon_core.verb:set package 'bumperbot_description' build argument 'catkin_cmake_args' from command line to 'None'
[0.200s] Level 5:colcon.colcon_core.verb:set package 'bumperbot_description' build argument 'catkin_skip_building_tests' from command line to 'False'
[0.200s] DEBUG:colcon.colcon_core.verb:Building package 'bumperbot_description' with the following arguments: {'ament_cmake_args': None, 'build_base': '/home/dhruv/bumperbot_ws/build/bumperbot_description', 'catkin_cmake_args': None, 'catkin_skip_building_tests': False, 'cmake_args': None, 'cmake_clean_cache': False, 'cmake_clean_first': False, 'cmake_force_configure': False, 'cmake_target': None, 'cmake_target_skip_unavailable': False, 'install_base': '/home/dhruv/bumperbot_ws/install/bumperbot_description', 'merge_install': False, 'path': '/home/dhruv/bumperbot_ws/src/bumperbot_description', 'symlink_install': False, 'test_result_base': None}
[0.200s] Level 5:colcon.colcon_core.verb:set package 'bumperbot_py_examples' build argument 'cmake_args' from command line to 'None'
[0.200s] Level 5:colcon.colcon_core.verb:set package 'bumperbot_py_examples' build argument 'cmake_target' from command line to 'None'
[0.200s] Level 5:colcon.colcon_core.verb:set package 'bumperbot_py_examples' build argument 'cmake_target_skip_unavailable' from command line to 'False'
[0.200s] Level 5:colcon.colcon_core.verb:set package 'bumperbot_py_examples' build argument 'cmake_clean_cache' from command line to 'False'
[0.200s] Level 5:colcon.colcon_core.verb:set package 'bumperbot_py_examples' build argument 'cmake_clean_first' from command line to 'False'
[0.200s] Level 5:colcon.colcon_core.verb:set package 'bumperbot_py_examples' build argument 'cmake_force_configure' from command line to 'False'
[0.200s] Level 5:colcon.colcon_core.verb:set package 'bumperbot_py_examples' build argument 'ament_cmake_args' from command line to 'None'
[0.200s] Level 5:colcon.colcon_core.verb:set package 'bumperbot_py_examples' build argument 'catkin_cmake_args' from command line to 'None'
[0.200s] Level 5:colcon.colcon_core.verb:set package 'bumperbot_py_examples' build argument 'catkin_skip_building_tests' from command line to 'False'
[0.200s] DEBUG:colcon.colcon_core.verb:Building package 'bumperbot_py_examples' with the following arguments: {'ament_cmake_args': None, 'build_base': '/home/dhruv/bumperbot_ws/build/bumperbot_py_examples', 'catkin_cmake_args': None, 'catkin_skip_building_tests': False, 'cmake_args': None, 'cmake_clean_cache': False, 'cmake_clean_first': False, 'cmake_force_configure': False, 'cmake_target': None, 'cmake_target_skip_unavailable': False, 'install_base': '/home/dhruv/bumperbot_ws/install/bumperbot_py_examples', 'merge_install': False, 'path': '/home/dhruv/bumperbot_ws/src/bumperbot_py_examples', 'symlink_install': False, 'test_result_base': None}
[0.200s] INFO:colcon.colcon_core.executor:Executing jobs using 'parallel' executor
[0.201s] DEBUG:colcon.colcon_parallel_executor.executor.parallel:run_until_complete
[0.201s] INFO:colcon.colcon_ros.task.ament_cmake.build:Building ROS package in '/home/dhruv/bumperbot_ws/src/bumperbot_cpp_examples' with build type 'ament_cmake'
[0.201s] INFO:colcon.colcon_cmake.task.cmake.build:Building CMake package in '/home/dhruv/bumperbot_ws/src/bumperbot_cpp_examples'
[0.202s] INFO:colcon.colcon_core.plugin_system:Skipping extension 'colcon_core.shell.bat': Not used on non-Windows systems
[0.202s] INFO:colcon.colcon_core.shell:Skip shell extension 'powershell' for command environment: Not usable outside of PowerShell
[0.202s] DEBUG:colcon.colcon_core.shell:Skip shell extension 'dsv' for command environment
[0.204s] INFO:colcon.colcon_ros.task.ament_cmake.build:Building ROS package in '/home/dhruv/bumperbot_ws/src/bumperbot_description' with build type 'ament_cmake'
[0.205s] INFO:colcon.colcon_cmake.task.cmake.build:Building CMake package in '/home/dhruv/bumperbot_ws/src/bumperbot_description'
[0.205s] INFO:colcon.colcon_core.shell:Skip shell extension 'powershell' for command environment: Not usable outside of PowerShell
[0.205s] DEBUG:colcon.colcon_core.shell:Skip shell extension 'dsv' for command environment
[0.207s] INFO:colcon.colcon_ros.task.ament_python.build:Building ROS package in '/home/dhruv/bumperbot_ws/src/bumperbot_py_examples' with build type 'ament_python'
[0.207s] Level 1:colcon.colcon_core.shell:create_environment_hook('bumperbot_py_examples', 'ament_prefix_path')
[0.207s] INFO:colcon.colcon_core.shell:Creating environment hook '/home/dhruv/bumperbot_ws/install/bumperbot_py_examples/share/bumperbot_py_examples/hook/ament_prefix_path.ps1'
[0.207s] INFO:colcon.colcon_core.shell:Creating environment descriptor '/home/dhruv/bumperbot_ws/install/bumperbot_py_examples/share/bumperbot_py_examples/hook/ament_prefix_path.dsv'
[0.208s] INFO:colcon.colcon_core.shell:Creating environment hook '/home/dhruv/bumperbot_ws/install/bumperbot_py_examples/share/bumperbot_py_examples/hook/ament_prefix_path.sh'
[0.208s] INFO:colcon.colcon_core.shell:Skip shell extension 'powershell' for command environment: Not usable outside of PowerShell
[0.208s] DEBUG:colcon.colcon_core.shell:Skip shell extension 'dsv' for command environment
[0.213s] DEBUG:colcon.colcon_core.event_handler.log_command:Invoking command in '/home/dhruv/bumperbot_ws/build/bumperbot_cpp_examples': CMAKE_PREFIX_PATH=${CMAKE_PREFIX_PATH}:/home/dhruv/bumperbot_ws/install/bumperbot_py_examples:/home/dhruv/ros2_ws/install/new_pkg:/opt/ros/humble /usr/bin/cmake --build /home/dhruv/bumperbot_ws/build/bumperbot_cpp_examples -- -j16 -l16
[0.214s] DEBUG:colcon.colcon_core.event_handler.log_command:Invoking command in '/home/dhruv/bumperbot_ws/build/bumperbot_description': CMAKE_PREFIX_PATH=${CMAKE_PREFIX_PATH}:/home/dhruv/bumperbot_ws/install/bumperbot_py_examples:/home/dhruv/ros2_ws/install/new_pkg:/opt/ros/humble /usr/bin/cmake --build /home/dhruv/bumperbot_ws/build/bumperbot_description -- -j16 -l16
[0.356s] INFO:colcon.colcon_core.task.python.build:Building Python package in '/home/dhruv/bumperbot_ws/src/bumperbot_py_examples'
[0.357s] INFO:colcon.colcon_core.shell:Skip shell extension 'powershell' for command environment: Not usable outside of PowerShell
[0.357s] DEBUG:colcon.colcon_core.shell:Skip shell extension 'dsv' for command environment
[0.361s] DEBUG:colcon.colcon_core.event_handler.log_command:Invoked command in '/home/dhruv/bumperbot_ws/build/bumperbot_cpp_examples' returned '0': CMAKE_PREFIX_PATH=${CMAKE_PREFIX_PATH}:/home/dhruv/bumperbot_ws/install/bumperbot_py_examples:/home/dhruv/ros2_ws/install/new_pkg:/opt/ros/humble /usr/bin/cmake --build /home/dhruv/bumperbot_ws/build/bumperbot_cpp_examples -- -j16 -l16
[0.361s] DEBUG:colcon.colcon_core.event_handler.log_command:Invoked command in '/home/dhruv/bumperbot_ws/build/bumperbot_description' returned '0': CMAKE_PREFIX_PATH=${CMAKE_PREFIX_PATH}:/home/dhruv/bumperbot_ws/install/bumperbot_py_examples:/home/dhruv/ros2_ws/install/new_pkg:/opt/ros/humble /usr/bin/cmake --build /home/dhruv/bumperbot_ws/build/bumperbot_description -- -j16 -l16
[0.377s] DEBUG:colcon.colcon_core.event_handler.log_command:Invoking command in '/home/dhruv/bumperbot_ws/build/bumperbot_description': CMAKE_PREFIX_PATH=${CMAKE_PREFIX_PATH}:/home/dhruv/bumperbot_ws/install/bumperbot_py_examples:/home/dhruv/ros2_ws/install/new_pkg:/opt/ros/humble /usr/bin/cmake --install /home/dhruv/bumperbot_ws/build/bumperbot_description
[0.378s] DEBUG:colcon.colcon_core.event_handler.log_command:Invoking command in '/home/dhruv/bumperbot_ws/build/bumperbot_cpp_examples': CMAKE_PREFIX_PATH=${CMAKE_PREFIX_PATH}:/home/dhruv/bumperbot_ws/install/bumperbot_py_examples:/home/dhruv/ros2_ws/install/new_pkg:/opt/ros/humble /usr/bin/cmake --install /home/dhruv/bumperbot_ws/build/bumperbot_cpp_examples
[0.382s] Level 1:colcon.colcon_core.environment:create_environment_scripts_only(bumperbot_description)
[0.382s] DEBUG:colcon.colcon_core.event_handler.log_command:Invoked command in '/home/dhruv/bumperbot_ws/build/bumperbot_description' returned '0': CMAKE_PREFIX_PATH=${CMAKE_PREFIX_PATH}:/home/dhruv/bumperbot_ws/install/bumperbot_py_examples:/home/dhruv/ros2_ws/install/new_pkg:/opt/ros/humble /usr/bin/cmake --install /home/dhruv/bumperbot_ws/build/bumperbot_description
[0.384s] Level 1:colcon.colcon_core.environment:checking '/home/dhruv/bumperbot_ws/install/bumperbot_description' for CMake module files
[0.384s] Level 1:colcon.colcon_core.environment:checking '/home/dhruv/bumperbot_ws/install/bumperbot_description' for CMake config files
[0.384s] Level 1:colcon.colcon_core.shell:create_environment_hook('bumperbot_description', 'cmake_prefix_path')
[0.384s] INFO:colcon.colcon_core.shell:Creating environment hook '/home/dhruv/bumperbot_ws/install/bumperbot_description/share/bumperbot_description/hook/cmake_prefix_path.ps1'
[0.385s] INFO:colcon.colcon_core.shell:Creating environment descriptor '/home/dhruv/bumperbot_ws/install/bumperbot_description/share/bumperbot_description/hook/cmake_prefix_path.dsv'
[0.385s] INFO:colcon.colcon_core.shell:Creating environment hook '/home/dhruv/bumperbot_ws/install/bumperbot_description/share/bumperbot_description/hook/cmake_prefix_path.sh'
[0.385s] Level 1:colcon.colcon_core.environment:checking '/home/dhruv/bumperbot_ws/install/bumperbot_description/bin'
[0.385s] Level 1:colcon.colcon_core.environment:checking '/home/dhruv/bumperbot_ws/install/bumperbot_description/lib/pkgconfig/bumperbot_description.pc'
[0.385s] Level 1:colcon.colcon_core.environment:checking '/home/dhruv/bumperbot_ws/install/bumperbot_description/lib/python3.10/site-packages'
[0.385s] Level 1:colcon.colcon_core.environment:checking '/home/dhruv/bumperbot_ws/install/bumperbot_description/bin'
[0.385s] INFO:colcon.colcon_core.shell:Creating package script '/home/dhruv/bumperbot_ws/install/bumperbot_description/share/bumperbot_description/package.ps1'
[0.386s] INFO:colcon.colcon_core.shell:Creating package descriptor '/home/dhruv/bumperbot_ws/install/bumperbot_description/share/bumperbot_description/package.dsv'
[0.386s] INFO:colcon.colcon_core.shell:Creating package script '/home/dhruv/bumperbot_ws/install/bumperbot_description/share/bumperbot_description/package.sh'
[0.387s] INFO:colcon.colcon_core.shell:Creating package script '/home/dhruv/bumperbot_ws/install/bumperbot_description/share/bumperbot_description/package.bash'
[0.387s] INFO:colcon.colcon_core.shell:Creating package script '/home/dhruv/bumperbot_ws/install/bumperbot_description/share/bumperbot_description/package.zsh'
[0.387s] Level 1:colcon.colcon_core.environment:create_file_with_runtime_dependencies(/home/dhruv/bumperbot_ws/install/bumperbot_description/share/colcon-core/packages/bumperbot_description)
[0.388s] Level 1:colcon.colcon_core.environment:create_environment_scripts_only(bumperbot_cpp_examples)
[0.388s] Level 1:colcon.colcon_core.environment:checking '/home/dhruv/bumperbot_ws/install/bumperbot_cpp_examples' for CMake module files
[0.389s] DEBUG:colcon.colcon_core.event_handler.log_command:Invoked command in '/home/dhruv/bumperbot_ws/build/bumperbot_cpp_examples' returned '0': CMAKE_PREFIX_PATH=${CMAKE_PREFIX_PATH}:/home/dhruv/bumperbot_ws/install/bumperbot_py_examples:/home/dhruv/ros2_ws/install/new_pkg:/opt/ros/humble /usr/bin/cmake --install /home/dhruv/bumperbot_ws/build/bumperbot_cpp_examples
[0.389s] Level 1:colcon.colcon_core.environment:checking '/home/dhruv/bumperbot_ws/install/bumperbot_cpp_examples' for CMake config files
[0.389s] Level 1:colcon.colcon_core.shell:create_environment_hook('bumperbot_cpp_examples', 'cmake_prefix_path')
[0.389s] INFO:colcon.colcon_core.shell:Creating environment hook '/home/dhruv/bumperbot_ws/install/bumperbot_cpp_examples/share/bumperbot_cpp_examples/hook/cmake_prefix_path.ps1'
[0.389s] INFO:colcon.colcon_core.shell:Creating environment descriptor '/home/dhruv/bumperbot_ws/install/bumperbot_cpp_examples/share/bumperbot_cpp_examples/hook/cmake_prefix_path.dsv'
[0.389s] INFO:colcon.colcon_core.shell:Creating environment hook '/home/dhruv/bumperbot_ws/install/bumperbot_cpp_examples/share/bumperbot_cpp_examples/hook/cmake_prefix_path.sh'
[0.390s] Level 1:colcon.colcon_core.environment:checking '/home/dhruv/bumperbot_ws/install/bumperbot_cpp_examples/lib'
[0.390s] Level 1:colcon.colcon_core.environment:checking '/home/dhruv/bumperbot_ws/install/bumperbot_cpp_examples/bin'
[0.390s] Level 1:colcon.colcon_core.environment:checking '/home/dhruv/bumperbot_ws/install/bumperbot_cpp_examples/lib/pkgconfig/bumperbot_cpp_examples.pc'
[0.390s] Level 1:colcon.colcon_core.environment:checking '/home/dhruv/bumperbot_ws/install/bumperbot_cpp_examples/lib/python3.10/site-packages'
[0.390s] Level 1:colcon.colcon_core.environment:checking '/home/dhruv/bumperbot_ws/install/bumperbot_cpp_examples/bin'
[0.390s] INFO:colcon.colcon_core.shell:Creating package script '/home/dhruv/bumperbot_ws/install/bumperbot_cpp_examples/share/bumperbot_cpp_examples/package.ps1'
[0.390s] INFO:colcon.colcon_core.shell:Creating package descriptor '/home/dhruv/bumperbot_ws/install/bumperbot_cpp_examples/share/bumperbot_cpp_examples/package.dsv'
[0.391s] INFO:colcon.colcon_core.shell:Creating package script '/home/dhruv/bumperbot_ws/install/bumperbot_cpp_examples/share/bumperbot_cpp_examples/package.sh'
[0.391s] INFO:colcon.colcon_core.shell:Creating package script '/home/dhruv/bumperbot_ws/install/bumperbot_cpp_examples/share/bumperbot_cpp_examples/package.bash'
[0.391s] INFO:colcon.colcon_core.shell:Creating package script '/home/dhruv/bumperbot_ws/install/bumperbot_cpp_examples/share/bumperbot_cpp_examples/package.zsh'
[0.391s] Level 1:colcon.colcon_core.environment:create_file_with_runtime_dependencies(/home/dhruv/bumperbot_ws/install/bumperbot_cpp_examples/share/colcon-core/packages/bumperbot_cpp_examples)
[0.399s] Level 1:colcon.colcon_core.environment:create_environment_scripts_only(bumperbot_description)
[0.399s] Level 1:colcon.colcon_core.environment:checking '/home/dhruv/bumperbot_ws/install/bumperbot_description' for CMake module files
[0.399s] Level 1:colcon.colcon_core.environment:checking '/home/dhruv/bumperbot_ws/install/bumperbot_description' for CMake config files
[0.400s] Level 1:colcon.colcon_core.shell:create_environment_hook('bumperbot_description', 'cmake_prefix_path')
[0.400s] INFO:colcon.colcon_core.shell:Creating environment hook '/home/dhruv/bumperbot_ws/install/bumperbot_description/share/bumperbot_description/hook/cmake_prefix_path.ps1'
[0.400s] INFO:colcon.colcon_core.shell:Creating environment descriptor '/home/dhruv/bumperbot_ws/install/bumperbot_description/share/bumperbot_description/hook/cmake_prefix_path.dsv'
[0.400s] INFO:colcon.colcon_core.shell:Creating environment hook '/home/dhruv/bumperbot_ws/install/bumperbot_description/share/bumperbot_description/hook/cmake_prefix_path.sh'
[0.400s] Level 1:colcon.colcon_core.environment:checking '/home/dhruv/bumperbot_ws/install/bumperbot_description/bin'
[0.400s] Level 1:colcon.colcon_core.environment:checking '/home/dhruv/bumperbot_ws/install/bumperbot_description/lib/pkgconfig/bumperbot_description.pc'
[0.401s] Level 1:colcon.colcon_core.environment:checking '/home/dhruv/bumperbot_ws/install/bumperbot_description/lib/python3.10/site-packages'
[0.401s] Level 1:colcon.colcon_core.environment:checking '/home/dhruv/bumperbot_ws/install/bumperbot_description/bin'
[0.401s] INFO:colcon.colcon_core.shell:Creating package script '/home/dhruv/bumperbot_ws/install/bumperbot_description/share/bumperbot_description/package.ps1'
[0.401s] INFO:colcon.colcon_core.shell:Creating package descriptor '/home/dhruv/bumperbot_ws/install/bumperbot_description/share/bumperbot_description/package.dsv'
[0.401s] INFO:colcon.colcon_core.shell:Creating package script '/home/dhruv/bumperbot_ws/install/bumperbot_description/share/bumperbot_description/package.sh'
[0.402s] INFO:colcon.colcon_core.shell:Creating package script '/home/dhruv/bumperbot_ws/install/bumperbot_description/share/bumperbot_description/package.bash'
[0.402s] INFO:colcon.colcon_core.shell:Creating package script '/home/dhruv/bumperbot_ws/install/bumperbot_description/share/bumperbot_description/package.zsh'
[0.402s] Level 1:colcon.colcon_core.environment:create_file_with_runtime_dependencies(/home/dhruv/bumperbot_ws/install/bumperbot_description/share/colcon-core/packages/bumperbot_description)
[0.407s] Level 1:colcon.colcon_core.environment:create_environment_scripts_only(bumperbot_cpp_examples)
[0.407s] Level 1:colcon.colcon_core.environment:checking '/home/dhruv/bumperbot_ws/install/bumperbot_cpp_examples' for CMake module files
[0.408s] Level 1:colcon.colcon_core.environment:checking '/home/dhruv/bumperbot_ws/install/bumperbot_cpp_examples' for CMake config files
[0.408s] Level 1:colcon.colcon_core.shell:create_environment_hook('bumperbot_cpp_examples', 'cmake_prefix_path')
[0.408s] INFO:colcon.colcon_core.shell:Creating environment hook '/home/dhruv/bumperbot_ws/install/bumperbot_cpp_examples/share/bumperbot_cpp_examples/hook/cmake_prefix_path.ps1'
[0.408s] INFO:colcon.colcon_core.shell:Creating environment descriptor '/home/dhruv/bumperbot_ws/install/bumperbot_cpp_examples/share/bumperbot_cpp_examples/hook/cmake_prefix_path.dsv'
[0.408s] INFO:colcon.colcon_core.shell:Creating environment hook '/home/dhruv/bumperbot_ws/install/bumperbot_cpp_examples/share/bumperbot_cpp_examples/hook/cmake_prefix_path.sh'
[0.409s] Level 1:colcon.colcon_core.environment:checking '/home/dhruv/bumperbot_ws/install/bumperbot_cpp_examples/lib'
[0.409s] Level 1:colcon.colcon_core.environment:checking '/home/dhruv/bumperbot_ws/install/bumperbot_cpp_examples/bin'
[0.409s] Level 1:colcon.colcon_core.environment:checking '/home/dhruv/bumperbot_ws/install/bumperbot_cpp_examples/lib/pkgconfig/bumperbot_cpp_examples.pc'
[0.409s] Level 1:colcon.colcon_core.environment:checking '/home/dhruv/bumperbot_ws/install/bumperbot_cpp_examples/lib/python3.10/site-packages'
[0.409s] Level 1:colcon.colcon_core.environment:checking '/home/dhruv/bumperbot_ws/install/bumperbot_cpp_examples/bin'
[0.409s] INFO:colcon.colcon_core.shell:Creating package script '/home/dhruv/bumperbot_ws/install/bumperbot_cpp_examples/share/bumperbot_cpp_examples/package.ps1'
[0.410s] INFO:colcon.colcon_core.shell:Creating package descriptor '/home/dhruv/bumperbot_ws/install/bumperbot_cpp_examples/share/bumperbot_cpp_examples/package.dsv'
[0.410s] INFO:colcon.colcon_core.shell:Creating package script '/home/dhruv/bumperbot_ws/install/bumperbot_cpp_examples/share/bumperbot_cpp_examples/package.sh'
[0.410s] INFO:colcon.colcon_core.shell:Creating package script '/home/dhruv/bumperbot_ws/install/bumperbot_cpp_examples/share/bumperbot_cpp_examples/package.bash'
[0.410s] INFO:colcon.colcon_core.shell:Creating package script '/home/dhruv/bumperbot_ws/install/bumperbot_cpp_examples/share/bumperbot_cpp_examples/package.zsh'
[0.410s] Level 1:colcon.colcon_core.environment:create_file_with_runtime_dependencies(/home/dhruv/bumperbot_ws/install/bumperbot_cpp_examples/share/colcon-core/packages/bumperbot_cpp_examples)
[0.551s] DEBUG:colcon.colcon_core.event_handler.log_command:Invoking command in '/home/dhruv/bumperbot_ws/src/bumperbot_py_examples': PYTHONPATH=/home/dhruv/bumperbot_ws/build/bumperbot_py_examples/prefix_override:/home/dhruv/bumperbot_ws/install/bumperbot_py_examples/lib/python3.10/site-packages:${PYTHONPATH} /usr/bin/python3 -W ignore:setup.py install is deprecated setup.py egg_info --egg-base ../../build/bumperbot_py_examples build --build-base /home/dhruv/bumperbot_ws/build/bumperbot_py_examples/build install --record /home/dhruv/bumperbot_ws/build/bumperbot_py_examples/install.log --single-version-externally-managed install_data
[0.699s] Level 1:colcon.colcon_core.environment:checking '/home/dhruv/bumperbot_ws/install/bumperbot_py_examples' for CMake module files
[0.700s] Level 1:colcon.colcon_core.environment:checking '/home/dhruv/bumperbot_ws/install/bumperbot_py_examples' for CMake config files
[0.700s] DEBUG:colcon.colcon_core.event_handler.log_command:Invoked command in '/home/dhruv/bumperbot_ws/src/bumperbot_py_examples' returned '0': PYTHONPATH=/home/dhruv/bumperbot_ws/build/bumperbot_py_examples/prefix_override:/home/dhruv/bumperbot_ws/install/bumperbot_py_examples/lib/python3.10/site-packages:${PYTHONPATH} /usr/bin/python3 -W ignore:setup.py install is deprecated setup.py egg_info --egg-base ../../build/bumperbot_py_examples build --build-base /home/dhruv/bumperbot_ws/build/bumperbot_py_examples/build install --record /home/dhruv/bumperbot_ws/build/bumperbot_py_examples/install.log --single-version-externally-managed install_data
[0.700s] Level 1:colcon.colcon_core.environment:checking '/home/dhruv/bumperbot_ws/install/bumperbot_py_examples/lib'
[0.700s] Level 1:colcon.colcon_core.environment:checking '/home/dhruv/bumperbot_ws/install/bumperbot_py_examples/bin'
[0.700s] Level 1:colcon.colcon_core.environment:checking '/home/dhruv/bumperbot_ws/install/bumperbot_py_examples/lib/pkgconfig/bumperbot_py_examples.pc'
[0.700s] Level 1:colcon.colcon_core.environment:checking '/home/dhruv/bumperbot_ws/install/bumperbot_py_examples/lib/python3.10/site-packages'
[0.700s] Level 1:colcon.colcon_core.shell:create_environment_hook('bumperbot_py_examples', 'pythonpath')
[0.700s] INFO:colcon.colcon_core.shell:Creating environment hook '/home/dhruv/bumperbot_ws/install/bumperbot_py_examples/share/bumperbot_py_examples/hook/pythonpath.ps1'
[0.701s] INFO:colcon.colcon_core.shell:Creating environment descriptor '/home/dhruv/bumperbot_ws/install/bumperbot_py_examples/share/bumperbot_py_examples/hook/pythonpath.dsv'
[0.701s] INFO:colcon.colcon_core.shell:Creating environment hook '/home/dhruv/bumperbot_ws/install/bumperbot_py_examples/share/bumperbot_py_examples/hook/pythonpath.sh'
[0.701s] Level 1:colcon.colcon_core.environment:checking '/home/dhruv/bumperbot_ws/install/bumperbot_py_examples/bin'
[0.701s] Level 1:colcon.colcon_core.environment:create_environment_scripts_only(bumperbot_py_examples)
[0.701s] INFO:colcon.colcon_core.shell:Creating package script '/home/dhruv/bumperbot_ws/install/bumperbot_py_examples/share/bumperbot_py_examples/package.ps1'
[0.702s] INFO:colcon.colcon_core.shell:Creating package descriptor '/home/dhruv/bumperbot_ws/install/bumperbot_py_examples/share/bumperbot_py_examples/package.dsv'
[0.702s] INFO:colcon.colcon_core.shell:Creating package script '/home/dhruv/bumperbot_ws/install/bumperbot_py_examples/share/bumperbot_py_examples/package.sh'
[0.702s] INFO:colcon.colcon_core.shell:Creating package script '/home/dhruv/bumperbot_ws/install/bumperbot_py_examples/share/bumperbot_py_examples/package.bash'
[0.702s] INFO:colcon.colcon_core.shell:Creating package script '/home/dhruv/bumperbot_ws/install/bumperbot_py_examples/share/bumperbot_py_examples/package.zsh'
[0.702s] Level 1:colcon.colcon_core.environment:create_file_with_runtime_dependencies(/home/dhruv/bumperbot_ws/install/bumperbot_py_examples/share/colcon-core/packages/bumperbot_py_examples)
[0.702s] DEBUG:colcon.colcon_parallel_executor.executor.parallel:closing loop
[0.703s] DEBUG:colcon.colcon_parallel_executor.executor.parallel:loop closed
[0.703s] DEBUG:colcon.colcon_parallel_executor.executor.parallel:run_until_complete finished with '0'
[0.703s] DEBUG:colcon.colcon_core.event_reactor:joining thread
[0.706s] INFO:colcon.colcon_core.plugin_system:Skipping extension 'colcon_notification.desktop_notification.terminal_notifier': Not used on non-Darwin systems
[0.706s] INFO:colcon.colcon_core.plugin_system:Skipping extension 'colcon_notification.desktop_notification.win32': Not used on non-Windows systems
[0.706s] INFO:colcon.colcon_notification.desktop_notification:Sending desktop notification using 'notify2'
[0.712s] DEBUG:colcon.colcon_core.event_reactor:joined thread
[0.713s] INFO:colcon.colcon_core.shell:Creating prefix script '/home/dhruv/bumperbot_ws/install/local_setup.ps1'
[0.713s] INFO:colcon.colcon_core.shell:Creating prefix util module '/home/dhruv/bumperbot_ws/install/_local_setup_util_ps1.py'
[0.714s] INFO:colcon.colcon_core.shell:Creating prefix chain script '/home/dhruv/bumperbot_ws/install/setup.ps1'
[0.714s] INFO:colcon.colcon_core.shell:Creating prefix script '/home/dhruv/bumperbot_ws/install/local_setup.sh'
[0.714s] INFO:colcon.colcon_core.shell:Creating prefix util module '/home/dhruv/bumperbot_ws/install/_local_setup_util_sh.py'
[0.714s] INFO:colcon.colcon_core.shell:Creating prefix chain script '/home/dhruv/bumperbot_ws/install/setup.sh'
[0.715s] INFO:colcon.colcon_core.shell:Creating prefix script '/home/dhruv/bumperbot_ws/install/local_setup.bash'
[0.715s] INFO:colcon.colcon_core.shell:Creating prefix chain script '/home/dhruv/bumperbot_ws/install/setup.bash'
[0.716s] INFO:colcon.colcon_core.shell:Creating prefix script '/home/dhruv/bumperbot_ws/install/local_setup.zsh'
[0.716s] INFO:colcon.colcon_core.shell:Creating prefix chain script '/home/dhruv/bumperbot_ws/install/setup.zsh'
