[0.531s] Invoking command in '/home/dhruv/bumperbot_ws/src/bumperbot_utils': PYTHONPATH=/home/dhruv/bumperbot_ws/build/bumperbot_utils/prefix_override:/home/dhruv/bumperbot_ws/install/bumperbot_utils/lib/python3.10/site-packages:${PYTHONPATH} /usr/bin/python3 -W ignore:setup.py install is deprecated setup.py egg_info --egg-base ../../build/bumperbot_utils build --build-base /home/dhruv/bumperbot_ws/build/bumperbot_utils/build install --record /home/dhruv/bumperbot_ws/build/bumperbot_utils/install.log --single-version-externally-managed install_data
[0.657s] running egg_info
[0.657s] creating ../../build/bumperbot_utils/bumperbot_utils.egg-info
[0.657s] writing ../../build/bumperbot_utils/bumperbot_utils.egg-info/PKG-INFO
[0.658s] writing dependency_links to ../../build/bumperbot_utils/bumperbot_utils.egg-info/dependency_links.txt
[0.658s] writing entry points to ../../build/bumperbot_utils/bumperbot_utils.egg-info/entry_points.txt
[0.658s] writing requirements to ../../build/bumperbot_utils/bumperbot_utils.egg-info/requires.txt
[0.658s] writing top-level names to ../../build/bumperbot_utils/bumperbot_utils.egg-info/top_level.txt
[0.658s] writing manifest file '../../build/bumperbot_utils/bumperbot_utils.egg-info/SOURCES.txt'
[0.659s] reading manifest file '../../build/bumperbot_utils/bumperbot_utils.egg-info/SOURCES.txt'
[0.659s] writing manifest file '../../build/bumperbot_utils/bumperbot_utils.egg-info/SOURCES.txt'
[0.659s] running build
[0.659s] running build_py
[0.659s] creating /home/dhruv/bumperbot_ws/build/bumperbot_utils/build
[0.659s] creating /home/dhruv/bumperbot_ws/build/bumperbot_utils/build/lib
[0.659s] creating /home/dhruv/bumperbot_ws/build/bumperbot_utils/build/lib/bumperbot_utils
[0.659s] copying bumperbot_utils/__init__.py -> /home/dhruv/bumperbot_ws/build/bumperbot_utils/build/lib/bumperbot_utils
[0.659s] running install
[0.659s] running install_lib
[0.660s] creating /home/dhruv/bumperbot_ws/install/bumperbot_utils/lib/python3.10/site-packages/bumperbot_utils
[0.660s] copying /home/dhruv/bumperbot_ws/build/bumperbot_utils/build/lib/bumperbot_utils/__init__.py -> /home/dhruv/bumperbot_ws/install/bumperbot_utils/lib/python3.10/site-packages/bumperbot_utils
[0.660s] byte-compiling /home/dhruv/bumperbot_ws/install/bumperbot_utils/lib/python3.10/site-packages/bumperbot_utils/__init__.py to __init__.cpython-310.pyc
[0.660s] running install_data
[0.660s] copying resource/bumperbot_utils -> /home/dhruv/bumperbot_ws/install/bumperbot_utils/share/ament_index/resource_index/packages
[0.660s] copying package.xml -> /home/dhruv/bumperbot_ws/install/bumperbot_utils/share/bumperbot_utils
[0.660s] running install_egg_info
[0.662s] Copying ../../build/bumperbot_utils/bumperbot_utils.egg-info to /home/dhruv/bumperbot_ws/install/bumperbot_utils/lib/python3.10/site-packages/bumperbot_utils-0.0.0-py3.10.egg-info
[0.662s] running install_scripts
[0.675s] writing list of installed files to '/home/dhruv/bumperbot_ws/build/bumperbot_utils/install.log'
[0.690s] Invoked command in '/home/dhruv/bumperbot_ws/src/bumperbot_utils' returned '0': PYTHONPATH=/home/dhruv/bumperbot_ws/build/bumperbot_utils/prefix_override:/home/dhruv/bumperbot_ws/install/bumperbot_utils/lib/python3.10/site-packages:${PYTHONPATH} /usr/bin/python3 -W ignore:setup.py install is deprecated setup.py egg_info --egg-base ../../build/bumperbot_utils build --build-base /home/dhruv/bumperbot_ws/build/bumperbot_utils/build install --record /home/dhruv/bumperbot_ws/build/bumperbot_utils/install.log --single-version-externally-managed install_data
