[0.170s] Invoking command in '/home/dhruv/bumperbot_ws/build/bumperbot_utils': CMAKE_PREFIX_PATH=${CMAKE_PREFIX_PATH}:/home/dhruv/bumperbot_ws/install/bumperbot_py_examples:/home/dhruv/ros2_ws/install/new_pkg:/opt/ros/humble /usr/bin/cmake --build /home/dhruv/bumperbot_ws/build/bumperbot_utils -- -j16 -l16
[0.181s] -- Found ament_cmake: 1.3.8 (/opt/ros/humble/share/ament_cmake/cmake)
[0.262s] -- Found rclpy: 3.3.12 (/opt/ros/humble/share/rclpy/cmake)
[0.263s] -- Found nav_msgs: 4.2.3 (/opt/ros/humble/share/nav_msgs/cmake)
[0.287s] -- Found rosidl_generator_c: 3.1.5 (/opt/ros/humble/share/rosidl_generator_c/cmake)
[0.292s] -- Found rosidl_adapter: 3.1.5 (/opt/ros/humble/share/rosidl_adapter/cmake)
[0.298s] -- Found rosidl_generator_cpp: 3.1.5 (/opt/ros/humble/share/rosidl_generator_cpp/cmake)
[0.307s] -- Using all available rosidl_typesupport_c: rosidl_typesupport_fastrtps_c;rosidl_typesupport_introspection_c
[0.319s] -- Using all available rosidl_typesupport_cpp: rosidl_typesupport_fastrtps_cpp;rosidl_typesupport_introspection_cpp
[0.445s] -- Found ament_lint_auto: 0.12.10 (/opt/ros/humble/share/ament_lint_auto/cmake)
[0.487s] -- Added test 'copyright' to check source files copyright and LICENSE
[0.487s] -- Added test 'flake8' to check Python code syntax and style conventions
[0.488s] -- Added test 'lint_cmake' to check CMake code style
[0.488s] -- Added test 'pep257' to check Python code against some of the docstring style conventions in PEP 257
[0.488s] -- Added test 'xmllint' to check XML markup files
[0.489s] -- Configuring done
[0.490s] -- Generating done
[0.491s] -- Build files have been written to: /home/dhruv/bumperbot_ws/build/bumperbot_utils
[0.505s] Invoked command in '/home/dhruv/bumperbot_ws/build/bumperbot_utils' returned '0': CMAKE_PREFIX_PATH=${CMAKE_PREFIX_PATH}:/home/dhruv/bumperbot_ws/install/bumperbot_py_examples:/home/dhruv/ros2_ws/install/new_pkg:/opt/ros/humble /usr/bin/cmake --build /home/dhruv/bumperbot_ws/build/bumperbot_utils -- -j16 -l16
[0.517s] Invoking command in '/home/dhruv/bumperbot_ws/build/bumperbot_utils': CMAKE_PREFIX_PATH=${CMAKE_PREFIX_PATH}:/home/dhruv/bumperbot_ws/install/bumperbot_py_examples:/home/dhruv/ros2_ws/install/new_pkg:/opt/ros/humble /usr/bin/cmake --install /home/dhruv/bumperbot_ws/build/bumperbot_utils
[0.522s] -- Install configuration: ""
[0.522s] [31mCMake Error at cmake_install.cmake:46 (file):
[0.522s]   file INSTALL cannot find
[0.522s]   "/home/dhruv/bumperbot_ws/src/bumperbot_utils/bumperbot_utils/bumperbot_trajectory.py":
[0.522s]   No such file or directory.
[0.522s] 
[0.522s] [0m
[0.523s] Invoked command in '/home/dhruv/bumperbot_ws/build/bumperbot_utils' returned '1': CMAKE_PREFIX_PATH=${CMAKE_PREFIX_PATH}:/home/dhruv/bumperbot_ws/install/bumperbot_py_examples:/home/dhruv/ros2_ws/install/new_pkg:/opt/ros/humble /usr/bin/cmake --install /home/dhruv/bumperbot_ws/build/bumperbot_utils
