[0.013s] Invoking command in '/home/dhruv/bumperbot_ws/build/bumperbot_controller': CMAKE_PREFIX_PATH=${CMAKE_PREFIX_PATH}:/home/dhruv/bumperbot_ws/install/bumperbot_py_examples:/home/dhruv/ros2_ws/install/new_pkg:/opt/ros/humble /usr/bin/cmake --build /home/dhruv/bumperbot_ws/build/bumperbot_controller -- -j16 -l16
[0.035s] [35m[1mConsolidate compiler generated dependencies of target simple_controller[0m
[0.040s] [ 50%] [32mBuilding CXX object CMakeFiles/simple_controller.dir/src/simple_controller.cpp.o[0m
[0.045s] [ 50%] Built target ament_cmake_python_copy_bumperbot_controller
[0.172s] running egg_info
[0.173s] writing bumperbot_controller.egg-info/PKG-INFO
[0.173s] writing dependency_links to bumperbot_controller.egg-info/dependency_links.txt
[0.173s] writing top-level names to bumperbot_controller.egg-info/top_level.txt
[0.174s] reading manifest file 'bumperbot_controller.egg-info/SOURCES.txt'
[0.174s] writing manifest file 'bumperbot_controller.egg-info/SOURCES.txt'
[0.190s] [ 50%] Built target ament_cmake_python_build_bumperbot_controller_egg
[4.499s] [100%] [32m[1mLinking CXX executable simple_controller[0m
[4.712s] [100%] Built target simple_controller
[4.719s] Invoked command in '/home/dhruv/bumperbot_ws/build/bumperbot_controller' returned '0': CMAKE_PREFIX_PATH=${CMAKE_PREFIX_PATH}:/home/dhruv/bumperbot_ws/install/bumperbot_py_examples:/home/dhruv/ros2_ws/install/new_pkg:/opt/ros/humble /usr/bin/cmake --build /home/dhruv/bumperbot_ws/build/bumperbot_controller -- -j16 -l16
[4.733s] Invoking command in '/home/dhruv/bumperbot_ws/build/bumperbot_controller': CMAKE_PREFIX_PATH=${CMAKE_PREFIX_PATH}:/home/dhruv/bumperbot_ws/install/bumperbot_py_examples:/home/dhruv/ros2_ws/install/new_pkg:/opt/ros/humble /usr/bin/cmake --install /home/dhruv/bumperbot_ws/build/bumperbot_controller
[4.738s] -- Install configuration: ""
[4.738s] -- Up-to-date: /home/dhruv/bumperbot_ws/install/bumperbot_controller/share/bumperbot_controller/environment/pythonpath.sh
[4.738s] -- Installing: /home/dhruv/bumperbot_ws/install/bumperbot_controller/share/bumperbot_controller/environment/pythonpath.dsv
[4.738s] -- Up-to-date: /home/dhruv/bumperbot_ws/install/bumperbot_controller/local/lib/python3.10/dist-packages/bumperbot_controller-0.0.0-py3.10.egg-info
[4.738s] -- Installing: /home/dhruv/bumperbot_ws/install/bumperbot_controller/local/lib/python3.10/dist-packages/bumperbot_controller-0.0.0-py3.10.egg-info/top_level.txt
[4.738s] -- Installing: /home/dhruv/bumperbot_ws/install/bumperbot_controller/local/lib/python3.10/dist-packages/bumperbot_controller-0.0.0-py3.10.egg-info/SOURCES.txt
[4.738s] -- Installing: /home/dhruv/bumperbot_ws/install/bumperbot_controller/local/lib/python3.10/dist-packages/bumperbot_controller-0.0.0-py3.10.egg-info/dependency_links.txt
[4.738s] -- Installing: /home/dhruv/bumperbot_ws/install/bumperbot_controller/local/lib/python3.10/dist-packages/bumperbot_controller-0.0.0-py3.10.egg-info/PKG-INFO
[4.738s] -- Up-to-date: /home/dhruv/bumperbot_ws/install/bumperbot_controller/local/lib/python3.10/dist-packages/bumperbot_controller
[4.738s] -- Up-to-date: /home/dhruv/bumperbot_ws/install/bumperbot_controller/local/lib/python3.10/dist-packages/bumperbot_controller/simple_controller.py
[4.738s] -- Up-to-date: /home/dhruv/bumperbot_ws/install/bumperbot_controller/local/lib/python3.10/dist-packages/bumperbot_controller/__init__.py
[4.756s] Listing '/home/dhruv/bumperbot_ws/install/bumperbot_controller/local/lib/python3.10/dist-packages/bumperbot_controller'...
[4.758s] -- Installing: /home/dhruv/bumperbot_ws/install/bumperbot_controller/lib/bumperbot_controller/simple_controller
[4.760s] -- Set runtime path of "/home/dhruv/bumperbot_ws/install/bumperbot_controller/lib/bumperbot_controller/simple_controller" to ""
[4.761s] -- Up-to-date: /home/dhruv/bumperbot_ws/install/bumperbot_controller/share/bumperbot_controller/config
[4.761s] -- Up-to-date: /home/dhruv/bumperbot_ws/install/bumperbot_controller/share/bumperbot_controller/config/bumperbot_controllers.yaml
[4.761s] -- Up-to-date: /home/dhruv/bumperbot_ws/install/bumperbot_controller/share/bumperbot_controller/launch
[4.761s] -- Up-to-date: /home/dhruv/bumperbot_ws/install/bumperbot_controller/share/bumperbot_controller/launch/controller.launch.py
[4.761s] -- Up-to-date: /home/dhruv/bumperbot_ws/install/bumperbot_controller/lib/bumperbot_controller/simple_controller.py
[4.761s] -- Installing: /home/dhruv/bumperbot_ws/install/bumperbot_controller/share/ament_index/resource_index/package_run_dependencies/bumperbot_controller
[4.761s] -- Up-to-date: /home/dhruv/bumperbot_ws/install/bumperbot_controller/share/ament_index/resource_index/parent_prefix_path/bumperbot_controller
[4.761s] -- Up-to-date: /home/dhruv/bumperbot_ws/install/bumperbot_controller/share/bumperbot_controller/environment/ament_prefix_path.sh
[4.761s] -- Installing: /home/dhruv/bumperbot_ws/install/bumperbot_controller/share/bumperbot_controller/environment/ament_prefix_path.dsv
[4.761s] -- Up-to-date: /home/dhruv/bumperbot_ws/install/bumperbot_controller/share/bumperbot_controller/environment/path.sh
[4.761s] -- Installing: /home/dhruv/bumperbot_ws/install/bumperbot_controller/share/bumperbot_controller/environment/path.dsv
[4.761s] -- Up-to-date: /home/dhruv/bumperbot_ws/install/bumperbot_controller/share/bumperbot_controller/local_setup.bash
[4.761s] -- Up-to-date: /home/dhruv/bumperbot_ws/install/bumperbot_controller/share/bumperbot_controller/local_setup.sh
[4.761s] -- Up-to-date: /home/dhruv/bumperbot_ws/install/bumperbot_controller/share/bumperbot_controller/local_setup.zsh
[4.761s] -- Installing: /home/dhruv/bumperbot_ws/install/bumperbot_controller/share/bumperbot_controller/local_setup.dsv
[4.761s] -- Up-to-date: /home/dhruv/bumperbot_ws/install/bumperbot_controller/share/bumperbot_controller/package.dsv
[4.761s] -- Up-to-date: /home/dhruv/bumperbot_ws/install/bumperbot_controller/share/ament_index/resource_index/packages/bumperbot_controller
[4.761s] -- Up-to-date: /home/dhruv/bumperbot_ws/install/bumperbot_controller/share/bumperbot_controller/cmake/bumperbot_controllerConfig.cmake
[4.761s] -- Up-to-date: /home/dhruv/bumperbot_ws/install/bumperbot_controller/share/bumperbot_controller/cmake/bumperbot_controllerConfig-version.cmake
[4.761s] -- Installing: /home/dhruv/bumperbot_ws/install/bumperbot_controller/share/bumperbot_controller/package.xml
[4.762s] Invoked command in '/home/dhruv/bumperbot_ws/build/bumperbot_controller' returned '0': CMAKE_PREFIX_PATH=${CMAKE_PREFIX_PATH}:/home/dhruv/bumperbot_ws/install/bumperbot_py_examples:/home/dhruv/ros2_ws/install/new_pkg:/opt/ros/humble /usr/bin/cmake --install /home/dhruv/bumperbot_ws/build/bumperbot_controller
