[0.016s] Invoking command in '/home/dhruv/bumperbot_ws/build/bumperbot_controller': CMAKE_PREFIX_PATH=${CMAKE_PREFIX_PATH}:/home/dhruv/bumperbot_ws/install/bumperbot_py_examples:/home/dhruv/ros2_ws/install/new_pkg:/opt/ros/humble /usr/bin/cmake --build /home/dhruv/bumperbot_ws/build/bumperbot_controller -- -j16 -l16
[0.037s] -- Found ament_cmake: 1.3.8 (/opt/ros/humble/share/ament_cmake/cmake)
[0.143s] -- Found rclcpp: 16.0.8 (/opt/ros/humble/share/rclcpp/cmake)
[0.173s] -- Found rosidl_generator_c: 3.1.5 (/opt/ros/humble/share/rosidl_generator_c/cmake)
[0.175s] -- Found rosidl_adapter: 3.1.5 (/opt/ros/humble/share/rosidl_adapter/cmake)
[0.181s] -- Found rosidl_generator_cpp: 3.1.5 (/opt/ros/humble/share/rosidl_generator_cpp/cmake)
[0.193s] -- Using all available rosidl_typesupport_c: rosidl_typesupport_fastrtps_c;rosidl_typesupport_introspection_c
[0.215s] -- Using all available rosidl_typesupport_cpp: rosidl_typesupport_fastrtps_cpp;rosidl_typesupport_introspection_cpp
[0.267s] -- Found rmw_implementation_cmake: 6.1.1 (/opt/ros/humble/share/rmw_implementation_cmake/cmake)
[0.270s] -- Found rmw_cyclonedds_cpp: 1.3.4 (/opt/ros/humble/share/rmw_cyclonedds_cpp/cmake)
[0.293s] -- Using RMW implementation 'rmw_cyclonedds_cpp' as default
[0.401s] -- Found rclpy: 3.3.12 (/opt/ros/humble/share/rclpy/cmake)
[0.401s] -- Found geometry_msgs: 4.2.3 (/opt/ros/humble/share/geometry_msgs/cmake)
[0.526s] -- Configuring done
[0.537s] -- Generating done
[0.538s] -- Build files have been written to: /home/dhruv/bumperbot_ws/build/bumperbot_controller
[0.559s] [35m[1mConsolidate compiler generated dependencies of target simple_controller[0m
[0.572s] [  0%] Built target ament_cmake_python_copy_bumperbot_controller
[0.576s] [100%] Built target simple_controller
[0.716s] running egg_info
[0.717s] writing bumperbot_controller.egg-info/PKG-INFO
[0.717s] writing dependency_links to bumperbot_controller.egg-info/dependency_links.txt
[0.717s] writing top-level names to bumperbot_controller.egg-info/top_level.txt
[0.718s] reading manifest file 'bumperbot_controller.egg-info/SOURCES.txt'
[0.719s] writing manifest file 'bumperbot_controller.egg-info/SOURCES.txt'
[0.735s] [100%] Built target ament_cmake_python_build_bumperbot_controller_egg
[0.743s] Invoked command in '/home/dhruv/bumperbot_ws/build/bumperbot_controller' returned '0': CMAKE_PREFIX_PATH=${CMAKE_PREFIX_PATH}:/home/dhruv/bumperbot_ws/install/bumperbot_py_examples:/home/dhruv/ros2_ws/install/new_pkg:/opt/ros/humble /usr/bin/cmake --build /home/dhruv/bumperbot_ws/build/bumperbot_controller -- -j16 -l16
[0.764s] Invoking command in '/home/dhruv/bumperbot_ws/build/bumperbot_controller': CMAKE_PREFIX_PATH=${CMAKE_PREFIX_PATH}:/home/dhruv/bumperbot_ws/install/bumperbot_py_examples:/home/dhruv/ros2_ws/install/new_pkg:/opt/ros/humble /usr/bin/cmake --install /home/dhruv/bumperbot_ws/build/bumperbot_controller
[0.768s] -- Install configuration: ""
[0.768s] -- Up-to-date: /home/dhruv/bumperbot_ws/install/bumperbot_controller/share/bumperbot_controller/environment/pythonpath.sh
[0.768s] -- Installing: /home/dhruv/bumperbot_ws/install/bumperbot_controller/share/bumperbot_controller/environment/pythonpath.dsv
[0.768s] -- Up-to-date: /home/dhruv/bumperbot_ws/install/bumperbot_controller/local/lib/python3.10/dist-packages/bumperbot_controller-0.0.0-py3.10.egg-info
[0.768s] -- Installing: /home/dhruv/bumperbot_ws/install/bumperbot_controller/local/lib/python3.10/dist-packages/bumperbot_controller-0.0.0-py3.10.egg-info/top_level.txt
[0.769s] -- Installing: /home/dhruv/bumperbot_ws/install/bumperbot_controller/local/lib/python3.10/dist-packages/bumperbot_controller-0.0.0-py3.10.egg-info/SOURCES.txt
[0.769s] -- Installing: /home/dhruv/bumperbot_ws/install/bumperbot_controller/local/lib/python3.10/dist-packages/bumperbot_controller-0.0.0-py3.10.egg-info/dependency_links.txt
[0.769s] -- Installing: /home/dhruv/bumperbot_ws/install/bumperbot_controller/local/lib/python3.10/dist-packages/bumperbot_controller-0.0.0-py3.10.egg-info/PKG-INFO
[0.769s] -- Up-to-date: /home/dhruv/bumperbot_ws/install/bumperbot_controller/local/lib/python3.10/dist-packages/bumperbot_controller
[0.769s] -- Up-to-date: /home/dhruv/bumperbot_ws/install/bumperbot_controller/local/lib/python3.10/dist-packages/bumperbot_controller/simple_controller.py
[0.769s] -- Up-to-date: /home/dhruv/bumperbot_ws/install/bumperbot_controller/local/lib/python3.10/dist-packages/bumperbot_controller/__init__.py
[0.790s] Listing '/home/dhruv/bumperbot_ws/install/bumperbot_controller/local/lib/python3.10/dist-packages/bumperbot_controller'...
[0.793s] -- Installing: /home/dhruv/bumperbot_ws/install/bumperbot_controller/include/include
[0.794s] -- Installing: /home/dhruv/bumperbot_ws/install/bumperbot_controller/include/include/bumperbot_controller
[0.794s] -- Installing: /home/dhruv/bumperbot_ws/install/bumperbot_controller/include/include/bumperbot_controller/simple_controller.hpp
[0.795s] -- Up-to-date: /home/dhruv/bumperbot_ws/install/bumperbot_controller/lib/bumperbot_controller/simple_controller
[0.795s] -- Up-to-date: /home/dhruv/bumperbot_ws/install/bumperbot_controller/share/bumperbot_controller/launch
[0.795s] -- Up-to-date: /home/dhruv/bumperbot_ws/install/bumperbot_controller/share/bumperbot_controller/launch/controller.launch.py
[0.795s] -- Installing: /home/dhruv/bumperbot_ws/install/bumperbot_controller/share/bumperbot_controller/launch/joystick_teleop.launch.py
[0.795s] -- Up-to-date: /home/dhruv/bumperbot_ws/install/bumperbot_controller/share/bumperbot_controller/config
[0.795s] -- Installing: /home/dhruv/bumperbot_ws/install/bumperbot_controller/share/bumperbot_controller/config/joy_config.yaml
[0.795s] -- Installing: /home/dhruv/bumperbot_ws/install/bumperbot_controller/share/bumperbot_controller/config/bumperbot_controllers.yaml
[0.795s] -- Installing: /home/dhruv/bumperbot_ws/install/bumperbot_controller/share/bumperbot_controller/config/joy_teleop.yaml
[0.796s] -- Up-to-date: /home/dhruv/bumperbot_ws/install/bumperbot_controller/lib/bumperbot_controller/simple_controller.py
[0.796s] -- Installing: /home/dhruv/bumperbot_ws/install/bumperbot_controller/share/ament_index/resource_index/package_run_dependencies/bumperbot_controller
[0.796s] -- Up-to-date: /home/dhruv/bumperbot_ws/install/bumperbot_controller/share/ament_index/resource_index/parent_prefix_path/bumperbot_controller
[0.796s] -- Up-to-date: /home/dhruv/bumperbot_ws/install/bumperbot_controller/share/bumperbot_controller/environment/ament_prefix_path.sh
[0.796s] -- Installing: /home/dhruv/bumperbot_ws/install/bumperbot_controller/share/bumperbot_controller/environment/ament_prefix_path.dsv
[0.797s] -- Up-to-date: /home/dhruv/bumperbot_ws/install/bumperbot_controller/share/bumperbot_controller/environment/path.sh
[0.798s] -- Installing: /home/dhruv/bumperbot_ws/install/bumperbot_controller/share/bumperbot_controller/environment/path.dsv
[0.799s] -- Up-to-date: /home/dhruv/bumperbot_ws/install/bumperbot_controller/share/bumperbot_controller/local_setup.bash
[0.799s] -- Up-to-date: /home/dhruv/bumperbot_ws/install/bumperbot_controller/share/bumperbot_controller/local_setup.sh
[0.799s] -- Up-to-date: /home/dhruv/bumperbot_ws/install/bumperbot_controller/share/bumperbot_controller/local_setup.zsh
[0.799s] -- Installing: /home/dhruv/bumperbot_ws/install/bumperbot_controller/share/bumperbot_controller/local_setup.dsv
[0.800s] -- Installing: /home/dhruv/bumperbot_ws/install/bumperbot_controller/share/bumperbot_controller/package.dsv
[0.802s] -- Up-to-date: /home/dhruv/bumperbot_ws/install/bumperbot_controller/share/ament_index/resource_index/packages/bumperbot_controller
[0.802s] -- Up-to-date: /home/dhruv/bumperbot_ws/install/bumperbot_controller/share/bumperbot_controller/cmake/bumperbot_controllerConfig.cmake
[0.802s] -- Up-to-date: /home/dhruv/bumperbot_ws/install/bumperbot_controller/share/bumperbot_controller/cmake/bumperbot_controllerConfig-version.cmake
[0.803s] -- Installing: /home/dhruv/bumperbot_ws/install/bumperbot_controller/share/bumperbot_controller/package.xml
[0.803s] Invoked command in '/home/dhruv/bumperbot_ws/build/bumperbot_controller' returned '0': CMAKE_PREFIX_PATH=${CMAKE_PREFIX_PATH}:/home/dhruv/bumperbot_ws/install/bumperbot_py_examples:/home/dhruv/ros2_ws/install/new_pkg:/opt/ros/humble /usr/bin/cmake --install /home/dhruv/bumperbot_ws/build/bumperbot_controller
