[0.168s] Invoking command in '/home/dhruv/bumperbot_ws/build/bumperbot_utils': CMAKE_PREFIX_PATH=${CMAKE_PREFIX_PATH}:/home/dhruv/bumperbot_ws/install/bumperbot_py_examples:/home/dhruv/ros2_ws/install/new_pkg:/opt/ros/humble /usr/bin/cmake /home/dhruv/bumperbot_ws/src/bumperbot_utils -DCMAKE_INSTALL_PREFIX=/home/dhruv/bumperbot_ws/install/bumperbot_utils
[0.234s] -- The C compiler identification is GNU 11.4.0
[0.294s] -- The CXX compiler identification is GNU 11.4.0
[0.299s] -- Detecting C compiler ABI info
[0.343s] -- Detecting C compiler ABI info - done
[0.349s] -- Check for working C compiler: /usr/bin/cc - skipped
[0.350s] -- Detecting C compile features
[0.350s] -- Detecting C compile features - done
[0.352s] -- Detecting CXX compiler ABI info
[0.400s] -- Detecting CXX compiler ABI info - done
[0.404s] -- Check for working CXX compiler: /usr/bin/c++ - skipped
[0.405s] -- Detecting CXX compile features
[0.405s] -- Detecting CXX compile features - done
[0.407s] -- Found ament_cmake: 1.3.8 (/opt/ros/humble/share/ament_cmake/cmake)
[0.505s] -- Found Python3: /usr/bin/python3 (found version "3.10.12") found components: Interpreter 
[0.567s] -- Found ament_lint_auto: 0.12.10 (/opt/ros/humble/share/ament_lint_auto/cmake)
[0.616s] -- Added test 'lint_cmake' to check CMake code style
[0.617s] -- Added test 'xmllint' to check XML markup files
[0.618s] -- Configuring done
[0.619s] -- Generating done
[0.619s] -- Build files have been written to: /home/dhruv/bumperbot_ws/build/bumperbot_utils
[0.623s] Invoked command in '/home/dhruv/bumperbot_ws/build/bumperbot_utils' returned '0': CMAKE_PREFIX_PATH=${CMAKE_PREFIX_PATH}:/home/dhruv/bumperbot_ws/install/bumperbot_py_examples:/home/dhruv/ros2_ws/install/new_pkg:/opt/ros/humble /usr/bin/cmake /home/dhruv/bumperbot_ws/src/bumperbot_utils -DCMAKE_INSTALL_PREFIX=/home/dhruv/bumperbot_ws/install/bumperbot_utils
[0.623s] Invoking command in '/home/dhruv/bumperbot_ws/build/bumperbot_utils': CMAKE_PREFIX_PATH=${CMAKE_PREFIX_PATH}:/home/dhruv/bumperbot_ws/install/bumperbot_py_examples:/home/dhruv/ros2_ws/install/new_pkg:/opt/ros/humble /usr/bin/cmake --build /home/dhruv/bumperbot_ws/build/bumperbot_utils -- -j16 -l16
[0.643s] Invoked command in '/home/dhruv/bumperbot_ws/build/bumperbot_utils' returned '0': CMAKE_PREFIX_PATH=${CMAKE_PREFIX_PATH}:/home/dhruv/bumperbot_ws/install/bumperbot_py_examples:/home/dhruv/ros2_ws/install/new_pkg:/opt/ros/humble /usr/bin/cmake --build /home/dhruv/bumperbot_ws/build/bumperbot_utils -- -j16 -l16
[0.656s] Invoking command in '/home/dhruv/bumperbot_ws/build/bumperbot_utils': CMAKE_PREFIX_PATH=${CMAKE_PREFIX_PATH}:/home/dhruv/bumperbot_ws/install/bumperbot_py_examples:/home/dhruv/ros2_ws/install/new_pkg:/opt/ros/humble /usr/bin/cmake --install /home/dhruv/bumperbot_ws/build/bumperbot_utils
[0.660s] -- Install configuration: ""
[0.660s] -- Installing: /home/dhruv/bumperbot_ws/install/bumperbot_utils/share/ament_index/resource_index/package_run_dependencies/bumperbot_utils
[0.660s] -- Installing: /home/dhruv/bumperbot_ws/install/bumperbot_utils/share/ament_index/resource_index/parent_prefix_path/bumperbot_utils
[0.660s] -- Installing: /home/dhruv/bumperbot_ws/install/bumperbot_utils/share/bumperbot_utils/environment/ament_prefix_path.sh
[0.660s] -- Installing: /home/dhruv/bumperbot_ws/install/bumperbot_utils/share/bumperbot_utils/environment/ament_prefix_path.dsv
[0.660s] -- Installing: /home/dhruv/bumperbot_ws/install/bumperbot_utils/share/bumperbot_utils/environment/path.sh
[0.660s] -- Installing: /home/dhruv/bumperbot_ws/install/bumperbot_utils/share/bumperbot_utils/environment/path.dsv
[0.660s] -- Installing: /home/dhruv/bumperbot_ws/install/bumperbot_utils/share/bumperbot_utils/local_setup.bash
[0.660s] -- Installing: /home/dhruv/bumperbot_ws/install/bumperbot_utils/share/bumperbot_utils/local_setup.sh
[0.660s] -- Installing: /home/dhruv/bumperbot_ws/install/bumperbot_utils/share/bumperbot_utils/local_setup.zsh
[0.660s] -- Installing: /home/dhruv/bumperbot_ws/install/bumperbot_utils/share/bumperbot_utils/local_setup.dsv
[0.661s] -- Installing: /home/dhruv/bumperbot_ws/install/bumperbot_utils/share/bumperbot_utils/package.dsv
[0.661s] -- Installing: /home/dhruv/bumperbot_ws/install/bumperbot_utils/share/ament_index/resource_index/packages/bumperbot_utils
[0.661s] -- Installing: /home/dhruv/bumperbot_ws/install/bumperbot_utils/share/bumperbot_utils/cmake/bumperbot_utilsConfig.cmake
[0.661s] -- Installing: /home/dhruv/bumperbot_ws/install/bumperbot_utils/share/bumperbot_utils/cmake/bumperbot_utilsConfig-version.cmake
[0.661s] -- Installing: /home/dhruv/bumperbot_ws/install/bumperbot_utils/share/bumperbot_utils/package.xml
[0.661s] Invoked command in '/home/dhruv/bumperbot_ws/build/bumperbot_utils' returned '0': CMAKE_PREFIX_PATH=${CMAKE_PREFIX_PATH}:/home/dhruv/bumperbot_ws/install/bumperbot_py_examples:/home/dhruv/ros2_ws/install/new_pkg:/opt/ros/humble /usr/bin/cmake --install /home/dhruv/bumperbot_ws/build/bumperbot_utils
