[0.609s] Invoking command in '/home/dhruv/bumperbot_ws/src/bumperbot_py_examples': PYTHONPATH=/home/dhruv/bumperbot_ws/build/bumperbot_py_examples/prefix_override:/home/dhruv/bumperbot_ws/install/bumperbot_py_examples/lib/python3.10/site-packages:${PYTHONPATH} /usr/bin/python3 -W ignore:setup.py install is deprecated setup.py egg_info --egg-base ../../build/bumperbot_py_examples build --build-base /home/dhruv/bumperbot_ws/build/bumperbot_py_examples/build install --record /home/dhruv/bumperbot_ws/build/bumperbot_py_examples/install.log --single-version-externally-managed install_data
[0.743s] running egg_info
[0.744s] writing ../../build/bumperbot_py_examples/bumperbot_py_examples.egg-info/PKG-INFO
[0.744s] writing dependency_links to ../../build/bumperbot_py_examples/bumperbot_py_examples.egg-info/dependency_links.txt
[0.744s] writing entry points to ../../build/bumperbot_py_examples/bumperbot_py_examples.egg-info/entry_points.txt
[0.744s] writing requirements to ../../build/bumperbot_py_examples/bumperbot_py_examples.egg-info/requires.txt
[0.744s] writing top-level names to ../../build/bumperbot_py_examples/bumperbot_py_examples.egg-info/top_level.txt
[0.745s] reading manifest file '../../build/bumperbot_py_examples/bumperbot_py_examples.egg-info/SOURCES.txt'
[0.746s] writing manifest file '../../build/bumperbot_py_examples/bumperbot_py_examples.egg-info/SOURCES.txt'
[0.746s] running build
[0.746s] running build_py
[0.746s] running install
[0.746s] running install_lib
[0.747s] running install_data
[0.747s] running install_egg_info
[0.749s] removing '/home/dhruv/bumperbot_ws/install/bumperbot_py_examples/lib/python3.10/site-packages/bumperbot_py_examples-0.0.0-py3.10.egg-info' (and everything under it)
[0.749s] Copying ../../build/bumperbot_py_examples/bumperbot_py_examples.egg-info to /home/dhruv/bumperbot_ws/install/bumperbot_py_examples/lib/python3.10/site-packages/bumperbot_py_examples-0.0.0-py3.10.egg-info
[0.749s] running install_scripts
[0.762s] Installing simple_parameter script to /home/dhruv/bumperbot_ws/install/bumperbot_py_examples/lib/bumperbot_py_examples
[0.762s] Installing simple_publisher script to /home/dhruv/bumperbot_ws/install/bumperbot_py_examples/lib/bumperbot_py_examples
[0.762s] Installing simple_service_client script to /home/dhruv/bumperbot_ws/install/bumperbot_py_examples/lib/bumperbot_py_examples
[0.762s] Installing simple_service_server script to /home/dhruv/bumperbot_ws/install/bumperbot_py_examples/lib/bumperbot_py_examples
[0.762s] Installing simple_subscriber script to /home/dhruv/bumperbot_ws/install/bumperbot_py_examples/lib/bumperbot_py_examples
[0.762s] Installing simple_tf_kinematics script to /home/dhruv/bumperbot_ws/install/bumperbot_py_examples/lib/bumperbot_py_examples
[0.762s] Installing simple_turtlesim_kinematics script to /home/dhruv/bumperbot_ws/install/bumperbot_py_examples/lib/bumperbot_py_examples
[0.763s] writing list of installed files to '/home/dhruv/bumperbot_ws/build/bumperbot_py_examples/install.log'
[0.781s] Invoked command in '/home/dhruv/bumperbot_ws/src/bumperbot_py_examples' returned '0': PYTHONPATH=/home/dhruv/bumperbot_ws/build/bumperbot_py_examples/prefix_override:/home/dhruv/bumperbot_ws/install/bumperbot_py_examples/lib/python3.10/site-packages:${PYTHONPATH} /usr/bin/python3 -W ignore:setup.py install is deprecated setup.py egg_info --egg-base ../../build/bumperbot_py_examples build --build-base /home/dhruv/bumperbot_ws/build/bumperbot_py_examples/build install --record /home/dhruv/bumperbot_ws/build/bumperbot_py_examples/install.log --single-version-externally-managed install_data
