[0.339s] Invoking command in '/home/dhruv/bumperbot_ws/src/bumperbot_py_examples': PYTHONPATH=/home/dhruv/bumperbot_ws/build/bumperbot_py_examples/prefix_override:/home/dhruv/bumperbot_ws/install/bumperbot_py_examples/lib/python3.10/site-packages:${PYTHONPATH} /usr/bin/python3 -W ignore:setup.py install is deprecated setup.py egg_info --egg-base ../../build/bumperbot_py_examples build --build-base /home/dhruv/bumperbot_ws/build/bumperbot_py_examples/build install --record /home/dhruv/bumperbot_ws/build/bumperbot_py_examples/install.log --single-version-externally-managed install_data
[0.459s] running egg_info
[0.459s] writing ../../build/bumperbot_py_examples/bumperbot_py_examples.egg-info/PKG-INFO
[0.459s] writing dependency_links to ../../build/bumperbot_py_examples/bumperbot_py_examples.egg-info/dependency_links.txt
[0.459s] writing entry points to ../../build/bumperbot_py_examples/bumperbot_py_examples.egg-info/entry_points.txt
[0.459s] writing requirements to ../../build/bumperbot_py_examples/bumperbot_py_examples.egg-info/requires.txt
[0.459s] writing top-level names to ../../build/bumperbot_py_examples/bumperbot_py_examples.egg-info/top_level.txt
[0.460s] reading manifest file '../../build/bumperbot_py_examples/bumperbot_py_examples.egg-info/SOURCES.txt'
[0.461s] writing manifest file '../../build/bumperbot_py_examples/bumperbot_py_examples.egg-info/SOURCES.txt'
[0.461s] running build
[0.461s] running build_py
[0.461s] copying bumperbot_py_examples/simple_turtlesim_kinematics.py -> /home/dhruv/bumperbot_ws/build/bumperbot_py_examples/build/lib/bumperbot_py_examples
[0.461s] running install
[0.461s] running install_lib
[0.461s] copying /home/dhruv/bumperbot_ws/build/bumperbot_py_examples/build/lib/bumperbot_py_examples/simple_turtlesim_kinematics.py -> /home/dhruv/bumperbot_ws/install/bumperbot_py_examples/lib/python3.10/site-packages/bumperbot_py_examples
[0.462s] byte-compiling /home/dhruv/bumperbot_ws/install/bumperbot_py_examples/lib/python3.10/site-packages/bumperbot_py_examples/simple_turtlesim_kinematics.py to simple_turtlesim_kinematics.cpython-310.pyc
[0.462s] running install_data
[0.462s] copying package.xml -> /home/dhruv/bumperbot_ws/install/bumperbot_py_examples/share/bumperbot_py_examples
[0.462s] running install_egg_info
[0.464s] removing '/home/dhruv/bumperbot_ws/install/bumperbot_py_examples/lib/python3.10/site-packages/bumperbot_py_examples-0.0.0-py3.10.egg-info' (and everything under it)
[0.464s] Copying ../../build/bumperbot_py_examples/bumperbot_py_examples.egg-info to /home/dhruv/bumperbot_ws/install/bumperbot_py_examples/lib/python3.10/site-packages/bumperbot_py_examples-0.0.0-py3.10.egg-info
[0.464s] running install_scripts
[0.476s] Installing simple_parameter script to /home/dhruv/bumperbot_ws/install/bumperbot_py_examples/lib/bumperbot_py_examples
[0.476s] Installing simple_publisher script to /home/dhruv/bumperbot_ws/install/bumperbot_py_examples/lib/bumperbot_py_examples
[0.476s] Installing simple_subscriber script to /home/dhruv/bumperbot_ws/install/bumperbot_py_examples/lib/bumperbot_py_examples
[0.476s] Installing simple_turtlesim_kinematics script to /home/dhruv/bumperbot_ws/install/bumperbot_py_examples/lib/bumperbot_py_examples
[0.476s] writing list of installed files to '/home/dhruv/bumperbot_ws/build/bumperbot_py_examples/install.log'
[0.489s] Invoked command in '/home/dhruv/bumperbot_ws/src/bumperbot_py_examples' returned '0': PYTHONPATH=/home/dhruv/bumperbot_ws/build/bumperbot_py_examples/prefix_override:/home/dhruv/bumperbot_ws/install/bumperbot_py_examples/lib/python3.10/site-packages:${PYTHONPATH} /usr/bin/python3 -W ignore:setup.py install is deprecated setup.py egg_info --egg-base ../../build/bumperbot_py_examples build --build-base /home/dhruv/bumperbot_ws/build/bumperbot_py_examples/build install --record /home/dhruv/bumperbot_ws/build/bumperbot_py_examples/install.log --single-version-externally-managed install_data
