[0.103s] DEBUG:colcon:Command line arguments: ['/home/dhruv/.local/bin/colcon', 'build']
[0.103s] DEBUG:colcon:Parsed command line arguments: Namespace(log_base=None, log_level=None, verb_name='build', build_base='build', install_base='install', merge_install=False, symlink_install=False, test_result_base=None, continue_on_error=False, executor='parallel', parallel_workers=16, event_handlers=None, ignore_user_meta=False, metas=['./colcon.meta'], base_paths=['.'], packages_ignore=None, packages_ignore_regex=None, paths=None, packages_up_to=None, packages_up_to_regex=None, packages_above=None, packages_above_and_dependencies=None, packages_above_depth=None, packages_select_by_dep=None, packages_skip_by_dep=None, packages_skip_up_to=None, packages_select_build_failed=False, packages_skip_build_finished=False, packages_select_test_failures=False, packages_skip_test_passed=False, packages_select=None, packages_skip=None, packages_select_regex=None, packages_skip_regex=None, packages_start=None, packages_end=None, allow_overriding=[], cmake_args=None, cmake_target=None, cmake_target_skip_unavailable=False, cmake_clean_cache=False, cmake_clean_first=False, cmake_force_configure=False, ament_cmake_args=None, catkin_cmake_args=None, catkin_skip_building_tests=False, verb_parser=<colcon_defaults.argument_parser.defaults.DefaultArgumentsDecorator object at 0x7f1ba64b2e60>, verb_extension=<colcon_core.verb.build.BuildVerb object at 0x7f1ba64b2950>, main=<bound method BuildVerb.main of <colcon_core.verb.build.BuildVerb object at 0x7f1ba64b2950>>)
[0.215s] Level 1:colcon.colcon_core.package_discovery:discover_packages(colcon_meta) check parameters
[0.215s] Level 1:colcon.colcon_core.package_discovery:discover_packages(recursive) check parameters
[0.215s] Level 1:colcon.colcon_core.package_discovery:discover_packages(ignore) check parameters
[0.215s] Level 1:colcon.colcon_core.package_discovery:discover_packages(path) check parameters
[0.215s] Level 1:colcon.colcon_core.package_discovery:discover_packages(colcon_meta) discover
[0.215s] Level 1:colcon.colcon_core.package_discovery:discover_packages(recursive) discover
[0.215s] INFO:colcon.colcon_core.package_discovery:Crawling recursively for packages in '/home/dhruv/bumperbot_ws'
[0.215s] Level 1:colcon.colcon_core.package_identification:_identify(.) by extensions ['ignore', 'ignore_ament_install']
[0.215s] Level 1:colcon.colcon_core.package_identification:_identify(.) by extension 'ignore'
[0.215s] Level 1:colcon.colcon_core.package_identification:_identify(.) by extension 'ignore_ament_install'
[0.215s] Level 1:colcon.colcon_core.package_identification:_identify(.) by extensions ['colcon_pkg']
[0.215s] Level 1:colcon.colcon_core.package_identification:_identify(.) by extension 'colcon_pkg'
[0.215s] Level 1:colcon.colcon_core.package_identification:_identify(.) by extensions ['colcon_meta']
[0.215s] Level 1:colcon.colcon_core.package_identification:_identify(.) by extension 'colcon_meta'
[0.215s] Level 1:colcon.colcon_core.package_identification:_identify(.) by extensions ['ros']
[0.215s] Level 1:colcon.colcon_core.package_identification:_identify(.) by extension 'ros'
[0.225s] Level 1:colcon.colcon_core.package_identification:_identify(.) by extensions ['cmake', 'python']
[0.225s] Level 1:colcon.colcon_core.package_identification:_identify(.) by extension 'cmake'
[0.226s] Level 1:colcon.colcon_core.package_identification:_identify(.) by extension 'python'
[0.226s] Level 1:colcon.colcon_core.package_identification:_identify(.) by extensions ['python_setup_py']
[0.226s] Level 1:colcon.colcon_core.package_identification:_identify(.) by extension 'python_setup_py'
[0.226s] Level 1:colcon.colcon_core.package_identification:_identify(build) by extensions ['ignore', 'ignore_ament_install']
[0.226s] Level 1:colcon.colcon_core.package_identification:_identify(build) by extension 'ignore'
[0.226s] Level 1:colcon.colcon_core.package_identification:_identify(build) ignored
[0.226s] Level 1:colcon.colcon_core.package_identification:_identify(install) by extensions ['ignore', 'ignore_ament_install']
[0.226s] Level 1:colcon.colcon_core.package_identification:_identify(install) by extension 'ignore'
[0.226s] Level 1:colcon.colcon_core.package_identification:_identify(install) ignored
[0.227s] Level 1:colcon.colcon_core.package_identification:_identify(log) by extensions ['ignore', 'ignore_ament_install']
[0.227s] Level 1:colcon.colcon_core.package_identification:_identify(log) by extension 'ignore'
[0.227s] Level 1:colcon.colcon_core.package_identification:_identify(log) ignored
[0.227s] Level 1:colcon.colcon_core.package_identification:_identify(src) by extensions ['ignore', 'ignore_ament_install']
[0.227s] Level 1:colcon.colcon_core.package_identification:_identify(src) by extension 'ignore'
[0.227s] Level 1:colcon.colcon_core.package_identification:_identify(src) by extension 'ignore_ament_install'
[0.227s] Level 1:colcon.colcon_core.package_identification:_identify(src) by extensions ['colcon_pkg']
[0.227s] Level 1:colcon.colcon_core.package_identification:_identify(src) by extension 'colcon_pkg'
[0.227s] Level 1:colcon.colcon_core.package_identification:_identify(src) by extensions ['colcon_meta']
[0.227s] Level 1:colcon.colcon_core.package_identification:_identify(src) by extension 'colcon_meta'
[0.227s] Level 1:colcon.colcon_core.package_identification:_identify(src) by extensions ['ros']
[0.227s] Level 1:colcon.colcon_core.package_identification:_identify(src) by extension 'ros'
[0.227s] Level 1:colcon.colcon_core.package_identification:_identify(src) by extensions ['cmake', 'python']
[0.227s] Level 1:colcon.colcon_core.package_identification:_identify(src) by extension 'cmake'
[0.227s] Level 1:colcon.colcon_core.package_identification:_identify(src) by extension 'python'
[0.227s] Level 1:colcon.colcon_core.package_identification:_identify(src) by extensions ['python_setup_py']
[0.227s] Level 1:colcon.colcon_core.package_identification:_identify(src) by extension 'python_setup_py'
[0.227s] Level 1:colcon.colcon_core.package_identification:_identify(src/bumperbot_controller) by extensions ['ignore', 'ignore_ament_install']
[0.227s] Level 1:colcon.colcon_core.package_identification:_identify(src/bumperbot_controller) by extension 'ignore'
[0.227s] Level 1:colcon.colcon_core.package_identification:_identify(src/bumperbot_controller) by extension 'ignore_ament_install'
[0.227s] Level 1:colcon.colcon_core.package_identification:_identify(src/bumperbot_controller) by extensions ['colcon_pkg']
[0.227s] Level 1:colcon.colcon_core.package_identification:_identify(src/bumperbot_controller) by extension 'colcon_pkg'
[0.227s] Level 1:colcon.colcon_core.package_identification:_identify(src/bumperbot_controller) by extensions ['colcon_meta']
[0.227s] Level 1:colcon.colcon_core.package_identification:_identify(src/bumperbot_controller) by extension 'colcon_meta'
[0.228s] Level 1:colcon.colcon_core.package_identification:_identify(src/bumperbot_controller) by extensions ['ros']
[0.228s] Level 1:colcon.colcon_core.package_identification:_identify(src/bumperbot_controller) by extension 'ros'
[0.229s] DEBUG:colcon.colcon_core.package_identification:Package 'src/bumperbot_controller' with type 'ros.ament_cmake' and name 'bumperbot_controller'
[0.230s] Level 1:colcon.colcon_core.package_identification:_identify(src/bumperbot_cpp_examples) by extensions ['ignore', 'ignore_ament_install']
[0.230s] Level 1:colcon.colcon_core.package_identification:_identify(src/bumperbot_cpp_examples) by extension 'ignore'
[0.230s] Level 1:colcon.colcon_core.package_identification:_identify(src/bumperbot_cpp_examples) by extension 'ignore_ament_install'
[0.230s] Level 1:colcon.colcon_core.package_identification:_identify(src/bumperbot_cpp_examples) by extensions ['colcon_pkg']
[0.230s] Level 1:colcon.colcon_core.package_identification:_identify(src/bumperbot_cpp_examples) by extension 'colcon_pkg'
[0.230s] Level 1:colcon.colcon_core.package_identification:_identify(src/bumperbot_cpp_examples) by extensions ['colcon_meta']
[0.230s] Level 1:colcon.colcon_core.package_identification:_identify(src/bumperbot_cpp_examples) by extension 'colcon_meta'
[0.230s] Level 1:colcon.colcon_core.package_identification:_identify(src/bumperbot_cpp_examples) by extensions ['ros']
[0.230s] Level 1:colcon.colcon_core.package_identification:_identify(src/bumperbot_cpp_examples) by extension 'ros'
[0.230s] DEBUG:colcon.colcon_core.package_identification:Package 'src/bumperbot_cpp_examples' with type 'ros.ament_cmake' and name 'bumperbot_cpp_examples'
[0.230s] Level 1:colcon.colcon_core.package_identification:_identify(src/bumperbot_description) by extensions ['ignore', 'ignore_ament_install']
[0.230s] Level 1:colcon.colcon_core.package_identification:_identify(src/bumperbot_description) by extension 'ignore'
[0.230s] Level 1:colcon.colcon_core.package_identification:_identify(src/bumperbot_description) by extension 'ignore_ament_install'
[0.230s] Level 1:colcon.colcon_core.package_identification:_identify(src/bumperbot_description) by extensions ['colcon_pkg']
[0.230s] Level 1:colcon.colcon_core.package_identification:_identify(src/bumperbot_description) by extension 'colcon_pkg'
[0.230s] Level 1:colcon.colcon_core.package_identification:_identify(src/bumperbot_description) by extensions ['colcon_meta']
[0.230s] Level 1:colcon.colcon_core.package_identification:_identify(src/bumperbot_description) by extension 'colcon_meta'
[0.230s] Level 1:colcon.colcon_core.package_identification:_identify(src/bumperbot_description) by extensions ['ros']
[0.230s] Level 1:colcon.colcon_core.package_identification:_identify(src/bumperbot_description) by extension 'ros'
[0.231s] DEBUG:colcon.colcon_core.package_identification:Package 'src/bumperbot_description' with type 'ros.ament_cmake' and name 'bumperbot_description'
[0.231s] Level 1:colcon.colcon_core.package_identification:_identify(src/bumperbot_msgs) by extensions ['ignore', 'ignore_ament_install']
[0.231s] Level 1:colcon.colcon_core.package_identification:_identify(src/bumperbot_msgs) by extension 'ignore'
[0.231s] Level 1:colcon.colcon_core.package_identification:_identify(src/bumperbot_msgs) by extension 'ignore_ament_install'
[0.231s] Level 1:colcon.colcon_core.package_identification:_identify(src/bumperbot_msgs) by extensions ['colcon_pkg']
[0.231s] Level 1:colcon.colcon_core.package_identification:_identify(src/bumperbot_msgs) by extension 'colcon_pkg'
[0.231s] Level 1:colcon.colcon_core.package_identification:_identify(src/bumperbot_msgs) by extensions ['colcon_meta']
[0.231s] Level 1:colcon.colcon_core.package_identification:_identify(src/bumperbot_msgs) by extension 'colcon_meta'
[0.231s] Level 1:colcon.colcon_core.package_identification:_identify(src/bumperbot_msgs) by extensions ['ros']
[0.231s] Level 1:colcon.colcon_core.package_identification:_identify(src/bumperbot_msgs) by extension 'ros'
[0.231s] DEBUG:colcon.colcon_core.package_identification:Package 'src/bumperbot_msgs' with type 'ros.ament_cmake' and name 'bumperbot_msgs'
[0.231s] Level 1:colcon.colcon_core.package_identification:_identify(src/bumperbot_py_examples) by extensions ['ignore', 'ignore_ament_install']
[0.232s] Level 1:colcon.colcon_core.package_identification:_identify(src/bumperbot_py_examples) by extension 'ignore'
[0.232s] Level 1:colcon.colcon_core.package_identification:_identify(src/bumperbot_py_examples) by extension 'ignore_ament_install'
[0.232s] Level 1:colcon.colcon_core.package_identification:_identify(src/bumperbot_py_examples) by extensions ['colcon_pkg']
[0.232s] Level 1:colcon.colcon_core.package_identification:_identify(src/bumperbot_py_examples) by extension 'colcon_pkg'
[0.232s] Level 1:colcon.colcon_core.package_identification:_identify(src/bumperbot_py_examples) by extensions ['colcon_meta']
[0.232s] Level 1:colcon.colcon_core.package_identification:_identify(src/bumperbot_py_examples) by extension 'colcon_meta'
[0.232s] Level 1:colcon.colcon_core.package_identification:_identify(src/bumperbot_py_examples) by extensions ['ros']
[0.232s] Level 1:colcon.colcon_core.package_identification:_identify(src/bumperbot_py_examples) by extension 'ros'
[0.232s] DEBUG:colcon.colcon_core.package_identification:Package 'src/bumperbot_py_examples' with type 'ros.ament_python' and name 'bumperbot_py_examples'
[0.232s] Level 1:colcon.colcon_core.package_discovery:discover_packages(recursive) using defaults
[0.232s] Level 1:colcon.colcon_core.package_discovery:discover_packages(ignore) discover
[0.232s] Level 1:colcon.colcon_core.package_discovery:discover_packages(ignore) using defaults
[0.232s] Level 1:colcon.colcon_core.package_discovery:discover_packages(path) discover
[0.232s] Level 1:colcon.colcon_core.package_discovery:discover_packages(path) using defaults
[0.249s] Level 1:colcon.colcon_core.package_discovery:discover_packages(prefix_path) check parameters
[0.249s] Level 1:colcon.colcon_core.package_discovery:discover_packages(prefix_path) discover
[0.250s] DEBUG:colcon.colcon_installed_package_information.package_discovery:Found 5 installed packages in /home/dhruv/bumperbot_ws/install
[0.251s] DEBUG:colcon.colcon_installed_package_information.package_discovery:Found 1 installed packages in /home/dhruv/install
[0.251s] DEBUG:colcon.colcon_installed_package_information.package_discovery:Found 1 installed packages in /home/dhruv/ros2_ws/install
[0.252s] DEBUG:colcon.colcon_installed_package_information.package_discovery:Found 389 installed packages in /opt/ros/humble
[0.254s] Level 1:colcon.colcon_core.package_discovery:discover_packages(prefix_path) using defaults
[0.297s] Level 5:colcon.colcon_core.verb:set package 'bumperbot_controller' build argument 'cmake_args' from command line to 'None'
[0.297s] Level 5:colcon.colcon_core.verb:set package 'bumperbot_controller' build argument 'cmake_target' from command line to 'None'
[0.297s] Level 5:colcon.colcon_core.verb:set package 'bumperbot_controller' build argument 'cmake_target_skip_unavailable' from command line to 'False'
[0.297s] Level 5:colcon.colcon_core.verb:set package 'bumperbot_controller' build argument 'cmake_clean_cache' from command line to 'False'
[0.297s] Level 5:colcon.colcon_core.verb:set package 'bumperbot_controller' build argument 'cmake_clean_first' from command line to 'False'
[0.297s] Level 5:colcon.colcon_core.verb:set package 'bumperbot_controller' build argument 'cmake_force_configure' from command line to 'False'
[0.297s] Level 5:colcon.colcon_core.verb:set package 'bumperbot_controller' build argument 'ament_cmake_args' from command line to 'None'
[0.297s] Level 5:colcon.colcon_core.verb:set package 'bumperbot_controller' build argument 'catkin_cmake_args' from command line to 'None'
[0.297s] Level 5:colcon.colcon_core.verb:set package 'bumperbot_controller' build argument 'catkin_skip_building_tests' from command line to 'False'
[0.297s] DEBUG:colcon.colcon_core.verb:Building package 'bumperbot_controller' with the following arguments: {'ament_cmake_args': None, 'build_base': '/home/dhruv/bumperbot_ws/build/bumperbot_controller', 'catkin_cmake_args': None, 'catkin_skip_building_tests': False, 'cmake_args': None, 'cmake_clean_cache': False, 'cmake_clean_first': False, 'cmake_force_configure': False, 'cmake_target': None, 'cmake_target_skip_unavailable': False, 'install_base': '/home/dhruv/bumperbot_ws/install/bumperbot_controller', 'merge_install': False, 'path': '/home/dhruv/bumperbot_ws/src/bumperbot_controller', 'symlink_install': False, 'test_result_base': None}
[0.297s] Level 5:colcon.colcon_core.verb:set package 'bumperbot_cpp_examples' build argument 'cmake_args' from command line to 'None'
[0.297s] Level 5:colcon.colcon_core.verb:set package 'bumperbot_cpp_examples' build argument 'cmake_target' from command line to 'None'
[0.297s] Level 5:colcon.colcon_core.verb:set package 'bumperbot_cpp_examples' build argument 'cmake_target_skip_unavailable' from command line to 'False'
[0.297s] Level 5:colcon.colcon_core.verb:set package 'bumperbot_cpp_examples' build argument 'cmake_clean_cache' from command line to 'False'
[0.297s] Level 5:colcon.colcon_core.verb:set package 'bumperbot_cpp_examples' build argument 'cmake_clean_first' from command line to 'False'
[0.297s] Level 5:colcon.colcon_core.verb:set package 'bumperbot_cpp_examples' build argument 'cmake_force_configure' from command line to 'False'
[0.298s] Level 5:colcon.colcon_core.verb:set package 'bumperbot_cpp_examples' build argument 'ament_cmake_args' from command line to 'None'
[0.298s] Level 5:colcon.colcon_core.verb:set package 'bumperbot_cpp_examples' build argument 'catkin_cmake_args' from command line to 'None'
[0.298s] Level 5:colcon.colcon_core.verb:set package 'bumperbot_cpp_examples' build argument 'catkin_skip_building_tests' from command line to 'False'
[0.298s] DEBUG:colcon.colcon_core.verb:Building package 'bumperbot_cpp_examples' with the following arguments: {'ament_cmake_args': None, 'build_base': '/home/dhruv/bumperbot_ws/build/bumperbot_cpp_examples', 'catkin_cmake_args': None, 'catkin_skip_building_tests': False, 'cmake_args': None, 'cmake_clean_cache': False, 'cmake_clean_first': False, 'cmake_force_configure': False, 'cmake_target': None, 'cmake_target_skip_unavailable': False, 'install_base': '/home/dhruv/bumperbot_ws/install/bumperbot_cpp_examples', 'merge_install': False, 'path': '/home/dhruv/bumperbot_ws/src/bumperbot_cpp_examples', 'symlink_install': False, 'test_result_base': None}
[0.298s] Level 5:colcon.colcon_core.verb:set package 'bumperbot_description' build argument 'cmake_args' from command line to 'None'
[0.298s] Level 5:colcon.colcon_core.verb:set package 'bumperbot_description' build argument 'cmake_target' from command line to 'None'
[0.298s] Level 5:colcon.colcon_core.verb:set package 'bumperbot_description' build argument 'cmake_target_skip_unavailable' from command line to 'False'
[0.298s] Level 5:colcon.colcon_core.verb:set package 'bumperbot_description' build argument 'cmake_clean_cache' from command line to 'False'
[0.298s] Level 5:colcon.colcon_core.verb:set package 'bumperbot_description' build argument 'cmake_clean_first' from command line to 'False'
[0.298s] Level 5:colcon.colcon_core.verb:set package 'bumperbot_description' build argument 'cmake_force_configure' from command line to 'False'
[0.298s] Level 5:colcon.colcon_core.verb:set package 'bumperbot_description' build argument 'ament_cmake_args' from command line to 'None'
[0.298s] Level 5:colcon.colcon_core.verb:set package 'bumperbot_description' build argument 'catkin_cmake_args' from command line to 'None'
[0.298s] Level 5:colcon.colcon_core.verb:set package 'bumperbot_description' build argument 'catkin_skip_building_tests' from command line to 'False'
[0.298s] DEBUG:colcon.colcon_core.verb:Building package 'bumperbot_description' with the following arguments: {'ament_cmake_args': None, 'build_base': '/home/dhruv/bumperbot_ws/build/bumperbot_description', 'catkin_cmake_args': None, 'catkin_skip_building_tests': False, 'cmake_args': None, 'cmake_clean_cache': False, 'cmake_clean_first': False, 'cmake_force_configure': False, 'cmake_target': None, 'cmake_target_skip_unavailable': False, 'install_base': '/home/dhruv/bumperbot_ws/install/bumperbot_description', 'merge_install': False, 'path': '/home/dhruv/bumperbot_ws/src/bumperbot_description', 'symlink_install': False, 'test_result_base': None}
[0.298s] Level 5:colcon.colcon_core.verb:set package 'bumperbot_msgs' build argument 'cmake_args' from command line to 'None'
[0.299s] Level 5:colcon.colcon_core.verb:set package 'bumperbot_msgs' build argument 'cmake_target' from command line to 'None'
[0.299s] Level 5:colcon.colcon_core.verb:set package 'bumperbot_msgs' build argument 'cmake_target_skip_unavailable' from command line to 'False'
[0.299s] Level 5:colcon.colcon_core.verb:set package 'bumperbot_msgs' build argument 'cmake_clean_cache' from command line to 'False'
[0.299s] Level 5:colcon.colcon_core.verb:set package 'bumperbot_msgs' build argument 'cmake_clean_first' from command line to 'False'
[0.299s] Level 5:colcon.colcon_core.verb:set package 'bumperbot_msgs' build argument 'cmake_force_configure' from command line to 'False'
[0.299s] Level 5:colcon.colcon_core.verb:set package 'bumperbot_msgs' build argument 'ament_cmake_args' from command line to 'None'
[0.299s] Level 5:colcon.colcon_core.verb:set package 'bumperbot_msgs' build argument 'catkin_cmake_args' from command line to 'None'
[0.299s] Level 5:colcon.colcon_core.verb:set package 'bumperbot_msgs' build argument 'catkin_skip_building_tests' from command line to 'False'
[0.299s] DEBUG:colcon.colcon_core.verb:Building package 'bumperbot_msgs' with the following arguments: {'ament_cmake_args': None, 'build_base': '/home/dhruv/bumperbot_ws/build/bumperbot_msgs', 'catkin_cmake_args': None, 'catkin_skip_building_tests': False, 'cmake_args': None, 'cmake_clean_cache': False, 'cmake_clean_first': False, 'cmake_force_configure': False, 'cmake_target': None, 'cmake_target_skip_unavailable': False, 'install_base': '/home/dhruv/bumperbot_ws/install/bumperbot_msgs', 'merge_install': False, 'path': '/home/dhruv/bumperbot_ws/src/bumperbot_msgs', 'symlink_install': False, 'test_result_base': None}
[0.299s] Level 5:colcon.colcon_core.verb:set package 'bumperbot_py_examples' build argument 'cmake_args' from command line to 'None'
[0.299s] Level 5:colcon.colcon_core.verb:set package 'bumperbot_py_examples' build argument 'cmake_target' from command line to 'None'
[0.299s] Level 5:colcon.colcon_core.verb:set package 'bumperbot_py_examples' build argument 'cmake_target_skip_unavailable' from command line to 'False'
[0.299s] Level 5:colcon.colcon_core.verb:set package 'bumperbot_py_examples' build argument 'cmake_clean_cache' from command line to 'False'
[0.299s] Level 5:colcon.colcon_core.verb:set package 'bumperbot_py_examples' build argument 'cmake_clean_first' from command line to 'False'
[0.299s] Level 5:colcon.colcon_core.verb:set package 'bumperbot_py_examples' build argument 'cmake_force_configure' from command line to 'False'
[0.299s] Level 5:colcon.colcon_core.verb:set package 'bumperbot_py_examples' build argument 'ament_cmake_args' from command line to 'None'
[0.299s] Level 5:colcon.colcon_core.verb:set package 'bumperbot_py_examples' build argument 'catkin_cmake_args' from command line to 'None'
[0.299s] Level 5:colcon.colcon_core.verb:set package 'bumperbot_py_examples' build argument 'catkin_skip_building_tests' from command line to 'False'
[0.299s] DEBUG:colcon.colcon_core.verb:Building package 'bumperbot_py_examples' with the following arguments: {'ament_cmake_args': None, 'build_base': '/home/dhruv/bumperbot_ws/build/bumperbot_py_examples', 'catkin_cmake_args': None, 'catkin_skip_building_tests': False, 'cmake_args': None, 'cmake_clean_cache': False, 'cmake_clean_first': False, 'cmake_force_configure': False, 'cmake_target': None, 'cmake_target_skip_unavailable': False, 'install_base': '/home/dhruv/bumperbot_ws/install/bumperbot_py_examples', 'merge_install': False, 'path': '/home/dhruv/bumperbot_ws/src/bumperbot_py_examples', 'symlink_install': False, 'test_result_base': None}
[0.299s] INFO:colcon.colcon_core.executor:Executing jobs using 'parallel' executor
[0.301s] DEBUG:colcon.colcon_parallel_executor.executor.parallel:run_until_complete
[0.302s] INFO:colcon.colcon_ros.task.ament_cmake.build:Building ROS package in '/home/dhruv/bumperbot_ws/src/bumperbot_controller' with build type 'ament_cmake'
[0.302s] INFO:colcon.colcon_cmake.task.cmake.build:Building CMake package in '/home/dhruv/bumperbot_ws/src/bumperbot_controller'
[0.304s] INFO:colcon.colcon_core.plugin_system:Skipping extension 'colcon_core.shell.bat': Not used on non-Windows systems
[0.304s] INFO:colcon.colcon_core.shell:Skip shell extension 'powershell' for command environment: Not usable outside of PowerShell
[0.304s] DEBUG:colcon.colcon_core.shell:Skip shell extension 'dsv' for command environment
[0.308s] INFO:colcon.colcon_ros.task.ament_cmake.build:Building ROS package in '/home/dhruv/bumperbot_ws/src/bumperbot_cpp_examples' with build type 'ament_cmake'
[0.308s] INFO:colcon.colcon_cmake.task.cmake.build:Building CMake package in '/home/dhruv/bumperbot_ws/src/bumperbot_cpp_examples'
[0.309s] INFO:colcon.colcon_core.shell:Skip shell extension 'powershell' for command environment: Not usable outside of PowerShell
[0.309s] DEBUG:colcon.colcon_core.shell:Skip shell extension 'dsv' for command environment
[0.311s] INFO:colcon.colcon_ros.task.ament_cmake.build:Building ROS package in '/home/dhruv/bumperbot_ws/src/bumperbot_description' with build type 'ament_cmake'
[0.312s] INFO:colcon.colcon_cmake.task.cmake.build:Building CMake package in '/home/dhruv/bumperbot_ws/src/bumperbot_description'
[0.312s] INFO:colcon.colcon_core.shell:Skip shell extension 'powershell' for command environment: Not usable outside of PowerShell
[0.312s] DEBUG:colcon.colcon_core.shell:Skip shell extension 'dsv' for command environment
[0.316s] INFO:colcon.colcon_ros.task.ament_cmake.build:Building ROS package in '/home/dhruv/bumperbot_ws/src/bumperbot_msgs' with build type 'ament_cmake'
[0.316s] INFO:colcon.colcon_cmake.task.cmake.build:Building CMake package in '/home/dhruv/bumperbot_ws/src/bumperbot_msgs'
[0.316s] INFO:colcon.colcon_core.shell:Skip shell extension 'powershell' for command environment: Not usable outside of PowerShell
[0.316s] DEBUG:colcon.colcon_core.shell:Skip shell extension 'dsv' for command environment
[0.320s] INFO:colcon.colcon_ros.task.ament_python.build:Building ROS package in '/home/dhruv/bumperbot_ws/src/bumperbot_py_examples' with build type 'ament_python'
[0.321s] Level 1:colcon.colcon_core.shell:create_environment_hook('bumperbot_py_examples', 'ament_prefix_path')
[0.321s] INFO:colcon.colcon_core.shell:Creating environment hook '/home/dhruv/bumperbot_ws/install/bumperbot_py_examples/share/bumperbot_py_examples/hook/ament_prefix_path.ps1'
[0.322s] INFO:colcon.colcon_core.shell:Creating environment descriptor '/home/dhruv/bumperbot_ws/install/bumperbot_py_examples/share/bumperbot_py_examples/hook/ament_prefix_path.dsv'
[0.322s] INFO:colcon.colcon_core.shell:Creating environment hook '/home/dhruv/bumperbot_ws/install/bumperbot_py_examples/share/bumperbot_py_examples/hook/ament_prefix_path.sh'
[0.323s] INFO:colcon.colcon_core.shell:Skip shell extension 'powershell' for command environment: Not usable outside of PowerShell
[0.323s] DEBUG:colcon.colcon_core.shell:Skip shell extension 'dsv' for command environment
[0.331s] DEBUG:colcon.colcon_core.event_handler.log_command:Invoking command in '/home/dhruv/bumperbot_ws/build/bumperbot_controller': CMAKE_PREFIX_PATH=${CMAKE_PREFIX_PATH}:/home/dhruv/bumperbot_ws/install/bumperbot_py_examples:/home/dhruv/ros2_ws/install/new_pkg:/opt/ros/humble /usr/bin/cmake --build /home/dhruv/bumperbot_ws/build/bumperbot_controller -- -j16 -l16
[0.333s] DEBUG:colcon.colcon_core.event_handler.log_command:Invoking command in '/home/dhruv/bumperbot_ws/build/bumperbot_cpp_examples': CMAKE_PREFIX_PATH=${CMAKE_PREFIX_PATH}:/home/dhruv/bumperbot_ws/install/bumperbot_py_examples:/home/dhruv/ros2_ws/install/new_pkg:/opt/ros/humble /usr/bin/cmake --build /home/dhruv/bumperbot_ws/build/bumperbot_cpp_examples -- -j16 -l16
[0.337s] DEBUG:colcon.colcon_core.event_handler.log_command:Invoking command in '/home/dhruv/bumperbot_ws/build/bumperbot_description': CMAKE_PREFIX_PATH=${CMAKE_PREFIX_PATH}:/home/dhruv/bumperbot_ws/install/bumperbot_py_examples:/home/dhruv/ros2_ws/install/new_pkg:/opt/ros/humble /usr/bin/cmake --build /home/dhruv/bumperbot_ws/build/bumperbot_description -- -j16 -l16
[0.341s] DEBUG:colcon.colcon_core.event_handler.log_command:Invoking command in '/home/dhruv/bumperbot_ws/build/bumperbot_msgs': CMAKE_PREFIX_PATH=${CMAKE_PREFIX_PATH}:/home/dhruv/bumperbot_ws/install/bumperbot_py_examples:/home/dhruv/ros2_ws/install/new_pkg:/opt/ros/humble /usr/bin/cmake --build /home/dhruv/bumperbot_ws/build/bumperbot_msgs -- -j16 -l16
[0.596s] INFO:colcon.colcon_core.task.python.build:Building Python package in '/home/dhruv/bumperbot_ws/src/bumperbot_py_examples'
[0.597s] INFO:colcon.colcon_core.shell:Skip shell extension 'powershell' for command environment: Not usable outside of PowerShell
[0.597s] DEBUG:colcon.colcon_core.shell:Skip shell extension 'dsv' for command environment
[0.602s] DEBUG:colcon.colcon_core.event_handler.log_command:Invoked command in '/home/dhruv/bumperbot_ws/build/bumperbot_description' returned '0': CMAKE_PREFIX_PATH=${CMAKE_PREFIX_PATH}:/home/dhruv/bumperbot_ws/install/bumperbot_py_examples:/home/dhruv/ros2_ws/install/new_pkg:/opt/ros/humble /usr/bin/cmake --build /home/dhruv/bumperbot_ws/build/bumperbot_description -- -j16 -l16
[0.603s] DEBUG:colcon.colcon_core.event_handler.log_command:Invoked command in '/home/dhruv/bumperbot_ws/build/bumperbot_cpp_examples' returned '0': CMAKE_PREFIX_PATH=${CMAKE_PREFIX_PATH}:/home/dhruv/bumperbot_ws/install/bumperbot_py_examples:/home/dhruv/ros2_ws/install/new_pkg:/opt/ros/humble /usr/bin/cmake --build /home/dhruv/bumperbot_ws/build/bumperbot_cpp_examples -- -j16 -l16
[0.634s] DEBUG:colcon.colcon_core.event_handler.log_command:Invoking command in '/home/dhruv/bumperbot_ws/build/bumperbot_description': CMAKE_PREFIX_PATH=${CMAKE_PREFIX_PATH}:/home/dhruv/bumperbot_ws/install/bumperbot_py_examples:/home/dhruv/ros2_ws/install/new_pkg:/opt/ros/humble /usr/bin/cmake --install /home/dhruv/bumperbot_ws/build/bumperbot_description
[0.641s] DEBUG:colcon.colcon_core.event_handler.log_command:Invoking command in '/home/dhruv/bumperbot_ws/build/bumperbot_cpp_examples': CMAKE_PREFIX_PATH=${CMAKE_PREFIX_PATH}:/home/dhruv/bumperbot_ws/install/bumperbot_py_examples:/home/dhruv/ros2_ws/install/new_pkg:/opt/ros/humble /usr/bin/cmake --install /home/dhruv/bumperbot_ws/build/bumperbot_cpp_examples
[0.646s] Level 1:colcon.colcon_core.environment:create_environment_scripts_only(bumperbot_description)
[0.650s] DEBUG:colcon.colcon_core.event_handler.log_command:Invoked command in '/home/dhruv/bumperbot_ws/build/bumperbot_description' returned '0': CMAKE_PREFIX_PATH=${CMAKE_PREFIX_PATH}:/home/dhruv/bumperbot_ws/install/bumperbot_py_examples:/home/dhruv/ros2_ws/install/new_pkg:/opt/ros/humble /usr/bin/cmake --install /home/dhruv/bumperbot_ws/build/bumperbot_description
[0.654s] Level 1:colcon.colcon_core.environment:checking '/home/dhruv/bumperbot_ws/install/bumperbot_description' for CMake module files
[0.656s] Level 1:colcon.colcon_core.environment:checking '/home/dhruv/bumperbot_ws/install/bumperbot_description' for CMake config files
[0.656s] Level 1:colcon.colcon_core.shell:create_environment_hook('bumperbot_description', 'cmake_prefix_path')
[0.656s] INFO:colcon.colcon_core.shell:Creating environment hook '/home/dhruv/bumperbot_ws/install/bumperbot_description/share/bumperbot_description/hook/cmake_prefix_path.ps1'
[0.657s] INFO:colcon.colcon_core.shell:Creating environment descriptor '/home/dhruv/bumperbot_ws/install/bumperbot_description/share/bumperbot_description/hook/cmake_prefix_path.dsv'
[0.657s] INFO:colcon.colcon_core.shell:Creating environment hook '/home/dhruv/bumperbot_ws/install/bumperbot_description/share/bumperbot_description/hook/cmake_prefix_path.sh'
[0.658s] Level 1:colcon.colcon_core.environment:checking '/home/dhruv/bumperbot_ws/install/bumperbot_description/bin'
[0.658s] Level 1:colcon.colcon_core.environment:checking '/home/dhruv/bumperbot_ws/install/bumperbot_description/lib/pkgconfig/bumperbot_description.pc'
[0.658s] Level 1:colcon.colcon_core.environment:checking '/home/dhruv/bumperbot_ws/install/bumperbot_description/lib/python3.10/site-packages'
[0.659s] Level 1:colcon.colcon_core.environment:checking '/home/dhruv/bumperbot_ws/install/bumperbot_description/bin'
[0.659s] INFO:colcon.colcon_core.shell:Creating package script '/home/dhruv/bumperbot_ws/install/bumperbot_description/share/bumperbot_description/package.ps1'
[0.660s] INFO:colcon.colcon_core.shell:Creating package descriptor '/home/dhruv/bumperbot_ws/install/bumperbot_description/share/bumperbot_description/package.dsv'
[0.660s] INFO:colcon.colcon_core.shell:Creating package script '/home/dhruv/bumperbot_ws/install/bumperbot_description/share/bumperbot_description/package.sh'
[0.661s] INFO:colcon.colcon_core.shell:Creating package script '/home/dhruv/bumperbot_ws/install/bumperbot_description/share/bumperbot_description/package.bash'
[0.662s] INFO:colcon.colcon_core.shell:Creating package script '/home/dhruv/bumperbot_ws/install/bumperbot_description/share/bumperbot_description/package.zsh'
[0.662s] Level 1:colcon.colcon_core.environment:create_file_with_runtime_dependencies(/home/dhruv/bumperbot_ws/install/bumperbot_description/share/colcon-core/packages/bumperbot_description)
[0.663s] Level 1:colcon.colcon_core.environment:create_environment_scripts_only(bumperbot_cpp_examples)
[0.664s] Level 1:colcon.colcon_core.environment:checking '/home/dhruv/bumperbot_ws/install/bumperbot_cpp_examples' for CMake module files
[0.664s] DEBUG:colcon.colcon_core.event_handler.log_command:Invoked command in '/home/dhruv/bumperbot_ws/build/bumperbot_cpp_examples' returned '0': CMAKE_PREFIX_PATH=${CMAKE_PREFIX_PATH}:/home/dhruv/bumperbot_ws/install/bumperbot_py_examples:/home/dhruv/ros2_ws/install/new_pkg:/opt/ros/humble /usr/bin/cmake --install /home/dhruv/bumperbot_ws/build/bumperbot_cpp_examples
[0.665s] Level 1:colcon.colcon_core.environment:checking '/home/dhruv/bumperbot_ws/install/bumperbot_cpp_examples' for CMake config files
[0.665s] Level 1:colcon.colcon_core.shell:create_environment_hook('bumperbot_cpp_examples', 'cmake_prefix_path')
[0.665s] INFO:colcon.colcon_core.shell:Creating environment hook '/home/dhruv/bumperbot_ws/install/bumperbot_cpp_examples/share/bumperbot_cpp_examples/hook/cmake_prefix_path.ps1'
[0.665s] INFO:colcon.colcon_core.shell:Creating environment descriptor '/home/dhruv/bumperbot_ws/install/bumperbot_cpp_examples/share/bumperbot_cpp_examples/hook/cmake_prefix_path.dsv'
[0.666s] INFO:colcon.colcon_core.shell:Creating environment hook '/home/dhruv/bumperbot_ws/install/bumperbot_cpp_examples/share/bumperbot_cpp_examples/hook/cmake_prefix_path.sh'
[0.666s] Level 1:colcon.colcon_core.environment:checking '/home/dhruv/bumperbot_ws/install/bumperbot_cpp_examples/lib'
[0.666s] Level 1:colcon.colcon_core.environment:checking '/home/dhruv/bumperbot_ws/install/bumperbot_cpp_examples/bin'
[0.666s] Level 1:colcon.colcon_core.environment:checking '/home/dhruv/bumperbot_ws/install/bumperbot_cpp_examples/lib/pkgconfig/bumperbot_cpp_examples.pc'
[0.666s] Level 1:colcon.colcon_core.environment:checking '/home/dhruv/bumperbot_ws/install/bumperbot_cpp_examples/lib/python3.10/site-packages'
[0.667s] Level 1:colcon.colcon_core.environment:checking '/home/dhruv/bumperbot_ws/install/bumperbot_cpp_examples/bin'
[0.667s] INFO:colcon.colcon_core.shell:Creating package script '/home/dhruv/bumperbot_ws/install/bumperbot_cpp_examples/share/bumperbot_cpp_examples/package.ps1'
[0.667s] INFO:colcon.colcon_core.shell:Creating package descriptor '/home/dhruv/bumperbot_ws/install/bumperbot_cpp_examples/share/bumperbot_cpp_examples/package.dsv'
[0.668s] INFO:colcon.colcon_core.shell:Creating package script '/home/dhruv/bumperbot_ws/install/bumperbot_cpp_examples/share/bumperbot_cpp_examples/package.sh'
[0.668s] INFO:colcon.colcon_core.shell:Creating package script '/home/dhruv/bumperbot_ws/install/bumperbot_cpp_examples/share/bumperbot_cpp_examples/package.bash'
[0.668s] INFO:colcon.colcon_core.shell:Creating package script '/home/dhruv/bumperbot_ws/install/bumperbot_cpp_examples/share/bumperbot_cpp_examples/package.zsh'
[0.669s] Level 1:colcon.colcon_core.environment:create_file_with_runtime_dependencies(/home/dhruv/bumperbot_ws/install/bumperbot_cpp_examples/share/colcon-core/packages/bumperbot_cpp_examples)
[0.671s] DEBUG:colcon.colcon_core.event_handler.log_command:Invoked command in '/home/dhruv/bumperbot_ws/build/bumperbot_controller' returned '0': CMAKE_PREFIX_PATH=${CMAKE_PREFIX_PATH}:/home/dhruv/bumperbot_ws/install/bumperbot_py_examples:/home/dhruv/ros2_ws/install/new_pkg:/opt/ros/humble /usr/bin/cmake --build /home/dhruv/bumperbot_ws/build/bumperbot_controller -- -j16 -l16
[0.683s] Level 1:colcon.colcon_core.environment:create_environment_scripts_only(bumperbot_description)
[0.683s] Level 1:colcon.colcon_core.environment:checking '/home/dhruv/bumperbot_ws/install/bumperbot_description' for CMake module files
[0.684s] Level 1:colcon.colcon_core.environment:checking '/home/dhruv/bumperbot_ws/install/bumperbot_description' for CMake config files
[0.685s] Level 1:colcon.colcon_core.shell:create_environment_hook('bumperbot_description', 'cmake_prefix_path')
[0.685s] INFO:colcon.colcon_core.shell:Creating environment hook '/home/dhruv/bumperbot_ws/install/bumperbot_description/share/bumperbot_description/hook/cmake_prefix_path.ps1'
[0.686s] INFO:colcon.colcon_core.shell:Creating environment descriptor '/home/dhruv/bumperbot_ws/install/bumperbot_description/share/bumperbot_description/hook/cmake_prefix_path.dsv'
[0.687s] INFO:colcon.colcon_core.shell:Creating environment hook '/home/dhruv/bumperbot_ws/install/bumperbot_description/share/bumperbot_description/hook/cmake_prefix_path.sh'
[0.688s] Level 1:colcon.colcon_core.environment:checking '/home/dhruv/bumperbot_ws/install/bumperbot_description/bin'
[0.688s] Level 1:colcon.colcon_core.environment:checking '/home/dhruv/bumperbot_ws/install/bumperbot_description/lib/pkgconfig/bumperbot_description.pc'
[0.688s] Level 1:colcon.colcon_core.environment:checking '/home/dhruv/bumperbot_ws/install/bumperbot_description/lib/python3.10/site-packages'
[0.689s] Level 1:colcon.colcon_core.environment:checking '/home/dhruv/bumperbot_ws/install/bumperbot_description/bin'
[0.689s] INFO:colcon.colcon_core.shell:Creating package script '/home/dhruv/bumperbot_ws/install/bumperbot_description/share/bumperbot_description/package.ps1'
[0.690s] INFO:colcon.colcon_core.shell:Creating package descriptor '/home/dhruv/bumperbot_ws/install/bumperbot_description/share/bumperbot_description/package.dsv'
[0.691s] INFO:colcon.colcon_core.shell:Creating package script '/home/dhruv/bumperbot_ws/install/bumperbot_description/share/bumperbot_description/package.sh'
[0.691s] INFO:colcon.colcon_core.shell:Creating package script '/home/dhruv/bumperbot_ws/install/bumperbot_description/share/bumperbot_description/package.bash'
[0.692s] INFO:colcon.colcon_core.shell:Creating package script '/home/dhruv/bumperbot_ws/install/bumperbot_description/share/bumperbot_description/package.zsh'
[0.692s] Level 1:colcon.colcon_core.environment:create_file_with_runtime_dependencies(/home/dhruv/bumperbot_ws/install/bumperbot_description/share/colcon-core/packages/bumperbot_description)
[0.694s] DEBUG:colcon.colcon_core.event_handler.log_command:Invoked command in '/home/dhruv/bumperbot_ws/build/bumperbot_msgs' returned '0': CMAKE_PREFIX_PATH=${CMAKE_PREFIX_PATH}:/home/dhruv/bumperbot_ws/install/bumperbot_py_examples:/home/dhruv/ros2_ws/install/new_pkg:/opt/ros/humble /usr/bin/cmake --build /home/dhruv/bumperbot_ws/build/bumperbot_msgs -- -j16 -l16
[0.701s] DEBUG:colcon.colcon_core.event_handler.log_command:Invoking command in '/home/dhruv/bumperbot_ws/build/bumperbot_controller': CMAKE_PREFIX_PATH=${CMAKE_PREFIX_PATH}:/home/dhruv/bumperbot_ws/install/bumperbot_py_examples:/home/dhruv/ros2_ws/install/new_pkg:/opt/ros/humble /usr/bin/cmake --install /home/dhruv/bumperbot_ws/build/bumperbot_controller
[0.703s] Level 1:colcon.colcon_core.environment:create_environment_scripts_only(bumperbot_cpp_examples)
[0.704s] Level 1:colcon.colcon_core.environment:checking '/home/dhruv/bumperbot_ws/install/bumperbot_cpp_examples' for CMake module files
[0.704s] Level 1:colcon.colcon_core.environment:checking '/home/dhruv/bumperbot_ws/install/bumperbot_cpp_examples' for CMake config files
[0.705s] Level 1:colcon.colcon_core.shell:create_environment_hook('bumperbot_cpp_examples', 'cmake_prefix_path')
[0.705s] INFO:colcon.colcon_core.shell:Creating environment hook '/home/dhruv/bumperbot_ws/install/bumperbot_cpp_examples/share/bumperbot_cpp_examples/hook/cmake_prefix_path.ps1'
[0.706s] INFO:colcon.colcon_core.shell:Creating environment descriptor '/home/dhruv/bumperbot_ws/install/bumperbot_cpp_examples/share/bumperbot_cpp_examples/hook/cmake_prefix_path.dsv'
[0.706s] INFO:colcon.colcon_core.shell:Creating environment hook '/home/dhruv/bumperbot_ws/install/bumperbot_cpp_examples/share/bumperbot_cpp_examples/hook/cmake_prefix_path.sh'
[0.707s] Level 1:colcon.colcon_core.environment:checking '/home/dhruv/bumperbot_ws/install/bumperbot_cpp_examples/lib'
[0.707s] Level 1:colcon.colcon_core.environment:checking '/home/dhruv/bumperbot_ws/install/bumperbot_cpp_examples/bin'
[0.707s] Level 1:colcon.colcon_core.environment:checking '/home/dhruv/bumperbot_ws/install/bumperbot_cpp_examples/lib/pkgconfig/bumperbot_cpp_examples.pc'
[0.707s] Level 1:colcon.colcon_core.environment:checking '/home/dhruv/bumperbot_ws/install/bumperbot_cpp_examples/lib/python3.10/site-packages'
[0.707s] Level 1:colcon.colcon_core.environment:checking '/home/dhruv/bumperbot_ws/install/bumperbot_cpp_examples/bin'
[0.708s] INFO:colcon.colcon_core.shell:Creating package script '/home/dhruv/bumperbot_ws/install/bumperbot_cpp_examples/share/bumperbot_cpp_examples/package.ps1'
[0.708s] INFO:colcon.colcon_core.shell:Creating package descriptor '/home/dhruv/bumperbot_ws/install/bumperbot_cpp_examples/share/bumperbot_cpp_examples/package.dsv'
[0.709s] INFO:colcon.colcon_core.shell:Creating package script '/home/dhruv/bumperbot_ws/install/bumperbot_cpp_examples/share/bumperbot_cpp_examples/package.sh'
[0.711s] INFO:colcon.colcon_core.shell:Creating package script '/home/dhruv/bumperbot_ws/install/bumperbot_cpp_examples/share/bumperbot_cpp_examples/package.bash'
[0.712s] INFO:colcon.colcon_core.shell:Creating package script '/home/dhruv/bumperbot_ws/install/bumperbot_cpp_examples/share/bumperbot_cpp_examples/package.zsh'
[0.713s] Level 1:colcon.colcon_core.environment:create_file_with_runtime_dependencies(/home/dhruv/bumperbot_ws/install/bumperbot_cpp_examples/share/colcon-core/packages/bumperbot_cpp_examples)
[0.762s] Level 1:colcon.colcon_core.environment:create_environment_scripts_only(bumperbot_controller)
[0.763s] Level 1:colcon.colcon_core.environment:checking '/home/dhruv/bumperbot_ws/install/bumperbot_controller' for CMake module files
[0.763s] DEBUG:colcon.colcon_core.event_handler.log_command:Invoked command in '/home/dhruv/bumperbot_ws/build/bumperbot_controller' returned '0': CMAKE_PREFIX_PATH=${CMAKE_PREFIX_PATH}:/home/dhruv/bumperbot_ws/install/bumperbot_py_examples:/home/dhruv/ros2_ws/install/new_pkg:/opt/ros/humble /usr/bin/cmake --install /home/dhruv/bumperbot_ws/build/bumperbot_controller
[0.764s] Level 1:colcon.colcon_core.environment:checking '/home/dhruv/bumperbot_ws/install/bumperbot_controller' for CMake config files
[0.764s] Level 1:colcon.colcon_core.shell:create_environment_hook('bumperbot_controller', 'cmake_prefix_path')
[0.764s] INFO:colcon.colcon_core.shell:Creating environment hook '/home/dhruv/bumperbot_ws/install/bumperbot_controller/share/bumperbot_controller/hook/cmake_prefix_path.ps1'
[0.765s] INFO:colcon.colcon_core.shell:Creating environment descriptor '/home/dhruv/bumperbot_ws/install/bumperbot_controller/share/bumperbot_controller/hook/cmake_prefix_path.dsv'
[0.765s] INFO:colcon.colcon_core.shell:Creating environment hook '/home/dhruv/bumperbot_ws/install/bumperbot_controller/share/bumperbot_controller/hook/cmake_prefix_path.sh'
[0.766s] Level 1:colcon.colcon_core.environment:checking '/home/dhruv/bumperbot_ws/install/bumperbot_controller/lib'
[0.766s] Level 1:colcon.colcon_core.environment:checking '/home/dhruv/bumperbot_ws/install/bumperbot_controller/bin'
[0.766s] Level 1:colcon.colcon_core.environment:checking '/home/dhruv/bumperbot_ws/install/bumperbot_controller/lib/pkgconfig/bumperbot_controller.pc'
[0.766s] Level 1:colcon.colcon_core.environment:checking '/home/dhruv/bumperbot_ws/install/bumperbot_controller/lib/python3.10/site-packages'
[0.767s] Level 1:colcon.colcon_core.environment:checking '/home/dhruv/bumperbot_ws/install/bumperbot_controller/bin'
[0.767s] INFO:colcon.colcon_core.shell:Creating package script '/home/dhruv/bumperbot_ws/install/bumperbot_controller/share/bumperbot_controller/package.ps1'
[0.768s] INFO:colcon.colcon_core.shell:Creating package descriptor '/home/dhruv/bumperbot_ws/install/bumperbot_controller/share/bumperbot_controller/package.dsv'
[0.768s] INFO:colcon.colcon_core.shell:Creating package script '/home/dhruv/bumperbot_ws/install/bumperbot_controller/share/bumperbot_controller/package.sh'
[0.768s] INFO:colcon.colcon_core.shell:Creating package script '/home/dhruv/bumperbot_ws/install/bumperbot_controller/share/bumperbot_controller/package.bash'
[0.769s] INFO:colcon.colcon_core.shell:Creating package script '/home/dhruv/bumperbot_ws/install/bumperbot_controller/share/bumperbot_controller/package.zsh'
[0.769s] Level 1:colcon.colcon_core.environment:create_file_with_runtime_dependencies(/home/dhruv/bumperbot_ws/install/bumperbot_controller/share/colcon-core/packages/bumperbot_controller)
[0.781s] DEBUG:colcon.colcon_core.event_handler.log_command:Invoking command in '/home/dhruv/bumperbot_ws/build/bumperbot_msgs': CMAKE_PREFIX_PATH=${CMAKE_PREFIX_PATH}:/home/dhruv/bumperbot_ws/install/bumperbot_py_examples:/home/dhruv/ros2_ws/install/new_pkg:/opt/ros/humble /usr/bin/cmake --install /home/dhruv/bumperbot_ws/build/bumperbot_msgs
[0.798s] Level 1:colcon.colcon_core.environment:create_environment_scripts_only(bumperbot_controller)
[0.798s] Level 1:colcon.colcon_core.environment:checking '/home/dhruv/bumperbot_ws/install/bumperbot_controller' for CMake module files
[0.799s] Level 1:colcon.colcon_core.environment:checking '/home/dhruv/bumperbot_ws/install/bumperbot_controller' for CMake config files
[0.800s] Level 1:colcon.colcon_core.shell:create_environment_hook('bumperbot_controller', 'cmake_prefix_path')
[0.800s] INFO:colcon.colcon_core.shell:Creating environment hook '/home/dhruv/bumperbot_ws/install/bumperbot_controller/share/bumperbot_controller/hook/cmake_prefix_path.ps1'
[0.800s] INFO:colcon.colcon_core.shell:Creating environment descriptor '/home/dhruv/bumperbot_ws/install/bumperbot_controller/share/bumperbot_controller/hook/cmake_prefix_path.dsv'
[0.801s] INFO:colcon.colcon_core.shell:Creating environment hook '/home/dhruv/bumperbot_ws/install/bumperbot_controller/share/bumperbot_controller/hook/cmake_prefix_path.sh'
[0.802s] Level 1:colcon.colcon_core.environment:checking '/home/dhruv/bumperbot_ws/install/bumperbot_controller/lib'
[0.802s] Level 1:colcon.colcon_core.environment:checking '/home/dhruv/bumperbot_ws/install/bumperbot_controller/bin'
[0.802s] Level 1:colcon.colcon_core.environment:checking '/home/dhruv/bumperbot_ws/install/bumperbot_controller/lib/pkgconfig/bumperbot_controller.pc'
[0.803s] Level 1:colcon.colcon_core.environment:checking '/home/dhruv/bumperbot_ws/install/bumperbot_controller/lib/python3.10/site-packages'
[0.803s] Level 1:colcon.colcon_core.environment:checking '/home/dhruv/bumperbot_ws/install/bumperbot_controller/bin'
[0.803s] INFO:colcon.colcon_core.shell:Creating package script '/home/dhruv/bumperbot_ws/install/bumperbot_controller/share/bumperbot_controller/package.ps1'
[0.804s] INFO:colcon.colcon_core.shell:Creating package descriptor '/home/dhruv/bumperbot_ws/install/bumperbot_controller/share/bumperbot_controller/package.dsv'
[0.805s] INFO:colcon.colcon_core.shell:Creating package script '/home/dhruv/bumperbot_ws/install/bumperbot_controller/share/bumperbot_controller/package.sh'
[0.805s] INFO:colcon.colcon_core.shell:Creating package script '/home/dhruv/bumperbot_ws/install/bumperbot_controller/share/bumperbot_controller/package.bash'
[0.806s] INFO:colcon.colcon_core.shell:Creating package script '/home/dhruv/bumperbot_ws/install/bumperbot_controller/share/bumperbot_controller/package.zsh'
[0.806s] Level 1:colcon.colcon_core.environment:create_file_with_runtime_dependencies(/home/dhruv/bumperbot_ws/install/bumperbot_controller/share/colcon-core/packages/bumperbot_controller)
[0.842s] Level 1:colcon.colcon_core.environment:create_environment_scripts_only(bumperbot_msgs)
[0.843s] Level 1:colcon.colcon_core.environment:checking '/home/dhruv/bumperbot_ws/install/bumperbot_msgs' for CMake module files
[0.843s] DEBUG:colcon.colcon_core.event_handler.log_command:Invoked command in '/home/dhruv/bumperbot_ws/build/bumperbot_msgs' returned '0': CMAKE_PREFIX_PATH=${CMAKE_PREFIX_PATH}:/home/dhruv/bumperbot_ws/install/bumperbot_py_examples:/home/dhruv/ros2_ws/install/new_pkg:/opt/ros/humble /usr/bin/cmake --install /home/dhruv/bumperbot_ws/build/bumperbot_msgs
[0.844s] Level 1:colcon.colcon_core.environment:checking '/home/dhruv/bumperbot_ws/install/bumperbot_msgs' for CMake config files
[0.844s] Level 1:colcon.colcon_core.shell:create_environment_hook('bumperbot_msgs', 'cmake_prefix_path')
[0.844s] INFO:colcon.colcon_core.shell:Creating environment hook '/home/dhruv/bumperbot_ws/install/bumperbot_msgs/share/bumperbot_msgs/hook/cmake_prefix_path.ps1'
[0.845s] INFO:colcon.colcon_core.shell:Creating environment descriptor '/home/dhruv/bumperbot_ws/install/bumperbot_msgs/share/bumperbot_msgs/hook/cmake_prefix_path.dsv'
[0.845s] INFO:colcon.colcon_core.shell:Creating environment hook '/home/dhruv/bumperbot_ws/install/bumperbot_msgs/share/bumperbot_msgs/hook/cmake_prefix_path.sh'
[0.845s] Level 1:colcon.colcon_core.environment:checking '/home/dhruv/bumperbot_ws/install/bumperbot_msgs/lib'
[0.846s] Level 1:colcon.colcon_core.shell:create_environment_hook('bumperbot_msgs', 'ld_library_path_lib')
[0.846s] INFO:colcon.colcon_core.shell:Creating environment hook '/home/dhruv/bumperbot_ws/install/bumperbot_msgs/share/bumperbot_msgs/hook/ld_library_path_lib.ps1'
[0.846s] INFO:colcon.colcon_core.shell:Creating environment descriptor '/home/dhruv/bumperbot_ws/install/bumperbot_msgs/share/bumperbot_msgs/hook/ld_library_path_lib.dsv'
[0.846s] INFO:colcon.colcon_core.shell:Creating environment hook '/home/dhruv/bumperbot_ws/install/bumperbot_msgs/share/bumperbot_msgs/hook/ld_library_path_lib.sh'
[0.847s] Level 1:colcon.colcon_core.environment:checking '/home/dhruv/bumperbot_ws/install/bumperbot_msgs/bin'
[0.847s] Level 1:colcon.colcon_core.environment:checking '/home/dhruv/bumperbot_ws/install/bumperbot_msgs/lib/pkgconfig/bumperbot_msgs.pc'
[0.847s] Level 1:colcon.colcon_core.environment:checking '/home/dhruv/bumperbot_ws/install/bumperbot_msgs/lib/python3.10/site-packages'
[0.847s] Level 1:colcon.colcon_core.environment:checking '/home/dhruv/bumperbot_ws/install/bumperbot_msgs/bin'
[0.848s] INFO:colcon.colcon_core.shell:Creating package script '/home/dhruv/bumperbot_ws/install/bumperbot_msgs/share/bumperbot_msgs/package.ps1'
[0.848s] INFO:colcon.colcon_core.shell:Creating package descriptor '/home/dhruv/bumperbot_ws/install/bumperbot_msgs/share/bumperbot_msgs/package.dsv'
[0.849s] INFO:colcon.colcon_core.shell:Creating package script '/home/dhruv/bumperbot_ws/install/bumperbot_msgs/share/bumperbot_msgs/package.sh'
[0.849s] INFO:colcon.colcon_core.shell:Creating package script '/home/dhruv/bumperbot_ws/install/bumperbot_msgs/share/bumperbot_msgs/package.bash'
[0.849s] INFO:colcon.colcon_core.shell:Creating package script '/home/dhruv/bumperbot_ws/install/bumperbot_msgs/share/bumperbot_msgs/package.zsh'
[0.850s] Level 1:colcon.colcon_core.environment:create_file_with_runtime_dependencies(/home/dhruv/bumperbot_ws/install/bumperbot_msgs/share/colcon-core/packages/bumperbot_msgs)
[0.929s] Level 1:colcon.colcon_core.environment:create_environment_scripts_only(bumperbot_msgs)
[0.930s] Level 1:colcon.colcon_core.environment:checking '/home/dhruv/bumperbot_ws/install/bumperbot_msgs' for CMake module files
[0.930s] Level 1:colcon.colcon_core.environment:checking '/home/dhruv/bumperbot_ws/install/bumperbot_msgs' for CMake config files
[0.931s] Level 1:colcon.colcon_core.shell:create_environment_hook('bumperbot_msgs', 'cmake_prefix_path')
[0.931s] INFO:colcon.colcon_core.shell:Creating environment hook '/home/dhruv/bumperbot_ws/install/bumperbot_msgs/share/bumperbot_msgs/hook/cmake_prefix_path.ps1'
[0.931s] INFO:colcon.colcon_core.shell:Creating environment descriptor '/home/dhruv/bumperbot_ws/install/bumperbot_msgs/share/bumperbot_msgs/hook/cmake_prefix_path.dsv'
[0.932s] INFO:colcon.colcon_core.shell:Creating environment hook '/home/dhruv/bumperbot_ws/install/bumperbot_msgs/share/bumperbot_msgs/hook/cmake_prefix_path.sh'
[0.932s] Level 1:colcon.colcon_core.environment:checking '/home/dhruv/bumperbot_ws/install/bumperbot_msgs/lib'
[0.932s] Level 1:colcon.colcon_core.shell:create_environment_hook('bumperbot_msgs', 'ld_library_path_lib')
[0.932s] INFO:colcon.colcon_core.shell:Creating environment hook '/home/dhruv/bumperbot_ws/install/bumperbot_msgs/share/bumperbot_msgs/hook/ld_library_path_lib.ps1'
[0.933s] INFO:colcon.colcon_core.shell:Creating environment descriptor '/home/dhruv/bumperbot_ws/install/bumperbot_msgs/share/bumperbot_msgs/hook/ld_library_path_lib.dsv'
[0.933s] INFO:colcon.colcon_core.shell:Creating environment hook '/home/dhruv/bumperbot_ws/install/bumperbot_msgs/share/bumperbot_msgs/hook/ld_library_path_lib.sh'
[0.933s] Level 1:colcon.colcon_core.environment:checking '/home/dhruv/bumperbot_ws/install/bumperbot_msgs/bin'
[0.934s] Level 1:colcon.colcon_core.environment:checking '/home/dhruv/bumperbot_ws/install/bumperbot_msgs/lib/pkgconfig/bumperbot_msgs.pc'
[0.934s] Level 1:colcon.colcon_core.environment:checking '/home/dhruv/bumperbot_ws/install/bumperbot_msgs/lib/python3.10/site-packages'
[0.934s] Level 1:colcon.colcon_core.environment:checking '/home/dhruv/bumperbot_ws/install/bumperbot_msgs/bin'
[0.935s] INFO:colcon.colcon_core.shell:Creating package script '/home/dhruv/bumperbot_ws/install/bumperbot_msgs/share/bumperbot_msgs/package.ps1'
[0.935s] INFO:colcon.colcon_core.shell:Creating package descriptor '/home/dhruv/bumperbot_ws/install/bumperbot_msgs/share/bumperbot_msgs/package.dsv'
[0.936s] INFO:colcon.colcon_core.shell:Creating package script '/home/dhruv/bumperbot_ws/install/bumperbot_msgs/share/bumperbot_msgs/package.sh'
[0.936s] INFO:colcon.colcon_core.shell:Creating package script '/home/dhruv/bumperbot_ws/install/bumperbot_msgs/share/bumperbot_msgs/package.bash'
[0.936s] INFO:colcon.colcon_core.shell:Creating package script '/home/dhruv/bumperbot_ws/install/bumperbot_msgs/share/bumperbot_msgs/package.zsh'
[0.937s] Level 1:colcon.colcon_core.environment:create_file_with_runtime_dependencies(/home/dhruv/bumperbot_ws/install/bumperbot_msgs/share/colcon-core/packages/bumperbot_msgs)
[0.997s] DEBUG:colcon.colcon_core.event_handler.log_command:Invoking command in '/home/dhruv/bumperbot_ws/src/bumperbot_py_examples': PYTHONPATH=/home/dhruv/bumperbot_ws/build/bumperbot_py_examples/prefix_override:/home/dhruv/bumperbot_ws/install/bumperbot_py_examples/lib/python3.10/site-packages:${PYTHONPATH} /usr/bin/python3 -W ignore:setup.py install is deprecated setup.py egg_info --egg-base ../../build/bumperbot_py_examples build --build-base /home/dhruv/bumperbot_ws/build/bumperbot_py_examples/build install --record /home/dhruv/bumperbot_ws/build/bumperbot_py_examples/install.log --single-version-externally-managed install_data
[1.242s] Level 1:colcon.colcon_core.environment:checking '/home/dhruv/bumperbot_ws/install/bumperbot_py_examples' for CMake module files
[1.243s] Level 1:colcon.colcon_core.environment:checking '/home/dhruv/bumperbot_ws/install/bumperbot_py_examples' for CMake config files
[1.243s] DEBUG:colcon.colcon_core.event_handler.log_command:Invoked command in '/home/dhruv/bumperbot_ws/src/bumperbot_py_examples' returned '0': PYTHONPATH=/home/dhruv/bumperbot_ws/build/bumperbot_py_examples/prefix_override:/home/dhruv/bumperbot_ws/install/bumperbot_py_examples/lib/python3.10/site-packages:${PYTHONPATH} /usr/bin/python3 -W ignore:setup.py install is deprecated setup.py egg_info --egg-base ../../build/bumperbot_py_examples build --build-base /home/dhruv/bumperbot_ws/build/bumperbot_py_examples/build install --record /home/dhruv/bumperbot_ws/build/bumperbot_py_examples/install.log --single-version-externally-managed install_data
[1.244s] Level 1:colcon.colcon_core.environment:checking '/home/dhruv/bumperbot_ws/install/bumperbot_py_examples/lib'
[1.244s] Level 1:colcon.colcon_core.environment:checking '/home/dhruv/bumperbot_ws/install/bumperbot_py_examples/bin'
[1.244s] Level 1:colcon.colcon_core.environment:checking '/home/dhruv/bumperbot_ws/install/bumperbot_py_examples/lib/pkgconfig/bumperbot_py_examples.pc'
[1.244s] Level 1:colcon.colcon_core.environment:checking '/home/dhruv/bumperbot_ws/install/bumperbot_py_examples/lib/python3.10/site-packages'
[1.244s] Level 1:colcon.colcon_core.shell:create_environment_hook('bumperbot_py_examples', 'pythonpath')
[1.244s] INFO:colcon.colcon_core.shell:Creating environment hook '/home/dhruv/bumperbot_ws/install/bumperbot_py_examples/share/bumperbot_py_examples/hook/pythonpath.ps1'
[1.245s] INFO:colcon.colcon_core.shell:Creating environment descriptor '/home/dhruv/bumperbot_ws/install/bumperbot_py_examples/share/bumperbot_py_examples/hook/pythonpath.dsv'
[1.245s] INFO:colcon.colcon_core.shell:Creating environment hook '/home/dhruv/bumperbot_ws/install/bumperbot_py_examples/share/bumperbot_py_examples/hook/pythonpath.sh'
[1.246s] Level 1:colcon.colcon_core.environment:checking '/home/dhruv/bumperbot_ws/install/bumperbot_py_examples/bin'
[1.246s] Level 1:colcon.colcon_core.environment:create_environment_scripts_only(bumperbot_py_examples)
[1.246s] INFO:colcon.colcon_core.shell:Creating package script '/home/dhruv/bumperbot_ws/install/bumperbot_py_examples/share/bumperbot_py_examples/package.ps1'
[1.247s] INFO:colcon.colcon_core.shell:Creating package descriptor '/home/dhruv/bumperbot_ws/install/bumperbot_py_examples/share/bumperbot_py_examples/package.dsv'
[1.247s] INFO:colcon.colcon_core.shell:Creating package script '/home/dhruv/bumperbot_ws/install/bumperbot_py_examples/share/bumperbot_py_examples/package.sh'
[1.248s] INFO:colcon.colcon_core.shell:Creating package script '/home/dhruv/bumperbot_ws/install/bumperbot_py_examples/share/bumperbot_py_examples/package.bash'
[1.248s] INFO:colcon.colcon_core.shell:Creating package script '/home/dhruv/bumperbot_ws/install/bumperbot_py_examples/share/bumperbot_py_examples/package.zsh'
[1.248s] Level 1:colcon.colcon_core.environment:create_file_with_runtime_dependencies(/home/dhruv/bumperbot_ws/install/bumperbot_py_examples/share/colcon-core/packages/bumperbot_py_examples)
[1.248s] DEBUG:colcon.colcon_parallel_executor.executor.parallel:closing loop
[1.250s] DEBUG:colcon.colcon_parallel_executor.executor.parallel:loop closed
[1.250s] DEBUG:colcon.colcon_parallel_executor.executor.parallel:run_until_complete finished with '0'
[1.250s] DEBUG:colcon.colcon_core.event_reactor:joining thread
[1.254s] INFO:colcon.colcon_core.plugin_system:Skipping extension 'colcon_notification.desktop_notification.terminal_notifier': Not used on non-Darwin systems
[1.254s] INFO:colcon.colcon_core.plugin_system:Skipping extension 'colcon_notification.desktop_notification.win32': Not used on non-Windows systems
[1.254s] INFO:colcon.colcon_notification.desktop_notification:Sending desktop notification using 'notify2'
[1.263s] DEBUG:colcon.colcon_core.event_reactor:joined thread
[1.264s] INFO:colcon.colcon_core.shell:Creating prefix script '/home/dhruv/bumperbot_ws/install/local_setup.ps1'
[1.265s] INFO:colcon.colcon_core.shell:Creating prefix util module '/home/dhruv/bumperbot_ws/install/_local_setup_util_ps1.py'
[1.266s] INFO:colcon.colcon_core.shell:Creating prefix chain script '/home/dhruv/bumperbot_ws/install/setup.ps1'
[1.267s] INFO:colcon.colcon_core.shell:Creating prefix script '/home/dhruv/bumperbot_ws/install/local_setup.sh'
[1.268s] INFO:colcon.colcon_core.shell:Creating prefix util module '/home/dhruv/bumperbot_ws/install/_local_setup_util_sh.py'
[1.268s] INFO:colcon.colcon_core.shell:Creating prefix chain script '/home/dhruv/bumperbot_ws/install/setup.sh'
[1.269s] INFO:colcon.colcon_core.shell:Creating prefix script '/home/dhruv/bumperbot_ws/install/local_setup.bash'
[1.269s] INFO:colcon.colcon_core.shell:Creating prefix chain script '/home/dhruv/bumperbot_ws/install/setup.bash'
[1.270s] INFO:colcon.colcon_core.shell:Creating prefix script '/home/dhruv/bumperbot_ws/install/local_setup.zsh'
[1.270s] INFO:colcon.colcon_core.shell:Creating prefix chain script '/home/dhruv/bumperbot_ws/install/setup.zsh'
